147326
101947
94038.2
33450.1
49753.2
28644.5
25755.2
24227.6
42066.1
44762.8
27171.5
28508.3
38178.1
10118.2
18342.4
6685.07
47188.4
26652.6
27099
3318.32
53689.2
21794.8
11988.4
4176.06
40682.2
15610.4
15935.1
3399.14
12610.9
9709.17
7432.71
1296.35
40987.3
37779.6
38056.5
8998.99
33122.9
10479.8
17684
4687.79
23734.1
4575.02
7073.62
2650.36
18222.6
14244.1
2307.96
3996.88
25107.3
15822.8
2764.54
17482.2
8594.7
2547.38
1617.93
5402.73
16009.9
6026.92
17742.9
5115.72
6275.21
6948.36
7579.65
2699.18
38464.9
42993.8
28831.1
31217.8
39943.2
20066.1
12338.1
4685.09
24461.6
8129.94
7605.73
4895.37
2347.6
14517.6
8714.01
439.488
32371.9
18297.3
13606.7
6194.17
15602.7
5279.93
15983.5
8322.43
2984.49
7517.59
4665.89
590.78
6161.46
1817.2
12786.4
568.789
46844.7
4123.96
8198
10343.8
16989.4
10898
7758.8
733.953
8539.69
6848.31
5930.5
5142.18
6910.92
1938.71
3875.63
1200.83
14682.2
21145.5
11173
7583.67
1302.07
1342.51
10322.6
804.647
6419.21
3901.47
8444.12
1253.54
4126.76
1857.8
1458.17
131.224
88643.9
46977.5
47003.7
15898.4
20357.9
3286.05
30550.5
9059.55
28489.7
16245.8
16123.4
2019.45
5075.96
4389.23
5443.81
7288.15
19620.3
13617.3
21111
13100.6
16947
5544.12
9893.88
4877.04
11063.9
7718.4
27735.3
9663.81
28841.3
4125.78
4925.68
239.054
69952.9
5536.59
12214.5
15518.4
28756.6
5565.47
10407.7
5008.4
10399.3
10192.4
3428.55
3343.31
7168.27
1796.53
2479.64
2233.04
12135.9
3601.52
15916.4
122.503
2882.75
5637.43
2186.19
3366.62
6203.39
5757.6
3598.81
3639.87
3018.53
548.758
991.045
756.589
29237.6
26128.6
26655.2
12215.1
18849.7
18516.8
11177.8
3306.06
10294.2
8068.07
4774.58
3197.56
13556.8
3065.6
1070.49
1590.76
15219.6
11760.8
14933.7
4158.92
8969.11
2099.78
2320.37
980.335
8900.54
5875.9
1871.99
271.378
3388.1
3284.8
777.006
1331.3
12324.6
10178.6
4382.52
2939.74
1683.37
3578.22
4416.93
1403.81
9360.25
207.531
1775.24
502.917
5389.26
4581.95
1274.59
452.194
5098.94
5094.21
1028.58
977.344
5703.38
2062.46
2873.2
69.1699
192.124
1054.79
1133.14
5920.11
1862.67
0
1206.79
1439
50875.5
22629.3
25320.9
24575.2
28663.9
16716.9
5622.73
7392.5
35216.6
13758.7
8459.33
12967.6
22228.6
11049.4
7658.87
1394.04
46306.3
34207.7
7978.09
8210.23
22578.3
5162.95
12405.5
2932.03
22331.2
4902.27
11837.9
6900.69
7348.69
3723.46
3865.57
1179.6
27492.6
12320.1
29970.7
12653
12911.6
22220.3
11147.9
310.751
24465.3
8233.47
1929.39
2772.9
4143.91
9891.04
4202.53
2364.76
9637.06
7087.67
8535.19
5384.16
11783.7
10380.5
3812
351.088
1401.21
5268.84
4908.41
4933.79
1346.12
3207.05
718.85
84.8853
16123.3
22777.3
15391.5
6052.13
11766.6
9695.31
6060.62
2121.46
18098.8
14137.5
10380.2
8572.27
6917.55
3266.4
8118.79
2808.87
16264
4338.17
7709.17
468.471
6925.05
1904.03
2835.9
2795.28
5724.06
1942.61
6849.47
3627.53
1549.76
220.993
616.88
292.434
28964.6
8688.42
7989.7
3145.43
7335.52
4239.09
6160.86
558.725
10964
3507.62
2167.91
3628.83
714.83
0
3517.08
630.805
5603.02
71.1664
5451.45
1058.25
3702.43
1045.58
567.845
2179.9
2308.71
980.69
3031.29
1359.41
1098.82
1277.16
1786.68
0
19988.1
36594.7
21892.3
4283.54
13889.6
2645.86
6982.42
1025.37
10850.5
15284
3909.41
1983.61
8313.1
10329.4
6171.48
8994.97
12621.6
8103.57
9328.7
2373.25
9173.44
7747.03
2609.2
655.964
4663.19
6819.55
165.828
1992.48
2576.95
711.016
1659.2
1804.75
22858.6
10710.7
6391.32
2603.07
6165.7
4541.02
6883.41
2093.87
6877.4
8684.47
1282.37
508.747
11000.9
3078.39
6080.82
910.824
10789.4
1496.22
1530.32
2905.39
2309.8
4193.58
6741.68
0
382.955
1845.1
3391.31
3577.02
1897.46
2107.39
91.2654
1849.42
6367.73
13505.1
4635.02
4356.08
1324.76
4505.73
2850.03
1803.3
7445.71
11261.2
16144.8
1718.35
1612.41
1856.99
1381.9
1137.95
24140.8
7799.8
5773.68
4749.33
5529.48
139.829
2708.47
84.0401
4539.75
989.492
1826.43
1527.66
1222.44
4651.55
164.817
152.348
8769.11
9633.68
5142.76
732.247
1517.47
903.656
1729.22
3023.54
482.703
1070.08
708.042
627.831
9696.23
310.784
0
311.368
5677.35
3304.95
425.736
245.89
4025.49
0
1502.21
588.803
1898.15
663.774
337.901
183.869
0
288.557
148.558
1643.86
43963.9
29300.9
43355.3
18992.3
33238.1
8726.06
9816.21
12156.8
20260.7
18884.9
21475.4
13470.7
10058
16341.4
12672.8
4212.71
34246.6
12069.2
24686.1
2323.44
11360
4180.14
10559.3
6259.7
14177.1
1160.24
13453.6
4469.54
20827.8
2299.13
3855.64
5175.73
20818.9
13347.3
18548.8
13755.5
5290.9
1880.75
8543.78
5475.8
12224.5
4532.95
1464.51
2740.26
9287.25
8497.78
5907.5
182.531
15874.3
12462.6
11164
2681.85
2774.35
2664.89
5208.46
533.757
6846.13
1886.38
382.489
2735.72
6728.79
1490.51
2161.32
2010.43
25379.1
16911
11349
14524.4
13073.1
2558.32
5832.82
1601.65
8018.58
8356.87
12348.7
5647.6
2758.24
6650.3
4641.34
1660.81
11393.8
9736.85
15329.6
15661.1
9240.9
1140.2
7030.31
0
8812.39
5672.18
5111.18
2743.96
904.778
463.424
2343.27
581.837
18641
7933.7
10084
7080.89
17059.1
1704.84
5276.47
292.578
9310.92
3731.8
3569.64
0
3781.7
1752
2836.89
4120.94
7291.66
1551.94
6169.95
1679.82
1706.26
3207.11
10675.6
119.601
5224.53
9405.05
2061.16
910.681
4960.48
366.467
284.645
0
38568.1
25536.9
25579.4
14173.2
14780.5
3923.85
9217.42
4730.75
12774.5
7397.24
8363.95
2961.49
6370.77
2051.46
6562.31
3129.58
29170.5
7569.86
21744.7
1576.16
10219
994.361
1556.89
1034.32
4588.57
883.232
4540.18
1691.65
4536.12
843.133
885.715
840.766
21029.1
1744.04
14618.9
3882.62
8803.33
6561.06
5285.31
3115.15
9960.6
2100.33
4119.63
974.571
4700.98
1794.95
1418.26
289.228
8263.81
11209.8
4795.13
1626.9
5450.92
1882.24
2136.01
1004.29
2077.98
1542.06
5144.18
1975.04
559.711
168.764
636
4193.64
17210.2
15773.2
3903.88
3001.08
8106.13
6261.83
7803.86
5056.31
3902.11
2636.81
1737.53
56.3141
8525.86
2882.1
271.095
45.249
4989.52
4731.99
2543.9
705.886
3105.39
2891.53
747.917
4658.74
6357.25
1424.54
9268
624.806
628.167
2113.02
1355.31
120.988
5280.42
2601.54
469.405
1109.83
4865.57
536.636
1493.71
2323.99
7596.2
701.14
91.9889
866.897
3997.25
8332.58
410.023
2142.94
3169.5
3666.22
114.71
807.925
18308.7
854.782
6402.15
149.361
5642.98
3234.75
56.5321
0
153.792
299.605
204.828
0
18071.2
22263.3
9567.46
12169.9
17619
7979.67
15342.9
2422.52
24362.8
8657.24
10992.1
10521.3
7263.94
1662.46
2012.53
3304.48
15271.8
11752
16982.3
1581.46
14623.8
2285.75
14987.8
387.628
7220.16
710.142
6957.9
510.129
3999.43
2930.5
3740.36
1173.11
6970.44
7997.51
7904.73
4405.65
3655.34
4601.09
2075
7267.4
12482.7
5102.3
1169.25
9093.27
3410.07
2607.75
1545.49
986.844
11894.8
6102.82
847.995
3040.41
1867.22
2640.26
6569.71
492.581
4821.32
2278.16
1254.1
3604.84
3089.99
0
116.508
0
24266.2
10472
14774.8
937.631
982.966
5336.52
1497.43
1442.58
12689.9
826.202
16374.6
1415.79
292.738
2352.32
383.598
2948.9
12046.1
10875.1
2504.06
0
4365.17
773.956
1356.42
1378.62
2945.64
216.25
172.252
473.705
10075.7
2685.2
2703.21
0
7434.21
1781.68
5794.12
1266.54
6725.8
1111.25
260.678
2775.64
113.949
5055.07
2809.01
0
5100.78
323.918
2153.42
1044.07
6290.47
3281.23
1342.98
97.1773
974.842
610.091
985.738
187.483
1430.95
1024.45
2415.5
105.977
583.49
481.922
3413.63
172.131
12091.6
8518.57
5613.24
2230.84
7896.96
6654.73
2225.15
1129.84
14569.3
1135.54
1799.42
1429.46
5233.6
11582.4
2183.54
400.799
4549.64
2044.96
795.232
771.232
3681.81
3905.27
11061.7
860.928
634.122
141.856
717.069
770.677
558.359
2048.63
2068.52
1758.08
10992.5
2389.75
7753.55
6433.32
1894.96
93.1093
1137.22
4042.72
15253.7
989.962
4098.84
805.962
3129.53
405.517
710.994
1137.5
5568.51
3540.62
4259.89
261.21
229.55
842.34
6194.8
1609.29
1581.33
289.434
925.688
0
2458.35
1160.12
0
0
2651.3
1537.67
3413.98
0
15938.8
295.747
139.767
4296.99
3013.38
2410.67
4347.79
1412.74
623.708
1943.92
0
89.5293
9347.51
4993.54
974.726
732.794
0
509.219
0
0
2141.93
1256.7
117.137
1297.41
197.975
0
699.928
108.288
2752.64
193.919
5512.25
666.539
7078.66
2740.11
2403.54
1553.54
402.456
666.622
91.0081
0
982.092
0
692.15
0
713.671
233.264
361.796
0
0
0
551.752
0
3127.35
138.673
5944.02
285.719
2244.15
113.953
8046
0
70247.4
29579.3
35983.9
8935.01
36159.2
26851.3
26068.9
5197.23
33127.2
20180.3
26685.7
12703
4157.41
16447.6
17367.9
2629.09
36362.1
20480.3
13929.9
6047.53
26489.2
15281.1
7532.43
5438.59
12314.1
5741.3
2485.6
12171
3339.51
2703.55
2551.69
2611.79
19601
12482.5
11514.8
6878.96
16324.7
6071.02
11890.9
2472.45
23706
2981.36
5605.21
4610.39
4249.98
1992.61
7561.15
4557.12
18697.6
6981.77
17523.4
5863.92
12340
9077.52
2733.88
1823.74
5070.06
1648.77
7155.18
176.747
3248.3
921.663
429.053
0
16312.3
29006.8
18685.5
3471.13
16528.7
8843.05
5540.64
3677.83
10866.6
3024.73
11639.6
2390.89
4138.96
3551
948.748
473.691
14037.5
7869.28
19879.2
10443.1
8646.88
5684.44
2022.09
2935.9
11114.3
627.92
4862.12
0
4186.1
6951
2035.26
177.593
6055.17
9446.37
16576.2
3024.5
18823.5
4306.82
8256.42
949.477
12198
7079
7744.78
1199.52
2659.21
697.737
1865.35
460.113
3075.03
6370.29
7591.47
414.029
670.73
0
2894.57
340.503
4533.53
2367.55
1374.65
0
8120.67
6542.22
4119.31
348.372
31249.1
10990.6
21192.5
7387.33
15459.9
8272.85
11898.4
3111.4
17437.9
12897
6252.29
1517.28
8138.62
4862.45
6609.32
13475.4
39022.4
5987.25
11564.2
9770.63
9442.02
5912.65
6637.66
372.798
3458.61
4883.07
3863.85
2024.61
1669.84
174.249
2070.61
402.51
20922.5
2121.89
14125.7
4323.57
10629.4
1317.23
3736.18
1459.46
7044.08
2873.33
937.413
1643.16
3017.98
188.328
5812.91
0
8061.2
7212.12
2499.4
279.494
4605.02
255.672
814.615
2036.24
3334.61
1474.63
850.559
0
3196.27
5217.64
295.828
417.492
19907.1
7169.46
15827.2
1677
12729.8
2197.55
3228.64
3807.06
8163.57
4879.79
1069.49
303.623
2751.75
25.5301
2101.01
244.091
6104.78
8602.73
1668.99
1077.29
15290
1213.35
1398.38
0
1025.43
598.691
2405.9
105.62
850.803
1004.92
1808.68
0
12346.8
2033.41
9831.69
2704.21
522.436
3604.12
2366.68
592.158
8778.68
7256.25
1145.76
55.3624
3947.32
1252.34
1019.3
535.174
1523.69
2496.87
736.15
714.831
7323.51
72.5512
42.1584
0
2372.13
364.674
445.753
408.213
229.491
181.603
331.34
2482.99
34413.8
21699.3
3732.85
3114.03
20692.5
11758.8
11048
1139.51
7654.65
2997.65
3330.59
4760.88
13474.5
6852.88
2400.96
1509.46
16438.7
4991.9
7414.64
5573.93
8208.38
2173.06
4271.99
318.875
7880.77
13521.2
1460.53
1546.26
3534.87
1087.63
80.1996
2015.39
16468.8
7600.03
10147.5
5052.05
12249.5
4964.97
2213.75
5036.49
14877.3
1911.81
2408.55
4817.48
3346.71
4003.2
70.5383
1328.13
6903.64
1319.67
5555.07
5561.95
1204.94
790.687
4618.64
778.53
4356.94
9019.46
1948.63
0
338.21
3341.16
0
898.652
22636.4
7750.05
2449.37
4588.42
12587.5
11280
116.702
0
2629.14
1821.16
3513.91
2377.41
3556.93
2299.91
4887.2
2820.56
9382.42
812.554
2371.76
553.886
3793.65
1866.75
697.31
3598.98
5709.15
687.013
1943.77
4008.06
4926.02
2549.42
451.544
0
6245.89
11587.7
2474.28
61.8342
2261.8
3771.72
12704.2
1101.27
2013.45
182.875
4816.04
9273
0
69.1136
485.451
73.7749
4822.83
375.152
1764.21
558.829
3454.82
321.775
0
576.052
255.557
2124.19
2420.36
676.117
2533.77
0
1274.29
0
17221.7
3094.5
482.002
2409.81
4077.16
5008.25
2464.95
417.651
4226.43
2447.21
6040.43
2687.41
417.149
752.212
260.412
443.769
8534.05
5317.18
6718.67
687.101
3080.98
3492.93
824.491
1627.67
2118.84
0
1946.35
819.532
3838.73
1252.88
655.633
532.694
1791.48
164.381
2693.05
446.985
1121.02
260.251
1411.38
493.336
2820.5
593.035
3160.95
2298.4
1010.97
2529.4
422.727
0
3981.43
1120.65
2252.41
0
4339.76
0
228.638
353.738
1371.7
457.489
0
115.763
3058.38
0
2178.59
80.0142
6979.31
1637.23
9926.8
0
4914.15
10333.3
584.387
3468.03
849.253
2903.99
1215.53
626.434
660.63
704.602
214.096
91.9669
4551.16
3764.05
1092.79
0
3202.68
2863.35
1904.8
2810.33
1992.89
4589
140.864
79.0728
45.7973
0
0
4945.62
5916.56
503.164
1183.23
271.743
1281.8
62.9979
304.671
4024
8538.49
184.636
717.14
306.265
2480.03
4797.15
2681
0
4506.27
706.972
864.549
0
1801.34
227.365
0
0
0
933.208
120.944
4020.8
1206.13
331.487
0
221.545
36348.4
22783.8
15384.6
11957.1
10567.9
8722.89
2606.09
4451.19
8898.47
3446.46
7168.93
685.651
6838.64
8322.9
601.305
2061.48
16439.5
6080.49
10348.6
5400.67
1416.3
1525.36
2428.18
1159.19
11481.6
2760.23
1466.24
535.903
5736.15
1769.99
306.408
1834.79
16124.4
7497.69
9660.43
3681.75
588.405
3311.02
2367.05
106.497
6661.61
1597.82
5563.84
1070.48
837.442
1282.97
4219
10870.6
5316.42
3169.2
5611.84
2299.28
5012.35
1202.2
1836.81
6620.77
2226.42
4952.08
1604.13
1050.49
4594.24
0
162.608
115.748
24296.4
6596.25
5232.91
10498.5
6271.84
2526.24
4526.86
2552.02
7747.91
3781.5
3492.31
308.605
6322.93
3403.95
573.174
0
10305.1
7336.29
475.497
2030.35
7413.94
4120.97
6015.73
750.44
2700.2
2177.88
2682.82
149.451
319.652
73.5244
780.317
0
5162.31
1420.96
494.018
2839.54
2307.73
2202.35
1730.2
1888.75
6803.48
3754.21
3156.16
0
577.973
520.383
559.451
1349.76
3517.7
0
2693.16
2776.23
4781.57
327.603
49.3646
1564.55
1247.91
1388.59
195.239
146.352
0
4834.2
1016.16
383.035
6990.92
7678.36
8538.18
1324.88
10089.6
2728.21
5151.76
517.5
9309.47
370.935
420.781
697.863
6027.09
290.439
6593.24
74.2264
7257.85
3317.28
16490.5
992.491
348.447
78.8759
347.759
508.518
3588.13
1396.67
2401.01
108.332
1356.4
91.9995
111.088
185.45
12028.3
9999.53
1624.56
890.613
1082.14
489.44
443.638
0
3643.83
0
905.623
4135.76
337.752
1406.72
138.82
289.485
10184.8
6131.44
5512.51
0
3155.11
966.735
206.1
385.423
8567.04
12043
3946
491.626
381.795
127.826
0
556.698
17108.8
4918.9
11222.8
0
2623.1
3241.89
1824.59
2992.38
4133.11
767.612
1596.78
205.089
734.051
1059.75
0
125.328
7226.89
117.689
5708.63
1393.45
223.512
1042.71
0
0
1076.96
619.18
0
698.498
213.679
0
0
2250.15
2665.94
1021.68
1342.24
3422.28
584.128
1250.05
4024
509.267
996.213
691.488
86.2083
0
51.9221
122.154
382.434
743.721
1173.71
638.256
251.289
157.359
2067.45
0
0
0
5388.19
550.836
1508.21
0
907.547
538.324
78.9836
132.509
10297
4463.19
13281.6
1088.11
13411.7
1096.75
8346.75
0
3565.01
6503.78
2494.91
4165.87
3743.48
320.479
1805.37
2217.55
6809.92
6263.82
6929.07
1791.12
584.384
745.133
1597.98
0
686.604
418.557
689.391
1799.05
8656.72
4349.35
200.638
1901.89
6233.11
3605.48
13786.2
3174.07
7104.9
1157.94
454.822
2418.27
3525.12
341.241
310.386
759.559
3515.44
651.507
0
496.606
1746.9
6285.04
513.299
0
619.693
0
0
122.709
0
1302.13
0
820.606
1324.9
82.075
119.468
0
18698.2
2101.58
1942.12
1750.6
65.5308
12920.7
30.116
0
2233.27
112.681
674.186
0
280.841
56.9915
68.8858
7696.13
3526.08
4467.29
5272.95
2489.5
590.783
0
9918.96
0
2204.17
0
2451.03
1441.9
4172.58
360.022
0
103.698
2756.87
100.651
497.274
2809.47
611.643
1349.77
121.591
382.884
523.527
1604.38
149.61
0
0
0
99.8623
536.334
1410.44
7460.03
537.311
261.549
555.364
0
4024
4151.79
1581.18
1537.06
0
0
0
4620.25
77.614
663.004
17368.3
1783.14
4132.67
2703.24
8078.8
3354.86
1195.46
2292.26
6472.41
2512.77
2116.96
718.774
4279.97
1855.31
3444.62
5408.38
5846.3
515.621
2829.32
0
4772.12
186.994
1725.76
0
10817.1
329.275
127.078
0
700.217
0
91.0264
0
3274.45
4494.57
5079.79
3995.37
6717.81
5773.19
0
759.337
343.944
2576.51
0
2781.78
4047.31
836.467
0
0
7888.51
1250.74
0
85.7061
0
0
0
325.03
4768.86
27.3436
1075.52
0
477.896
0
0
96.1689
11049.7
0
3069.63
123.565
173.837
76.6146
376.743
773.223
0
650.183
2723.96
248.413
1866
402.054
0
0
3417.04
396.34
709.06
156.44
621.532
608.125
443.749
0
295.242
4132.9
42.6291
0
458.065
0
0
4275.68
1349.41
781.963
248.073
0
253.677
0
94.1355
0
0
1709
972.138
862.557
819.667
0
2109.17
0
666.995
0
1518.46
887.331
414.067
0
0
237.606
0
72.8399
0
0
0
1023.49
0
0
no error
Mem Used: 1174552576
Time(usec): 14091411
Total Time(usec): 18671142
