4618.11
1803.87
2181.4
693.704
2162.73
1057.33
1060.22
889.089
596.329
1738.12
1087.6
1343.2
2545.53
402.923
642.615
638.818
2087.82
2622.27
992.102
642.101
1313.86
1122.18
622.808
73.0578
451.913
272.769
269.638
829
1262.8
159.685
359.428
151.743
1306.72
1439.47
756.802
453.54
2186.34
543.966
689.525
2.09432
558.235
1418.87
296.675
487.749
311.734
237.102
231.173
494.321
1165.62
696.748
115.364
77.7628
170.614
306.039
93.6265
441.765
452.21
323.288
407.463
132.565
564.822
539.753
60.0227
0
1920.52
790.962
2671.09
194.98
1410.13
210.638
238.158
152.619
722.652
466.763
46.5921
878.501
642.829
326.36
191.564
61.1365
964.355
1009.87
677.552
190.657
613.484
245.752
213.817
251.392
493.929
343.105
786.539
65.7249
574.791
404.148
340.441
38.7461
835.796
815.953
475.631
555.56
1455.76
24.0653
455.94
210.76
1142.58
14.0605
410.21
40.1885
382.724
194.799
150.833
96.3977
1103.47
537.252
389.956
53.2263
63.0623
282.81
317.526
0
118.321
0
224.791
0
14.0879
171.64
500
21.1248
2694.1
1016.85
998.249
184.431
1091.15
310.175
770.632
248.154
213.626
600.228
231.444
505.595
594.057
709.64
153.778
173.945
764.916
985.622
794.702
137.549
161.12
163.774
286.64
0
270.388
64.0181
210.476
460.156
326.186
15.2069
169.644
115.07
1629.23
1484.49
232.642
128.082
1462.23
128.827
137.8
523.201
1076.96
39.9605
159.154
57.672
282.642
261.855
107.934
120.176
319.186
135.19
119.033
144.136
331.475
1089.65
148.035
18.1247
238.037
100.16
640.983
232.141
309.658
114.337
4.58832
0
834.818
118.629
956.69
119.081
876.63
73.6801
632.526
251.67
1315.19
280.056
115.694
0
388.987
187.387
112.156
41.7535
926.068
620.413
581.989
277.956
106.608
205.858
26.6738
73.5376
186.552
108.084
0
198.451
56.0588
90.9669
255.07
146.177
220.12
941.632
908.057
311.386
441.644
330.602
472.422
0
285.981
60.7459
195.304
67.1561
33.1833
65.2341
61.905
180.676
945.316
364.447
253.665
167.17
19.0552
122.707
0
0
26.0708
370.423
8.29877
13.2787
65.2483
0
0
18.6884
no error
Mem Used: 18368512
Time(usec): 235177
Total Time(usec): 4880983
