345937
225291
164412
80207.2
122859
82384.8
138006
27288
269208
120421
110273
39367.9
97571.4
22522.4
69420.6
19199.5
244920
23608.2
60878.4
77476.6
75772.6
33071.4
67290
24467
52315.3
71141.6
34216.9
16788.1
79742.7
43604.6
8153.06
9281.25
183719
94765.7
62469.4
42897.2
159962
52746.4
39523.5
19141.7
81731.5
30864
75282.3
42896.1
38956.2
41918.9
49802.2
10445.4
86991.3
85513.3
46009.8
13786.7
59196.1
31724.6
6911.11
1651.97
26954.5
24131.6
12599.9
21386.7
2940.44
13820.7
1108.61
3719.56
165993
129696
84581.3
40322.6
106863
56863.1
40536.1
41640.5
94279.7
29964.8
31632
10893.9
59994.5
17680.3
25355.1
11221.5
99465.2
43905.1
13691.6
15062.4
40703.2
7182.7
18091.5
589.849
90694.5
11899.1
12726
27234.5
14848.6
3015.53
14295.4
1803.33
113364
40194.3
33070.1
27467
38159
18989.9
21029.7
10011.5
40235.7
18443.6
22405.7
17072.6
11685.8
23072.2
7434.04
6857.09
31934.6
28091.2
22326.5
7965.58
24387.7
7771.75
11405.3
5115.01
15984
7306.43
14172.6
1813.06
17493.2
4087.73
12458.7
4781.42
304131
86906
143355
37126
110652
38282.1
53867.7
38389.1
68066.1
17381.4
61450.3
16246.4
66019.4
8314.67
22010.9
3568.74
67276.5
39294.1
32902.1
12171.7
62052.4
11712.7
20149.3
14416.2
29143.9
25359.4
22799.6
10545.7
16717.6
684.869
15003.1
12770.4
104535
30828.4
32370.3
11872.4
48350.5
26982
5888.61
30361.9
100257
31557.1
21223.6
13204.3
28306
25056.1
15560.1
6293.06
30145.4
19544.2
16867.6
1146.11
17740.3
5956.61
5130.82
627.123
19528.8
11771.9
7733.13
167.527
16576.5
1037.62
2451.23
342.385
124520
42966.3
68338
28318.2
27637.6
34239
10931.1
8950.3
29615.5
34921.7
8628.98
6457.66
29548.6
6449.86
5575.06
6753.64
69113
11148.3
31153.7
6933.59
17932.8
34674.9
7558.11
5444.96
34365.7
37159
27454.3
1338.37
8930.74
2141.24
7953.61
1171.97
42540.9
15810.6
15011
24453
8778.1
15075.1
6338.15
1827.66
36994.2
13779.8
14136.6
5590.78
13237
11122.5
4305.3
1139.76
12790
8721.2
7642.47
2942.94
12418
8092.04
4293.18
3853.22
15112.7
9743.43
5717.07
2061.25
12941.9
2399.61
1824.47
625.285
131138
90121
149941
42875.2
31590.7
49435.1
46529.9
26798.3
43404.6
65080.6
45482.4
25009
66354.7
27815.8
17418.4
22513
98323.3
66129.4
70411.1
33784.8
46679
15163.1
25466.4
21399.6
102673
7328.06
14939
5632.5
11428.3
1937.38
25927.8
10400.6
59922.2
33017.1
47714.4
45188.1
28393.3
30551.3
14975.2
7099.11
47877.7
38958.9
13746.2
1000.01
12795.4
7237.13
6827.54
3034.2
47275.5
40670.6
55460.5
4041.45
6629.33
5008.73
4634.08
2967.38
9871.09
21223.3
14208.7
2914.54
11792
6931.83
7709.8
5254.32
77064.2
76899.6
64892.4
40444
47802.8
23847.6
36550.2
8128.88
84556.5
46824.1
23599.3
13762.8
35319.6
2866.17
8845.88
5175.32
84967.2
24366.4
25845.9
15839.4
7544.97
3192.37
3694.07
823.666
24273.1
14688.2
7760.27
1082.39
5763.84
5227.66
3734
0
26626.4
22208.9
42733.9
4853.37
20819.9
2316.11
10601.5
8149.04
25056.3
13734.5
7950.62
2581.85
8626.75
5318.51
141.885
5210.58
20392.3
7326.37
12039.8
14469.6
13321.8
1222.83
14453
0
24484.9
3586.69
20603.4
5981.65
2822.46
0
4855.71
1105.77
108492
87270.5
54046.7
34969.1
21532.3
27636.7
19448.7
10159.8
40561.3
10513.4
35524
9108.79
21238.4
11767.5
11357.6
8103.25
50695.7
19328.8
7654.14
15024.6
22627.9
15082.4
5546.07
1466.35
23971.1
8223.29
7705.11
10629
10779.8
2901.73
475.206
4870.89
47981
20418.6
12249.2
30266.1
29867.2
100.777
15824.1
5304.5
18681.6
23181.1
10105.5
878.638
8605.25
975.67
3946.01
1617.12
10354.5
18838.4
17093.9
1652.42
13014.6
1199.95
4931.29
243.433
1771.93
3871.54
8927.62
3555.1
5462.5
4621.62
1877.5
2664.23
41835.1
10048.3
35736.9
16553.3
34050.2
6712.79
11596.5
13485.1
34592.3
2231.6
11126.9
6457.45
12299.1
1837.47
1490.33
771.242
8780.24
15184
4766.46
4019.91
7246.29
2455.01
1056.7
2811.43
3773.54
5750.71
195.9
4572.88
4058
3474.85
2283.13
2072.92
34292.5
4647.07
1642.21
16829.1
4032.38
3138.26
1934.28
5879.81
27204.8
399.667
14555.6
1282.23
2716.45
1194.37
0
1209.64
5059.44
7398.83
2601.23
5569.24
5301.01
3588.27
1926.5
1874.45
1843.12
1473.67
1110
96.3151
1069.8
2657.51
5686.93
281.156
222064
96972
63169.7
51174.9
117380
30843.9
31658
48947.3
107954
21924.6
60645.5
41563.1
22039.6
38518.1
22263
11203.1
93865.2
16554.2
25421.6
7435.55
49117.9
16939.8
27622.7
25444.9
44354.1
25596.9
20048.3
17114.4
27734.4
17152.7
16411.5
19844.2
60450.8
34277.6
69388.2
33581.9
63587
21178.4
18264.7
6914.43
39670.2
10422.5
30399.8
21275.1
13050.7
36870.9
6374.34
3355.52
90404.4
19227.8
23163.4
23480.2
18588.1
19585.1
11673.4
1650
12798.1
18654.5
14163.7
1418.38
11656.1
2092.95
4532.84
776.455
115627
76145.3
43724.4
18126.7
18491.8
30983.5
12980
2172.56
77578.4
27218.2
26283.8
12957.4
25186.9
13518.2
9907.62
1842.54
27034.5
28678.3
24740.1
23883.2
16876.5
7974.83
8373.39
6290.23
26303.2
11237.7
22240.4
270.4
9691
5807.68
1662.63
1590.04
59066.5
13756.3
29666.7
12327.6
23271.5
22272.9
904.41
6531
23049.5
6351.73
6554.46
2901.34
2029.01
3455.5
4244.62
2673.49
33016.1
27028
3936.25
5838.17
7237.55
6097.19
586.583
3212.78
615.415
1000.37
10694.6
1402.97
6732.21
0
6900.01
301.619
54226.8
52422.1
76320.9
15222.3
43271.2
8157.53
29637.9
4413.09
56910.4
19008.6
30127.4
17401.4
17502.3
27703.8
4590.11
3118.95
42451.4
48393.2
35791.9
20189.3
23986.4
14003
11040.9
7379.34
25813.3
3302.51
5845.76
15386.6
3790.79
1445.16
13354.2
11550.1
49804.6
6789.93
8382.26
15369.1
13191.9
10606
18592.2
1948.07
12589.7
9036.74
22896.4
14370.5
4815.88
4829.69
653.461
856.719
35804
10001.6
20471.5
2325.45
7768.19
10844.9
9488.18
3800.17
7688.84
7849.76
5164.91
10202.5
5178.62
0
2718.46
2196.4
51772.1
6015.08
8485.75
1051.65
8214.08
15182.2
6533.23
2286.77
8804.56
29402.5
8805.6
1620.6
14102.1
7530.67
3517.6
5624.21
38792.1
11107.7
14840.4
10882.9
23653.7
447.393
1685.71
5481.21
954.038
1636.75
6620.71
687.943
5577.58
699.297
13708.4
210.763
28699.6
5770.04
19205.3
6733.7
5951.96
1112.71
960.442
4047.98
7253.95
246.755
8478.09
864.973
4162.08
1834.9
484.249
4795.23
1805.11
1988.83
10225.5
0
1689.92
0
7495.87
13589.9
8563.92
276.091
3805.15
666.266
774.843
146.432
13940.4
1884.43
62420.8
40379.7
39748.3
27083.7
48165.1
15562.6
37176.2
25628.2
97310.9
13792.5
28197.3
5082.11
25227
3812.74
10321.4
6551.19
14435.1
10957.3
10980.9
5355.45
24824.6
7737
2517.78
8631.2
11654.9
2155.32
20027.2
956.908
839.459
291.582
1511.29
3346.53
42116.3
38755.9
13783.1
5060.8
18532.1
23893.8
23327
2346.16
24799.9
18653.5
18404.8
13105.7
11923.1
2146.49
1955.53
4198.59
18883.8
18564.9
12036.8
1377.14
28081.2
2244.18
482.174
102.473
5902.5
5935.26
10713.1
4000.13
6475.32
1760.64
0
1947.04
18216.2
20938.8
5020.42
4400.92
10221.4
5371.39
2821.77
16300.8
23534
37550.5
8489.94
5596.82
18003.7
3459.51
3162.82
10123.3
24870.2
19525.3
2610.45
4432.08
6833.3
1713.21
8870.25
7994
14862.2
10709.2
6098.79
1423.88
2012.91
6288.3
514.61
935.511
38869
3837.73
11732.3
6487.22
1102.72
632.913
13549.7
3798.88
15955.3
14436.6
6004.13
1209.24
7234.53
12484.7
0
210.828
8472.3
2924.45
3198.87
1197.98
1699.81
149.68
918.983
0
3829.17
10629.1
1427.7
0
783.581
4143.1
3874.5
243.783
44373.7
30779.7
22946
6757.35
32956.3
4803.74
5527.99
1257.54
33762.1
6121.6
3892.23
498.101
27993.5
14943.3
774.802
3633.26
44285.7
13448
4631.07
9377.65
8190.52
10244.9
15821.6
6258.01
7346.3
1506.83
9138.05
0
9509.06
6461.77
0
8682.45
22156.2
8854.14
20073.4
3815.33
1444.78
14545.9
7482.1
3872.41
7155.71
1192.36
8538.1
137.307
3583.71
0
8523.74
4134.37
15114
4045.58
8944.44
5684.08
2323.81
433.634
2288.84
556.565
7941.87
11168.3
160.369
4236.24
1040.03
2743.34
9954.94
119.577
22454.6
4448.37
4321.11
8434.68
14345.3
1348.89
5029.39
335.128
1101.12
9701.85
11395.1
3861.13
8625.69
891.567
2382.97
0
399.166
8150.29
11158.9
4217.05
6148.21
9666.21
2423.45
1818.55
2841.36
2309.73
6580.23
8699.96
2021.26
214.029
1121.11
0
5417.56
555.326
8823.79
11074
2272
2128.1
8442.48
2680.5
16095
722.737
903.236
4585.32
777.018
2143.66
674.706
0
14034.4
2342.99
398.344
1446.27
1150.39
5829.28
0
1267.71
248.512
4957.95
8821.9
0
575.032
0
2843.32
311.806
352919
144368
73891.9
64784.4
119205
47867.9
44220.3
52351.4
107182
5459.78
49954
16728.2
41106.1
22035.9
33722.2
6468.33
130236
89739
48957.8
20208.8
90830.1
11548.8
32613.1
4758.05
26915.1
13401.8
11317.1
8598.1
9716.02
3248.77
4442.13
2390.18
118309
58584.4
25791.8
15720
51310
28961.9
24735.9
6768.74
57146.4
20034.3
26548
15910.9
32989.9
18104.9
14799.7
4056.47
35324.7
27967.9
19305.8
8379.92
11636.1
27314.1
6329.63
5344.59
24441.5
10368.1
8994.24
1896.83
17518.3
10407.5
11063.4
5709.46
81888.1
48899.5
50714.8
36219.4
79541.9
31284
37798
6560.77
31590.7
32526.1
4949.94
5312.86
16155.8
4163.32
2031.77
6216.06
41925.8
40176.8
6637.24
5950.56
13920.7
16119.2
6193.23
10228.1
26362
7352.97
14748.7
5715.63
24834.1
8780.21
6810.3
4358.37
57199.3
21931.2
14373.5
34725.4
14872.3
27606
7804.9
14676.2
24708.8
11416.3
9602.85
2314.94
15371
21836.1
2760.88
181.924
21420.7
18109.4
7928.39
3965.88
12772.1
2078.3
559.06
7732.79
7849.28
14762.1
8897.51
6847.03
5389.07
481.438
0
0
56781.1
41701.6
61889
28120
30743.2
35246
10062
4001.84
27476.3
11807.5
16609.6
11254.1
26473.1
3822.13
23028.2
12114.4
21804
25367.6
16645.3
20324.6
21227.5
4646.74
11220.3
3237
27467.6
15747
30056.6
8884.35
12190.3
3503.6
6441.55
256.066
54183.4
27313
8403.79
6754.93
11449.8
18941.6
11688.7
11025.4
18666.4
23723.8
19964.3
5088.93
3408.96
5130.47
2999.56
3036.31
15938.1
24341.5
8294.37
10459.9
1386.88
2925.61
6567.45
7483.9
20014.6
2309.84
3159.28
815.252
10945.8
7451.49
2019.08
653.879
49987.9
17587.6
21716.2
12252
30232.3
538.459
2730.35
473.431
17253.9
10721.3
3254.62
1298.57
4348.68
11788.6
16722.5
2352.35
16372
13390.7
1382.13
16139.7
2967.7
1643.82
5160.41
2717.34
6245.48
571.807
176.573
3011.27
14382.2
1973.13
0
332.653
12690.5
16893.7
6454.66
8566.5
12489.6
4860.35
2410.03
2137.43
6860.74
8266.81
647.867
4657.83
2612.74
14803.9
1273.14
385.219
6364.95
5908.63
1304.06
192.6
7713.4
3665.7
223.316
2955.76
6748.94
1161.06
162.509
929.353
1659.99
333.129
3843.27
114.545
114531
68377.3
101775
12354.8
55458.9
18643.5
20628.9
9880
56670.7
37463.9
31865.3
14494.8
21084.9
7175.33
14581
1007.32
74056.3
44445.6
23213.7
17107.5
15263.2
12854.2
6057.16
8845.68
42675.1
7911.43
16982.1
2497.16
5724.39
1916.63
7460.89
1922.6
21608.4
21468.7
46165.1
8948.58
31580.5
1479.17
11610
403.808
32385.1
21810.8
1622.67
2648.76
4861.58
9081.18
8824.36
4216.49
87990.4
20600.7
9025.18
4811.55
14123.7
411.304
4751.45
5826.11
10895.7
1522.75
14121.9
5299.81
6894.78
555.258
1564.27
4295.04
68272.5
31807.3
778.992
30389.9
28733.7
15674.2
9537.24
21827.5
21114
9772.31
25428.1
2032.87
9925.92
12232.9
4623.59
3844.39
16511.1
7907.14
12318.8
18052.5
11196.3
3041.85
9492.55
729.524
18795.1
8062.09
17142.9
1777.72
21862.6
4879.44
3442.3
3570.13
26954.8
33603.2
2050.73
2984.85
21965.6
1557.53
11785.6
1789.84
17202.7
1593.48
1014.52
5672.72
418.505
3059.01
8770.51
592.676
8422.73
2629.4
8883.48
4966.76
1398.46
11397.7
5036.94
1548.78
2374.12
1206.68
0
10167.2
318.802
0
4187.59
901.262
21855.2
12706.5
25893.6
9931.63
23404.6
19195.5
4107.87
5866.11
24963.8
12333.5
27386.1
2160.68
4363.59
2267.47
4353.88
3848.96
14465.6
17688.5
19354.1
3745.86
18563.6
2957.55
2502.11
274.108
22419.1
584.03
5157.68
4296.78
3214.89
165.326
11188.5
201.749
21779.3
5638.09
12380.1
2368.63
3547.82
1271.5
2710.93
6423.6
17755.2
1765.32
6803.19
786.185
1723.97
5355.91
422.139
102.826
11533.8
5047.26
1516.32
2782.38
4310.31
674.193
1445.5
1290.1
11403
5883.27
883.885
0
138.268
846.067
0
0
8058
5188.33
13715.3
7925.52
20527.7
272.971
315.499
4339.4
9955.94
1393.24
5911.1
3436.78
7026.07
5146.78
446.254
5195.43
3438.17
5743.46
462.174
0
10907
5112.58
12604.2
13145.8
673.152
3868.65
0
0
1621.27
256.031
3189.62
2617.97
2116.62
7076.57
14057.9
1197.78
18148
217.518
5582.52
385.066
41775.7
647.114
2835.97
3242.73
2834.9
178.682
8575.52
0
1183.67
782.053
2318.35
343.92
0
0
131.717
0
0
7377.77
969.508
963.64
243.627
817.756
0
431.719
115340
53188.1
43855.5
28907
64063.3
36631.9
23455.3
37290.8
26404.7
37685.9
21236
3208.51
18501.7
19398.9
7595.3
17726
41593.1
43623
20076.9
9456.01
4690.53
36885.7
10981.2
537.938
8800.11
20546.1
16125.7
5991.03
1669.19
1171.33
1261.28
570.909
35674.8
10420.7
9516.83
6108.28
13742.8
17378.8
18475.1
4138.23
46343.2
5901.31
16404
7284.66
6735.47
8767.85
8816.54
2215.86
15598.5
11225.9
2200.64
2771.17
7033.05
2890.81
15377.1
6671.25
16900.8
1013
1000.33
2164.67
3444.09
4969.39
4466.34
112.839
37412.7
27586.7
30654.7
14317.5
6024.25
13388.6
8957.18
9507.45
18808.9
14003.1
18716.8
9143.58
9079.84
1551.54
2571.62
3389.16
19580.3
6623.17
2007.05
2372.43
47133.9
3600.21
4768.85
2059.86
40354.6
5445.1
3663.05
4774.82
4499.61
384.072
619.44
0
25945.4
13869.8
14157.9
8462.95
1622.76
2295.83
2133.02
13744.7
9505.67
7737.28
15008.6
3015.85
24777.1
2472.55
1077.23
0
793.624
11829.9
3509.06
7609.85
941.013
388.46
1601.25
146.515
3752.27
462.696
6932.54
10105.5
0
313.307
599.898
0
59693
19800.1
42175.1
10764.5
19301.8
6118.24
11477.4
1191.32
53785.4
13370.2
17784.1
5607.3
8999.29
238.461
9466.46
8176.81
14268
7419.22
13053.2
1478.12
1000.01
9889.34
1569.77
1062.06
9851.38
14888.9
1185.53
8338.62
5026.85
2726.22
394.455
9022.82
28324.8
10400.3
7935.88
13562.8
15957.1
1979.23
4657.47
2570.84
4005.58
911.239
16149.2
3851.07
10600.9
1509.6
3140.82
1953.45
8549.53
14416.9
10724
422.792
756.855
1058.2
8369.23
2004.42
8134.97
180.357
3166.82
9985.14
4083.39
0
399.512
0
21876.4
8203.37
6198.57
2736.67
12447.8
10598.1
12460.4
269.417
2325.9
15416.6
5352.8
4729
2466.24
0
251.845
3589.96
3651.37
3673.48
1466.11
2946.52
137.975
7683.86
1544.09
3734.24
25943.9
0
703.256
127.37
5445.74
262.24
497.422
0
12404.9
2418.09
6357.52
8021.09
226.327
3124.26
17704.7
9618.63
8922.53
3842.99
7065.33
1754.11
831.764
1183.73
0
277.899
37.4287
2206.04
231.488
83.8209
512.886
1383.14
5641.51
0
5922.64
2792.88
1174.51
1330.08
100.292
523.938
606.966
292.266
33108.1
32382.6
20260.1
9284.56
29576.2
14897.3
5046.7
9797.32
21032.1
6014.83
3342.48
4270.56
11644.7
15151.6
642.266
8174.73
34131.2
9130.17
1822.49
5450.09
10091.4
635.438
22152
219.677
11804.9
2943.7
18832.2
2522.73
17641
556.763
8158.47
654.921
7806.39
23664.9
11321.6
4413.83
13003.8
3639.36
5342.08
8965.92
13492.9
3673.87
3552.19
828.408
10636.1
10058.4
3169.97
2580.02
15093.2
34321.7
2511.94
943.448
8741
793.223
16218.4
144.841
1333.43
3087.16
0
2547.2
10495.7
116.171
0
178.748
12632.9
13816.8
5116.74
16079.8
5841.17
5239.73
15022.3
7966.33
13598.7
11550.7
6244.57
155.741
197.901
773.567
1426.08
1014.3
8395.24
454.597
7234.99
361.268
6836.13
3690.4
10390.7
1380.37
2773.46
5154.95
3110.53
0
2920.17
135.936
303.118
8122.17
12785.4
8683.16
11587.1
742.9
2825.43
3861.15
3623.41
1233.78
11192.4
1823.04
17457.1
7051.85
0
1262.03
2039.18
8420.91
5143.8
2697.13
2466.52
1468.4
631.546
5580.28
0
290.115
1192.96
828.166
7995.32
1536.77
7318.86
0
336.902
179.283
21742.7
15925.8
4502.95
5155.01
10586.4
5104.99
4243.64
2417.58
1710.65
2149.54
2739.45
2677.79
548.822
6898.2
793.375
500.898
764.557
2698.23
9325.55
268.339
3814.46
2441.92
811.573
205.673
3641.99
127.218
2157.95
434.867
0
388.846
1100.45
1238.29
16586.3
6127.37
6751.25
1171.45
2235.05
2548.79
2027.38
189.879
4526.14
3622.57
4762.04
826.504
2402.66
12186
3701.73
0
1770.16
2173.46
2307.55
0
217.957
0
126.866
2600.1
1869.26
2282.43
549.141
0
787.254
349.094
0
0
558.823
2500.9
4859.85
4340.99
3377.33
5456.87
646.156
2127.06
1547.78
1003.36
1459.32
1912.09
6010.6
1002.6
993.603
953.278
9008.7
5479.05
3295.24
0
0
1561.99
129.023
5665.47
1060.92
106.322
5501.08
0
481.991
0
398.294
0
3160.38
328.513
1071.39
164.407
1312.63
8218.11
0
0
135.893
8971.78
0
0
1041.83
0
139.069
123.57
4742.84
352.56
632.98
6100.87
147.491
8262.35
0
0
3704.99
188.962
0
2645.23
0
0
0
0
144380
129370
109414
68974.2
47362.8
44734.9
79004.4
23245.6
58768.2
41306
59956.3
22472.1
28913
26226.8
20867.1
16289.2
79257.3
11752.1
57278.1
7058.8
48679
11516.9
43733.9
22544.6
55408.8
53242.9
31717.3
22429.2
10276.6
20082.9
4648.77
1251.2
37414.3
27708.5
32656.4
44828.4
43095.1
40563
32410.9
541.672
39803.1
14942
32669.6
23414.2
28411.9
13602.7
13226.3
4331.57
48309.3
19964.1
30939.6
8997.09
25190.7
11989.7
4361.55
4778.12
7748.84
22699.7
22070.2
2781.07
9852.49
615.145
1481.78
7072.42
163196
35621.8
50443.4
31848
26871.7
40372.4
43636.1
3988.09
56983.9
22259.5
27807.1
1776.67
17430.3
12827.7
8901.94
371.464
49425.3
18002.7
31598.6
6859.54
14098.2
18452.1
1981.05
5634.84
7968.43
4832.24
213.175
3782.49
11744.4
2539.38
24070
204.656
43856.4
42306.6
30270.3
12038.5
13971
1112.09
4064.98
1855
22350.8
15065.1
11988.9
2262.46
1234.26
7578.47
8144.73
6504.49
17651.1
24406
10282.7
4856.86
12802.2
1632.78
13498.7
688.256
6220.39
867.612
6599.12
173.913
10636.2
3317.79
5854.74
9002.13
98993.9
88799
49703.6
12365.2
74936.7
15189.6
37005.9
6263.99
20701.7
50872.7
18892.6
8926.11
29867.2
8283.71
7227.45
1119.61
57184.3
17524
16206.5
4532.88
13781.6
2256.97
5160.47
2124.79
1933.34
2224.2
14368.1
6937.6
26021.6
14206.3
24775.9
2963.09
64105.3
10927.5
30591.6
5909.05
26752.6
3934.79
11007.7
824.401
38824.4
4294.32
5229.41
10736.6
9145.54
8070.2
678.365
2773.76
19946.7
12565.3
11228.7
1397.49
9035.43
5057.68
739.923
1466.61
27871.8
1057.83
790.593
140.689
1276.47
228.506
3997.59
4876.53
27089
29990.5
26331.6
5128.28
28768.2
16785.1
1147.08
1174.11
27538.4
13147.6
8514.46
4417.37
22594.3
574.755
2543.84
2455.89
22464.5
3275.1
1448.54
6599.3
17546.7
3310.12
5032.8
8154.55
6887.88
6362.01
22863.8
1917.91
11842.1
7434.81
2082.47
0
17277.6
19344.6
4580.99
8914.89
15157.9
1821.78
621.753
4472.05
4270.49
7934.19
6040.64
10125.5
3019.09
1691.19
1145.04
8314.38
4245.75
4507.35
3097.48
1819.62
3018.11
10751.7
4565.38
0
4760.9
4879.44
217.548
761.179
1000.41
0
679.742
3075.94
98523.5
53992.4
97262.6
14527.3
32964.2
11823
11966.4
4024.52
43551.7
17983.5
34348.2
5530.68
39557
6093.19
1398.93
12893.3
45123.7
3256.71
7751.21
12315.4
18551.8
10890.5
25739.2
1239.63
31650.4
6685.44
23095
7662.36
2985.94
25469.8
10201.5
5400.42
35096.3
26142.7
21129.9
3933.42
4465.77
12314.3
8733.38
2606.16
9473.94
4421.14
15127.4
527.994
6391.1
22554.6
10649.6
3715.48
14629.5
5536.35
16125.4
5607.83
8468.25
391.294
1925.76
1019.77
23334.5
5292.09
5451.92
2335.16
2105.86
206.392
224.935
401.073
31751.2
16532.9
12682.1
25521.2
33331.4
6009.07
6763.29
5497.39
8145.46
9596.57
16001.9
26176.7
19802.4
906.469
15525.8
613.73
19782.4
2880.81
22213.1
1390.04
13309.1
3119.87
8061.82
1298.61
22686
4094.03
10250.2
391.644
15312.1
131.178
1210.42
669.221
18843.8
5910.69
12650.1
6478.26
21310.5
5060.64
7022.53
575.596
5467.8
6983.19
0
7626.96
13188.6
0
7303.63
1601.3
3842.8
6945.48
6981.48
154.635
853.272
2017.25
4082.08
1368.48
3744.16
1403.87
9362.1
8242.73
1523.14
0
3708.57
866.624
45879.9
47119.1
18941.9
6982.5
38720
17754.4
6410.74
0
9060.88
6463.53
7915.82
34336.1
35610.6
294.271
6660.2
1416.53
18339
23239.6
23952.7
3124.91
11544.7
4926.68
7984.03
293.29
26859.8
7065.17
4092.05
0
6299.81
2058.89
2194.06
7543.62
20514.3
18584.5
9983.84
0
12726.1
4845.61
1984.13
301.055
23190.8
13428.1
6712.85
9172.14
15691.6
1159.24
15531.2
349.434
40540.1
8465.47
14665.9
1609.45
27823.5
868.032
6385.44
4655.74
4983.05
111.928
6184.66
1972.95
9946.13
2571.66
654.876
183.203
22888.7
7662.15
13130.8
1493.17
1280.73
7588.36
540.692
4715.85
9218.48
1865.3
1198.12
142.084
3547.36
0
4767.25
2335.62
20402.4
3875.96
5636.75
841.44
12847
3342.89
550.791
0
10407.2
4059.42
7619.72
67.887
6907.5
1249.64
0
635.812
9147.17
4301.28
12826.4
587.195
33622.1
1828
630.352
1261.13
2410.21
3034.11
1482.62
1643.91
3921.33
0
651.614
491.552
6648.34
8606.26
711.478
2253.72
4806.95
1662.14
16199.3
0
1769.72
24105.4
166.427
0
5776.22
0
1054.76
104.579
76882.2
51723.8
57941.5
25242.2
57375
4194.03
8653.93
8618.95
17514.6
39606.2
10833.6
6695.83
14389.7
3603
23878.8
4438.27
36344.7
36819.1
19956.4
8417
31686.6
7990.31
8353.89
1994.67
17465.4
20120.4
8461.8
27806.2
8947.88
1430.01
1096.28
279.791
19631.5
31061.7
33145.9
11698.8
18748
16738.6
8586.91
2589.3
29332.3
19462.5
7250.85
4860.95
14771.6
1926.88
4083.26
3801.94
7862.64
11629.8
16649.4
9468.3
12194.2
5682.82
2531.12
2514.24
4885.67
8445.93
2467.59
1310.83
173.252
1973.51
2708.03
1324.97
83352.4
8660.1
25571
4388.02
35110.4
4955.06
8243.81
10239.5
26109.2
17198.3
3532.5
4941.5
7613.9
717.976
489.224
101.492
5881.64
10518.2
8275.12
12072.5
8932.48
12699.9
5384.34
3271.23
3669.93
0
1669.92
1393.29
23387.6
5399.03
352.467
2784.21
47282.7
7908.79
11489.3
409.344
24018.1
5938.8
4235.76
9754.47
4613.06
0
4423.97
3989.52
575.841
1255.91
2104
1518.37
5975.17
4414.57
9579.48
4498.17
9578.65
5529.35
2837.55
1804.48
10576.2
12790.8
0
522.046
3452.01
281.866
6391.54
0
48754.4
15288.2
20674.8
33435.6
19925.9
14594.6
19096.8
653.999
24337.7
30541
21442.9
247.592
32317.6
7411.45
13431.9
4383.91
17154.6
19540
25173.6
5194.85
8554.48
4624.16
1284.22
1282.85
18118
493.376
3367.86
1130.93
11002.9
10729.6
3855.77
0
15120.7
10950.1
17692.1
1752.96
10862.8
1671.08
4432.54
799.014
6382.12
11136.2
0
1438.81
0
878.394
161.325
0
13341.8
2487.69
9753.3
0
6764.13
605.858
516.418
6031.05
0
4192.77
210.095
0
0
2932.45
0
0
12438.8
25052
17116.3
1892.91
13754.9
677.528
7272.06
574.302
22485.7
1750.65
4948.43
6219.85
2323.21
380.945
0
1035.93
5406.58
751.695
2973.41
4881.05
2223
6472.13
6331.63
2694.55
15294.3
740.412
9325.8
0
86.3899
346.575
174.678
493.079
33561.5
7214.92
1095.39
6790.78
3173.18
5849.75
9819.7
843.669
1958.49
1321.5
8506.35
4651.89
5063.27
1109.64
4674.06
945.93
5765.6
20446.3
7166.37
726.519
13719.1
1294.56
974.48
930.303
2796.49
687.558
1677.51
0
0
0
447.273
0
70013.6
29455.2
24743.8
25616.5
25836.9
10303.1
9171.31
861.921
43858.3
3070.51
18696.8
0
9968.84
103.123
5816.84
1139.02
36796.9
19797.5
17332.5
12543.6
13878.3
10353.6
665.788
2923.02
11653.1
2502.94
10718.3
6762.5
16129.6
4283.45
3945.65
1318.56
24057.7
7122.58
29286.9
14872.7
23877.5
4956.07
356.885
2338.16
12813.3
3022.06
2299.46
1219.89
704.081
1791.19
1120.75
8306.95
6690.28
3954
4202.9
4510.18
3218.91
249.874
123.563
1577.75
3491.78
1260.28
1367.59
208.755
325.943
1064.66
0
0
15284.7
23592.3
15740.3
537.27
6794.38
6139.27
9277.42
1866.08
21893.7
686.044
4194.87
4060.42
6715.71
0
1451.09
1343.87
8046.9
8353.82
5229.78
1590.47
694.101
0
387.241
241.585
4732.8
160.081
547.488
0
176.34
0
0
342.99
6683.51
3451.42
5912.32
755.904
2509.41
146.848
6442.64
0
2268.42
1234.2
2031.58
0
20829.2
0
0
0
7130.01
12266.9
1651.85
0
2770.7
0
7994
1410.5
592.325
0
177.04
7994
352.919
364.23
0
1836.39
19093.5
27651.5
9953.9
9633.07
21828.7
10223.2
2598.69
6108.92
15592.3
0
9939.36
3380.48
7808.45
6390
8293.23
605.631
2982.96
6162.91
1308.75
0
7058.8
3117.84
4063.66
0
14578.1
9792.13
16086.3
402.164
2347.26
0
0
103.777
15923.2
1991.86
3261.57
694.409
7112.77
437.883
972.19
139.338
6238.01
8549.96
3571.51
2749.32
120.688
798.536
669.381
501.861
5302.35
9235.53
8285.86
300.583
2220
191.039
3540.84
0
653.13
95.4674
284.223
267.257
0
4068.25
738.681
0
5740.29
4219.9
932.598
5514.7
13512.1
2845.44
0
464.36
4097.02
12576.7
81.6885
1869.54
0
1590.78
1994.56
0
9023.76
3354.68
0
849.159
6438.46
177.848
994.468
297.489
727.175
0
0
0
571.158
116.92
280.918
0
5177.28
0
1034.16
4613.96
1674.37
938.945
368.237
3599.74
1770.67
1165.26
0
0
682.315
152.07
1820.49
790.81
2099.17
133.113
4319.82
1086.42
1792.22
0
0
261.141
409.89
0
0
97.6078
0
0
296.178
0
114724
43003
69764.1
23467.5
54096.5
15187.8
41123.2
8611.22
44592.9
48596.4
19829.5
6778
13376
2667.97
3958.15
8805.99
46431
32924.6
19775.3
1012.42
24592.3
1751.06
4238.17
2172.03
19148.7
4937.59
12172.2
1362.9
6053.46
1455.92
4390.03
3695.6
44954.6
39704
3571.74
20650.5
28628.9
19768.7
7751.38
2549.42
19590.9
16579.2
6513.88
9082.47
26426.9
6449.58
21315.6
4729.37
43514.2
5634.08
1692.47
7682.85
25750.7
3713.07
472.547
0
8578.29
9822.47
3414.95
0
1899.01
134.998
469.658
9883.59
12504.3
16600.2
6048.46
12096.5
18005.3
18289.1
7376.56
6928.99
17505.8
25845.2
17172.8
12516.2
9294.89
6832.22
4971.15
3297.92
8445.66
5275.62
13168.3
499.681
6684.93
1243.38
5050.56
0
8556.33
8345.89
2445.75
1150.61
9898.58
933.084
1045.06
196.71
25047.7
2355.32
13590
767.731
5774.78
20516.1
6971.08
124.249
8247.89
3172.4
5254.58
1605.82
15301
1600.9
0
8062.87
13069
403.107
1147.23
379.24
8423.14
389.537
10156.3
156.624
15912.7
1077.51
2022.28
0
3296.46
1555.66
0
3269.11
62934.2
35637.1
7446.33
2915.5
16954.8
104.751
19206.5
7307.59
54663.8
10622.5
13736.1
21872.4
19223.6
6810.95
0
2456.64
30148.4
9213.72
2721.8
12477.7
8383.69
16747.4
6228.99
159.387
16128.3
7393.17
18766.1
217.528
4387.84
484.793
0
1726.65
23517.7
18788.4
10017.4
15074.3
7193.33
3319.92
9753.37
11941.1
6952.34
7316.63
1599.74
2918.9
4910.04
2722.59
6303.85
323.947
12781.9
3497.77
1373.72
5398.74
790.114
5324.19
118.036
1115.88
427.269
1510.88
2366.97
5016.38
3150.58
0
949.116
2148.41
26766.7
3912.33
8221.87
12480.6
3680.69
3082.73
9743.23
1841.25
6008.31
2317.62
406.268
2087.89
1073.09
8372
1559.9
1610.91
29790.3
375.554
3214.94
5892.96
3750.08
8263.2
4385.39
0
10452.8
3523.98
943.287
0
1796.43
274.561
847.018
404.331
2101.32
1840.37
7909.92
2845.17
3203.86
475.794
4353.96
4690.9
6939.17
721.089
2219.36
4092.85
186.058
276.564
2983.65
13223.8
8727.08
1280.63
258.996
219.993
25811.2
0
8961.7
170.484
3822.33
1659.02
8845.03
0
2130.87
3394.03
0
1080.54
71226.6
10567.8
8362.72
11156
18765.9
3891.38
3937.4
221.621
21710.2
7903.55
4796.5
206.111
29985.5
7567.61
1558.37
7534.9
31069.9
21004.5
7524.94
1308.62
3266.57
17466.1
10455.9
2946.8
24794.6
538.317
17481.6
3825.75
1770.79
869.835
720.741
171.385
42892
9156.05
8626.45
8474.1
6754.16
8861.28
293.848
2275.57
12624.8
2481.06
4647.83
1251.54
6132.3
577.424
3976.03
341.925
7969.66
4445.08
3316.95
1322.83
13549.8
419.671
1701.29
1730.94
1799.47
7485.14
1984.73
154.811
148.348
1249.04
209.632
214.302
25290.9
7763.71
6106.66
18977.1
7066.07
1453.48
2185.14
2225.25
4534.38
18898.3
18784.2
4286.66
8796.04
988.627
2692.34
443.426
23967.4
2253.47
3562.53
2986.24
1694.49
1124.45
2939.86
739.504
148.395
0
1183.97
1060.45
896.728
10673.5
537.668
152.673
20529.5
350.989
13971.7
4100.38
337.327
4136.58
4145.59
6979.78
4502.5
8291.08
0
343.809
3801.96
742.308
702.854
64.4548
17712.9
6951.26
7182.07
11448
5376.87
738.361
1244.51
945.811
7029.65
0
6118.4
0
0
0
1048.2
1311.29
5545.67
3297.06
10740.4
898.385
38365.8
10108
17768.4
9275.63
36355.1
1592.27
4039.6
6483.24
980.061
1391.11
1146.57
8361.16
19328.6
2570.01
5509.96
3070.79
9495.65
1696.36
1692.28
0
2538.3
1597.08
8049.95
2228.38
4925.38
9497.5
433.581
0
20387.1
183.019
3722.98
805.239
9667.5
1678.26
9767.39
0
5354.37
1432.03
1876.6
5568.98
4011.63
0
0
1232.9
2695.22
2024.96
3111.86
4057.72
0
0
2975.31
0
470.482
551.027
888.78
466.149
0
904.496
12493.6
167.417
9481.61
4433.34
2806.89
2204.35
2668.73
3563.37
180.012
107.474
1617.44
6786.4
182.365
221.165
126.602
0
732.267
0
11167.5
809.364
1736.67
2057.85
501.472
1276.23
344.587
757.765
3591.38
2205.99
2892.72
501.939
0
1994.18
1835.55
848.984
9733.55
4141.39
2483.8
0
0
7282.6
534.399
0
9879.61
1982.82
465.081
0
560.41
0
0
3318.14
5579.23
0
4476.81
348.304
1952.07
865.309
211.686
0
7994
0
700.849
147.108
0
95.5676
8784.14
0
87240.3
12853.9
14802
6302.1
7628.69
7410.83
8442.6
798.404
6814.81
1334.37
6059.57
6700.34
7002.37
1394.91
1180.64
6510.68
23721
14371.2
13833.1
10124.6
5800.03
559.473
7092.72
507.845
2001.68
10152.3
4138
2847.19
3222.82
495.664
2744.49
5324.67
12377.5
13281.3
17215.9
926.205
6319.09
12762.7
106.328
555.564
5466.48
2028.1
6110.32
7948.84
9122.47
1396.41
1650.83
0
6541.73
14797
3340.53
2437.89
15984
2908.1
1798.91
11988.8
389.952
144.504
3348.4
199.507
3804.45
104.548
738.391
2404.07
17366.9
13481.7
18404.7
30782.8
2109.63
6853.94
9640.23
1507.84
25838.5
6259.86
3002.53
3208.02
4860.56
0
8494.7
123.673
3615.07
2792.85
6259.35
3271.96
1577.64
8022.68
1130.61
1410.55
7748.83
348.838
0
0
0
2202.75
174.208
410.144
14067.4
12096.2
14320.3
4087.36
12543.8
1062.78
0
0
13914
1667.11
6158.83
1431.59
0
328.588
55.2763
0
170.432
816.962
8205.05
494.693
1997.32
0
173.673
8351.99
0
784.572
815.494
0
0
0
9133.55
0
29807
14063.9
12974.9
11835.5
2705.66
8531.21
12931.5
393.163
21814.9
109.865
18029
15111.7
9504.39
0
682.486
7994
5961.73
6218.9
9538.09
1499.79
2072.85
1031.11
4784.41
2096.72
10218.1
118.623
174.432
0
3750.23
0
0
663.023
7097.11
11248.2
3874.7
1506.9
14599
1316.48
1013.89
0
3246.04
2677.55
0
0
6567.08
13050.2
138.613
0
1147.44
2200.98
7994
0
0
380.896
1218.38
0
1031.65
4189.47
0
0
5565.78
5192.4
0
0
3950.13
16103.4
13649.3
0
13149.4
7344.25
165.443
1070.07
13693.8
2100.83
520.42
3092.39
3144.01
0
0
0
13138.8
3176.62
1079.83
7994
539.59
1014.96
314.258
0
1330.18
0
0
2685.87
249.087
268.049
1604.33
0
208.572
133.165
5401.08
1303
1131.11
0
0
404.694
1666.6
907.933
354.262
431.751
911.885
2350.51
1372.05
0
578.898
1081.02
285.627
0
1952.15
155.287
0
116.552
11744.1
0
190.594
0
536.656
0
0
0
33196.5
25373.4
6013.85
875.6
4834.71
10348.4
4388.77
0
18471.5
3998.25
2811.91
3594.91
10262.2
14557.3
4883.33
6038.83
2646.87
4939.34
22690.7
8195.25
1780.28
976.46
2110.34
112.597
2088.25
2664.04
2722.56
200.198
6128.36
3511.24
3144.77
0
11033.5
23681.5
8628
2041.69
6297.02
6579.77
3386.04
367.745
4611.41
13156.6
3580.23
358.62
2985.29
4854.06
150.765
414.895
6262.38
5272.49
729.031
403.02
1561.32
4340.19
1271.81
1102.72
2550.03
10768.9
847.554
143.605
725.103
135.926
0
0
5365.8
1264.33
4772.77
3262.51
6876.04
3513.63
6464.37
784.858
3593.85
2558.03
1503.46
2279.49
0
0
3499.54
1163.35
5901.31
0
924.438
2152.79
1082.69
0
497.167
7994
13401.8
768.369
1701.45
535.049
1305.63
0
0
0
15378.8
2269.87
488.669
1824.37
2427.74
0
476.596
0
6042.05
0
214.093
222.278
168.848
0
0
587.105
1566.46
8909.84
0
0
530.449
0
0
0
157.205
2087.94
744.753
470.551
1741.03
188.425
1071.31
0
13558.6
4447.27
800.51
455.222
10025.4
2540.09
2664.37
5320.32
1098.12
5017.28
2579.28
0
1094.23
970.008
10260.5
0
6857.25
116.516
243.711
227.447
5256.25
2728.23
8899.47
0
2977.68
142.672
1006.44
0
0
0
0
0
12221.8
0
3203.18
0
250.624
89.3572
1605.85
1662.25
98.1127
0
2937.62
0
0
327.874
0
0
7406.26
0
258.272
0
0
790.782
0
710.766
1631.6
617.727
0
0
124.477
0
167.683
0
8744.94
1522.9
2777.82
198.354
2217.76
0
234.967
0
5652.88
1345.34
0
0
3233.24
0
244.21
0
2838.14
0
16259.4
0
0
1025.65
1375.28
7994
20807
0
1696.76
267.034
266.928
0
0
7060.53
1886.44
2966.33
687.511
178.641
10829.8
0
0
3840.48
2138.19
165.906
0
262.238
3281.11
0
494.882
0
378.461
4422.45
2675.39
0
765.913
87.2072
1143.81
0
0
504.263
164.419
0
0
932.836
0
0
no error
Mem Used: 4697915392
Time(usec): 58778463
Total Time(usec): 63351660
