9285.85
6537.28
9754.31
3859.35
4201.31
5850.72
4791.55
2249.5
9907.9
5159.38
2521.58
1863.25
6206.45
2914.6
2611.05
134.189
6214.15
2278.81
6784.82
1622.29
3500.03
3541.56
1956.7
1909.36
1409.96
2522.87
1160.18
2608.95
2035.34
498.363
1188.61
1421.45
4332.64
4483.91
5248.92
588.438
2077.36
3627.93
1507.68
1845.34
3582.73
4715.96
2372.43
730.706
2483.32
1545.23
1171.98
512.091
3510.86
519.26
1869.79
770.849
1808.99
1762.1
235.98
2366.46
1058.93
1492.03
525.002
542.05
1059.83
440.76
374.472
536.473
5749.8
3463.02
3269.46
619.304
3881.95
3220.45
1156.68
477.54
5070.83
1573.64
1483.3
1287.33
1414.36
692.715
964.449
147.063
4016.54
2249.74
3642.48
2112.85
858.117
171.352
1853.79
1273.01
513.431
593.701
334.205
293.484
106.442
60.114
296.992
1387.46
1587.06
1204.64
1628.02
1302.79
3636.84
1444.1
2266.72
385.956
2596.08
913.407
2078.76
924.145
551.661
485.818
578.188
308.133
2298.57
54.7383
812.664
436.349
1256.38
98.2115
1024.96
379.233
642.784
161.765
391.881
70.2235
692.721
62.5865
81.1673
639.695
5977.35
2300.01
3690.61
972.317
3379.44
1273
477.793
937.796
6319.18
406.941
1467.89
1306.67
929.776
2303.02
1383.68
1008.78
1084.07
977.224
769.955
934.023
2554.43
1101.28
2732.66
1152.11
1923.21
23.2843
1999.12
1605.6
237.364
674.005
103.807
0
2950.6
3272.51
1679.91
191.58
1903.04
626.239
1121.58
512.636
98.92
902.844
284.23
81.0525
432.219
15.5192
257.931
78.8535
2034.61
283.157
510.845
560.423
968.917
648.875
195.365
310.746
785.633
584.521
462.628
503.775
787.955
727.579
285.447
0
2584.5
2174.65
1681.78
1459.1
1217.62
551.564
2447.14
385.225
1377.45
1203.27
1290.32
430.401
983.911
1920.8
97.8985
144.813
5508.78
538.777
1165.5
100.919
779.148
547.306
626.736
343.786
1086.54
137.512
152.488
6.50109
163.025
847.989
74.3014
819.653
2178.38
1847.6
1490.18
260.254
1514.55
708.332
419.171
71.3581
1514.52
0
321.162
187.19
593.51
553.546
1069.29
311.72
1136.57
16.145
119.062
35.0973
38.7593
64.0033
211.662
0
358.068
157.891
20.1541
0
107.95
0
0
0
5671.78
2979.32
4698
2760.14
3868.84
3742.93
625.12
220.285
2378.3
506.129
1652.98
0
1403.45
653.75
1222.66
1689.03
2526.46
995.077
3936.18
1570.21
1082.44
481.683
1580.45
133.537
3550.02
598.172
384.878
22.5141
553.535
720.47
343.874
316.672
3622.94
4297.44
1311.68
664.989
1468.26
1968.72
981.129
91.7429
2132.71
166.643
1783.47
803.744
619.394
188.021
129.385
116.013
1453.95
2975.41
223.269
197.682
551.287
163.004
763.886
0
1684.24
346.837
284.05
0
577.512
0
267.137
1100.15
1760.5
1289.43
940.741
449.339
848.344
48.5295
2230.98
139.464
733.438
243.408
1024.12
37.6743
2449.21
135.963
146.968
22.0155
2017.69
2569.17
658.269
354.92
547.101
213.642
304.726
0
313.48
1174.04
1048.79
136.136
858.621
110.087
206.613
13.2463
1961.13
419.616
271.75
389.462
1660.16
777.711
889.851
1157.38
1131.24
241.976
11.4054
0
831.344
1154.65
231.664
1896.58
193.839
402.733
2009.44
55.0703
271.126
260.945
324.601
249.84
10.2462
124.134
287.986
0
0
0
0
0
3308.87
2893.58
2293.53
95.9918
1904.53
695.768
353.72
375.549
2127.3
433.889
658.085
429.409
529.422
18.4672
1693.51
830.814
1650.11
1397.43
106.782
488.917
532.627
736.983
1281.32
0
1458.16
334.525
904.226
225.104
246.125
549.851
228.561
222.576
2323.62
1655.44
188.325
377.357
414.594
36.2818
1054.05
92.1907
515.252
330.385
597.874
143.716
1502.35
96.8413
428.118
290.548
831.842
80.0623
592.525
80.7265
10.8783
102.043
0
127.807
79.164
442.239
675.569
52.3098
96.2672
185.724
545.408
0
1074.81
281.721
157.653
406.93
941.71
1098.55
1675.12
0
2554.45
359.856
1332.17
0
516.057
109.746
58.4974
0
1239.26
687.096
223.544
23.8163
227.382
1037.93
2026.45
118.148
253.557
113.501
0
15.1034
562.889
213.278
0
38.6777
874.211
1282.51
243.199
62.067
1258.22
267.877
128.033
0
728.374
1684.29
91.4426
242.968
24.7041
14.9872
164.507
0
544.998
40.0231
61.2106
49.4859
605.9
142.021
36.9594
0
71.2656
179.419
282.793
33.7819
173.83
0
208.519
79.0637
no error
Mem Used: 73437184
Time(usec): 877849
Total Time(usec): 5552138
