33280.9
29928.5
17018.4
8206.23
11614.3
7438.83
8968.82
9580.59
15885.3
7877.09
8963.53
5573.17
12622.6
5286.33
8848.34
3060.08
25713.7
13478.9
6618.87
1390.16
10985.3
8249.18
3446.7
2910.75
3867.68
3809.36
6430.64
3605.68
3737.02
4639.9
1328.75
1276.15
20730.3
17321.8
6751.08
4697.93
12691
12138.2
7200.46
346.684
13152.9
9631.9
7373.42
4453.99
4479.23
5964.71
2619.56
4023.76
7013.77
5069.12
7798.1
3790.49
5627.95
3227
220.556
2082.69
3391.8
2221.15
5790.77
1907.69
171.196
323.1
2119.32
940.935
28309.5
13694.3
7577.51
12540.9
10439.2
3154.28
5383.06
141.438
9028.27
5888.19
2659.66
2831.32
7873.14
3368.4
2524.36
4190.08
17053.3
10920.5
3101.31
4121.69
3852.59
2482.41
1071.12
752.6
1604.14
2820.46
2770.05
1527.24
2353.05
3844.43
2232.75
478.854
9428.11
4853.18
6189.54
3943.24
7286.03
4636.88
890.862
1625.54
6278.76
3372.03
4201.94
1124.99
8611.7
2508.41
2627.42
4045.86
13094.9
3337.45
2016.84
296.435
3414.32
60.3392
896.846
189.063
1688.55
2831.03
1622.98
2446.13
847.037
2294.87
464.106
57.3443
21412.2
6958.74
13437.4
4506.65
9288.76
7212.38
7147.94
6603.76
13625.4
7461.86
10185.3
2180.98
4493.25
5685.89
475.185
3747.48
12148.2
9472.63
3122.87
3036
7974.6
1463.79
2219.85
250.483
1826.99
932.695
2440.29
1549.27
4882.01
707.163
1070.77
435.655
6830.92
2223.22
6444.66
153.43
8133.26
2059.05
2267
544.732
2692.19
426.632
514.302
281.837
3323.51
3967.39
4048.79
459.595
6480.73
866.333
2526.74
1373.01
1776.13
513.751
3096.32
0
2026.51
3557.71
1610.65
3679.78
2128.92
1420
369.702
326.177
16668.6
3868.16
3089.45
4364.99
2200.54
1636.98
3191.67
1307.4
3539.21
2044.89
3346.88
438.994
5457.7
1736.65
1526.21
276.077
8118.09
1263.52
455.282
4430.25
1755.22
3046.9
1939.17
1514.5
2553.99
2043.04
4428.99
84.9182
1925.52
194.875
2159.02
104.271
6591.01
2891.5
1309.03
3379.59
1783.6
1782.55
825.014
612.428
3807.67
2474.2
824.299
847.902
986.905
285.88
1348.78
2040.7
5554.46
277.209
1349.39
149.38
2163.88
180.108
866.908
810.539
248.37
3543.53
171.426
0
649.739
0
287.691
1029.71
18370.5
8318.28
4784.44
7298.5
7800.67
3458.92
6113.22
3230.65
4749.79
2279.36
7199.99
2568.73
8936.86
3860.27
4632.71
828.55
14818.5
6976.31
5145.33
4624.58
6503.05
1203.7
3569.51
2109.89
5878.23
4240.46
6561.62
1074.56
2714.18
1220.5
731.321
1389.13
9311.89
1197.94
4332.68
1648.5
1632.23
1664.87
3330.11
1008.62
8076.29
648.397
1371.54
4565.71
4091.04
1551.14
684.65
385.392
5624.47
1247.64
959.426
1643.11
7721.6
52.9909
1916.34
274.841
1047.54
190.144
3767.1
122.761
1387.83
2513.06
777.092
582.469
10478
6729.69
4355.33
1758.21
6889.71
1605.47
1410.73
1607.85
4147.56
7743.61
3468.63
1566.04
2298.1
1839.41
1528.55
670.489
7606.23
558.157
8105.05
2709.87
1742.38
2872.04
778.534
1878.22
3333.41
134.302
1110.65
385.969
1417.42
2975.66
318.27
39.0446
5225.2
748.024
727.513
619.469
5314.03
803.082
895.688
226.118
847.613
284.477
1901.51
3045.42
942.002
5140.92
3151.38
0
1033.64
388.585
638.049
524.411
679.388
2564.34
2817.62
64.4711
223.522
1302
897.345
1031.77
0
0
211.52
719.584
3558.98
5518.82
9918.73
4871.78
7717.71
4451.43
1709.59
1127.17
6267.05
2263.91
3851.23
4564.36
4503.92
413.897
397.308
1297.62
4975.66
2588.9
1560.97
357.154
1275.91
2001.08
40.9547
201.134
467.471
2273.76
3529.55
241.156
380.567
850.532
1267.56
1002.26
6818.94
1747.45
337.084
93.679
3289.21
221.507
1207.82
214.251
7557.14
340.227
2344.65
4773.92
646.45
794.348
2951.51
132.557
4122.85
2573.39
982.267
468.497
655.845
258.595
4998.78
45.9803
1441.2
487.119
41.468
0
1510.73
1278.56
2546.17
0
6034.55
2624.5
3152.73
2570.29
2325.75
682.364
517.118
218.236
498.037
2506.56
570.582
486.241
2029.97
0
560.772
0
2407.47
5649.91
390.902
0
737.817
3274.89
401.628
209.731
2433.69
420.624
834.556
0
652.453
250.93
477.709
0
7407.12
1495.06
1360.95
198.856
2082.62
1357.42
428.391
379.703
7350.25
437.19
3068.58
2654.81
2016
201.704
1528.56
1012.81
1678.6
1277.01
1162.14
473.835
769.17
2329.78
552.563
0
0
0
2142.89
62.1578
494.785
262.454
0
0
33200.6
14193.7
7241.73
1575.58
8103.07
4850.74
3584.24
797.937
13801.9
12504.1
9023.62
4016.12
5928.32
2697.8
4518.34
690.694
8811.27
3584.26
8781.9
4827.82
2420.24
1569.6
644.484
852.651
3911.52
4049.37
1238.41
666.221
9729.82
2302.13
270.3
23.7989
9700.71
9297.27
2651.81
3554.65
3406.14
2467.14
2907.54
1028.64
8573.24
4453.89
3752.95
1281.57
390.552
2627.92
830.26
219.812
5855.74
111.787
1325.83
1507.53
1746.37
5481.32
303.689
524.092
1918.57
4552.97
593.111
333.022
1340.29
1146.16
2016
601.991
11068.9
4980.35
5028.11
1357.87
3268.29
1813.48
1786.05
1523.03
7270.22
2199.27
1562.86
480.261
2871.33
1101.89
552.77
571.437
9508.45
4997.64
6412.8
2876.68
3050.7
2831.72
2834.29
1427.39
384.185
21.3101
986.375
165.744
250.312
2059.51
457.409
0
3122.17
1511.71
3641.82
813.607
2200.59
934.672
862.042
836.791
1456.81
1840.27
1092.73
1059.94
2706.11
389.453
546.042
2357.19
1879.39
2170.76
1509.95
3986.26
2205.22
26.5513
132.357
326.118
776.792
3580.29
90.5812
507.246
768.135
906.476
0
0
14261.3
3426.46
2114.42
1481.82
2261.38
534.348
1755.19
731.818
6330.04
1242.81
6058.98
1021.61
1382.93
555.938
2019.17
2606.21
2500.11
4238.23
6580.48
1354.4
931.07
184.677
426.867
100.953
3794.97
657.213
3540.91
2207.07
1606.48
1366.99
1417.96
147.272
3741.5
5576.53
1518.66
1838.93
3017.36
792.09
369.83
751.049
4086.19
235.301
361.728
574.38
2284.81
35.8397
2504.67
0
4168.19
2340.02
1825.36
91.8629
747.899
44.1509
249.251
0
692.047
61.4792
190.911
69.689
2976.93
2261.01
192.335
0
5629.78
5231.47
2708.46
74.6877
1791.11
1773.3
242.209
556.612
1020.34
410.297
436.195
0
1924.43
0
1033.34
57.0554
2516.74
761.156
3551.24
643.133
370.328
223.623
2225.95
223.759
3541.13
279.537
341.424
1144.17
24.3732
238.642
185.587
729.525
1999.62
1120.26
2209.46
219.044
897.291
116.511
583.843
0
512.167
1022.54
203.142
892.31
750.368
0
562.825
95.9688
2370.92
2067.34
1150.51
2016
949.357
0
1294.59
61.7949
2138.79
4714.17
0
22.8761
1958.31
0
146.205
475.764
10512.1
15948.3
10936.2
1029.06
5451.46
856.811
1242.15
1294.24
4755.03
2054.48
1930.03
651.236
3135.56
1686.34
2436.73
710.834
4091.16
1692.17
901.072
1497.66
1448.73
1119.67
2039.82
693.487
1208.5
3982.27
2250.23
53.1373
917.401
76.2068
369.54
259.576
10838.4
1576.86
3999.47
3070.04
3337.74
219.428
251.993
2348.05
4333.5
2902.64
918.032
4217.06
111.013
922.328
1906.23
388.669
1186.39
2439.19
449.319
192.082
1159.08
172.778
160.863
0
1543.04
243.143
720.579
153.883
656.601
0
79.1124
0
5027.1
3985.68
2511.99
381.158
591.661
898.596
907.883
1130.46
2554.2
4339.79
525.493
408.375
1099.06
494.577
556.31
0
770.157
3545.11
2359.91
1860.57
3491.54
612.854
481.621
0
2150.13
2358.3
33.0341
303.572
787.68
75.2985
170.428
2223.09
4560.68
328.68
1660.74
409.432
459.288
545.42
674.918
381.953
524.746
0
280.888
0
556.335
0
676.669
349.503
809.548
615.53
956.455
92.0199
245.679
364.817
0
0
3801.39
64.8439
79.9934
0
1361.64
124.836
0
471.761
2895.75
3406.76
1413.49
822.495
1437.71
657.646
504.524
219.249
830.277
0
1445.84
972.113
7282.16
201.724
2305.62
588.618
3947.99
0
471.3
2608.14
2880.11
269.93
457.481
141.658
3338.97
649.16
175.347
0
125.808
661.76
843.052
0
4012.71
77.977
272.496
3657.47
2452.11
182.664
678.431
2094.68
1006.78
433.108
351.599
1571.73
986.964
1054.91
266.954
18.894
3621.47
233.451
806.734
0
1137.76
0
0
234.307
381.387
175.793
0
0
283.805
0
663.05
0
4428.16
414.827
3036.92
1157.93
2400.84
0
59.7217
2238.01
345.515
67.8708
146.246
44.2621
2377.42
50.3599
38.3117
1047.6
402.488
1627.24
274.741
0
4519.28
485.001
66.3001
0
1272.71
254.76
50.2195
33.6857
0
0
0
101.855
1385.02
133.742
2648.76
0
2847.98
35.6819
0
0
243.235
136.52
0
308.803
0
106.938
458.488
862.832
1257.54
0
280.85
142.872
0
325.151
80.8421
0
123.924
345.103
157.512
0
0
0
38.2264
0
no error
Mem Used: 25243652
Time(usec): 75415
Total Time(usec): 78810
