899.065
1383.61
713.367
138.008
451.36
152.395
607.292
82.1733
364.259
708.91
859.763
29.5615
320.646
321.592
131.882
222.493
680.699
495.445
395.342
162.456
145.086
126.124
173.079
138.042
203.926
177.443
119.202
228.43
291.286
11.4291
52.7338
170.365
601.203
166.916
174.659
238.972
7.57677
63.9174
311.784
409.583
51.925
182.711
207.689
9.53172
160.958
149.547
30.4929
47.2934
435.175
134.165
261.605
112.78
148.635
55.5971
276.73
190.524
35.308
176.984
137.962
93.0402
207.394
134.426
241.78
0
1005.56
390.261
704.146
311.268
433.295
49.4961
225.127
260.333
438.748
86.7618
195.805
75.3247
329.08
126.441
35.9205
10.75
406.267
63.4125
57.9479
103.945
302.643
66.159
149.168
31.4747
97.4828
250.105
235.234
34.0297
50.1479
54.1942
97.6828
8.11505
424.307
86.8772
169.241
111.571
163.817
42.0171
46.2076
14.71
5.71729
90.8981
63.3793
24.4713
192.215
162.172
4.44124
104.589
42.7799
297.004
75.7218
0
30.5029
87.6735
30.8079
79.1564
109.742
58.0339
301.208
0
86.4576
0
3.13889
6.49698
no error
Mem Used: 1582596
Time(usec): 1563
Total Time(usec): 2761
