345937
225291
164412
80207.1
122859
82385
138005
27288
269208
120421
110273
39367.9
97571.1
22522.5
69420.6
19199.5
244920
23608.2
60878.4
77476.6
75772.6
33071.4
67290
24466.9
52315.3
71141.6
34216.9
16788.1
79742.8
43604.6
8153.06
9281.24
183719
94765.5
62469.5
42897.2
159963
52746.3
39523.6
19141.7
81731.5
30863.9
75282.2
42896.3
38956.2
41918.9
49802.3
10445.3
86991
85513.2
46009.8
13786.7
59196.1
31724.6
6911.13
1651.97
26954.5
24131.6
12599.9
21386.7
2940.43
13820.6
1108.61
3719.56
165993
129696
84581.1
40322.6
106863
56863.1
40536.1
41640.4
94279.6
29964.8
31632
10893.9
59994.6
17680.3
25355.1
11221.5
99465.2
43905.2
13691.7
15062.4
40703.2
7182.71
18091.5
589.849
90694.4
11899.1
12726
27234.6
14848.6
3015.53
14295.4
1803.33
113364
40194.3
33070.1
27467
38158.9
18989.9
21029.8
10011.5
40235.7
18443.6
22405.6
17072.6
11685.8
23072.3
7434.02
6857.1
31934.5
28091.2
22326.5
7965.57
24387.7
7771.73
11405.3
5114.99
15984
7306.44
14172.6
1813.05
17493.2
4087.73
12458.7
4781.42
304131
86906
143354
37126
110652
38282.2
53867.7
38389.1
68066.1
17381.4
61450.3
16246.5
66019.4
8314.66
22010.9
3568.74
67276.4
39294.1
32902.1
12171.6
62052.4
11712.6
20149.3
14416.2
29144
25359.4
22799.6
10545.7
16717.6
684.868
15003.2
12770.4
104535
30828.4
32370.2
11872.4
48350.5
26981.9
5888.62
30361.9
100257
31557
21223.6
13204.3
28306
25056.1
15560.1
6293.06
30145.4
19544.1
16867.6
1146.11
17740.3
5956.61
5130.82
627.123
19528.8
11771.9
7733.12
167.527
16576.6
1037.62
2451.24
342.385
124520
42966.3
68338.1
28318.2
27637.6
34239.1
10931.1
8950.32
29615.5
34921.7
8628.98
6457.66
29548.6
6449.86
5575.06
6753.63
69113.1
11148.4
31153.7
6933.58
17932.9
34674.9
7558.11
5444.96
34365.7
37159
27454.3
1338.37
8930.76
2141.24
7953.6
1171.97
42540.9
15810.6
15011
24453
8778.09
15075.1
6338.16
1827.66
36994.2
13779.8
14136.6
5590.78
13237
11122.5
4305.3
1139.75
12790.1
8721.2
7642.48
2942.94
12418
8092.04
4293.17
3853.23
15112.7
9743.43
5717.07
2061.25
12942
2399.61
1824.47
625.285
131139
90120.8
149942
42875.3
31590.7
49435.1
46529.9
26798.3
43404.6
65080.7
45482.5
25009
66354.7
27815.8
17418.3
22513
98323.5
66129.4
70411
33784.7
46679.1
15163.1
25466.4
21399.6
102673
7328.06
14939
5632.5
11428.3
1937.38
25927.8
10400.6
59922.2
33017
47714.4
45188.1
28393.3
30551.2
14975.2
7099.12
47877.7
38958.9
13746.2
1000.01
12795.4
7237.12
6827.55
3034.2
47275.6
40670.6
55460.4
4041.46
6629.33
5008.75
4634.08
2967.38
9871.08
21223.3
14208.7
2914.54
11792
6931.84
7709.81
5254.33
77064.2
76899.5
64892.3
40444
47802.8
23847.6
36550.3
8128.87
84556.3
46824.1
23599.3
13762.8
35319.7
2866.17
8845.88
5175.33
84967.3
24366.4
25845.9
15839.4
7544.97
3192.36
3694.07
823.665
24273
14688.2
7760.27
1082.39
5763.84
5227.68
3734.01
0
26626.4
22208.9
42733.8
4853.37
20819.9
2316.12
10601.5
8149.04
25056.4
13734.5
7950.62
2581.85
8626.74
5318.52
141.885
5210.58
20392.3
7326.38
12039.8
14469.7
13321.8
1222.83
14453
0
24484.9
3586.7
20603.4
5981.65
2822.46
0
4855.72
1105.77
108492
87270.4
54046.7
34969.2
21532.3
27636.7
19448.6
10159.8
40561.4
10513.4
35524
9108.78
21238.4
11767.5
11357.6
8103.25
50695.6
19328.8
7654.14
15024.6
22627.9
15082.4
5546.07
1466.35
23971.1
8223.28
7705.12
10629
10779.8
2901.73
475.206
4870.88
47980.9
20418.6
12249.2
30266.1
29867.3
100.777
15824.1
5304.5
18681.6
23181.1
10105.5
878.639
8605.25
975.67
3946.02
1617.11
10354.5
18838.3
17093.9
1652.42
13014.7
1199.95
4931.29
243.433
1771.93
3871.54
8927.62
3555.1
5462.51
4621.62
1877.5
2664.23
41835.1
10048.3
35736.9
16553.4
34050.2
6712.8
11596.5
13485.1
34592.2
2231.6
11126.9
6457.44
12299.1
1837.47
1490.33
771.242
8780.24
15184
4766.45
4019.91
7246.28
2455.01
1056.7
2811.42
3773.54
5750.71
195.9
4572.88
4057.99
3474.85
2283.12
2072.92
34292.5
4647.06
1642.21
16829.1
4032.37
3138.26
1934.28
5879.83
27204.8
399.667
14555.6
1282.23
2716.46
1194.37
0
1209.64
5059.44
7398.82
2601.23
5569.24
5300.98
3588.27
1926.5
1874.45
1843.12
1473.67
1110
96.3151
1069.8
2657.51
5686.93
281.155
222064
96972.1
63169.6
51174.9
117380
30843.9
31658
48947.3
107954
21924.6
60645.5
41563.1
22039.6
38518.1
22263
11203.1
93865.3
16554.2
25421.6
7435.54
49118
16939.8
27622.6
25444.9
44354.1
25596.9
20048.4
17114.4
27734.3
17152.8
16411.4
19844.1
60450.8
34277.6
69388.2
33581.9
63587.1
21178.4
18264.6
6914.43
39670.2
10422.5
30399.8
21275.1
13050.7
36871
6374.34
3355.52
90404.3
19227.8
23163.4
23480.2
18588.1
19585.2
11673.4
1650
12798.2
18654.5
14163.7
1418.38
11656.1
2092.96
4532.84
776.455
115627
76145.2
43724.4
18126.7
18491.8
30983.5
12980
2172.56
77578.5
27218.2
26283.8
12957.4
25186.9
13518.2
9907.6
1842.54
27034.5
28678.3
24740.1
23883.2
16876.5
7974.82
8373.39
6290.23
26303.1
11237.7
22240.4
270.399
9690.99
5807.67
1662.63
1590.03
59066.4
13756.3
29666.7
12327.6
23271.5
22272.9
904.41
6531
23049.5
6351.74
6554.46
2901.35
2029.01
3455.5
4244.61
2673.49
33016.1
27028.1
3936.25
5838.18
7237.56
6097.2
586.584
3212.78
615.414
1000.36
10694.6
1402.97
6732.2
0
6900.01
301.619
54226.8
52422.1
76321.1
15222.2
43271.2
8157.53
29637.9
4413.09
56910.3
19008.6
30127.4
17401.5
17502.3
27703.9
4590.11
3118.95
42451.5
48393.3
35791.9
20189.2
23986.3
14003
11040.9
7379.34
25813.3
3302.52
5845.76
15386.6
3790.8
1445.16
13354.2
11550.1
49804.7
6789.93
8382.27
15369.1
13192
10606
18592.2
1948.08
12589.7
9036.74
22896.4
14370.6
4815.88
4829.7
653.462
856.72
35804
10001.6
20471.5
2325.45
7768.22
10844.9
9488.18
3800.17
7688.83
7849.76
5164.93
10202.5
5178.61
0
2718.45
2196.39
51772.1
6015.08
8485.76
1051.65
8214.08
15182.2
6533.23
2286.77
8804.56
29402.6
8805.6
1620.6
14102.1
7530.66
3517.6
5624.21
38792.1
11107.7
14840.4
10883
23653.8
447.393
1685.72
5481.21
954.037
1636.75
6620.72
687.942
5577.57
699.297
13708.4
210.763
28699.5
5770.04
19205.3
6733.7
5951.97
1112.71
960.442
4047.99
7253.96
246.755
8478.06
864.973
4162.08
1834.9
484.249
4795.23
1805.11
1988.83
10225.5
0
1689.92
0
7495.88
13589.9
8563.92
276.091
3805.15
666.266
774.843
146.432
13940.4
1884.43
62420.7
40379.8
39748.3
27083.7
48165.1
15562.6
37176.2
25628.2
97311
13792.5
28197.4
5082.12
25226.9
3812.73
10321.4
6551.19
14435.2
10957.3
10980.9
5355.45
24824.6
7736.98
2517.78
8631.21
11654.9
2155.32
20027.2
956.905
839.46
291.582
1511.29
3346.54
42116.3
38756
13783.1
5060.8
18532.2
23893.8
23327
2346.16
24800
18653.5
18404.8
13105.8
11923
2146.48
1955.53
4198.59
18883.7
18564.9
12036.8
1377.14
28081.2
2244.18
482.174
102.474
5902.5
5935.26
10713.1
4000.13
6475.3
1760.64
0
1947.04
18216.2
20938.8
5020.42
4400.92
10221.4
5371.39
2821.77
16300.8
23534
37550.5
8489.93
5596.82
18003.7
3459.51
3162.82
10123.3
24870.2
19525.4
2610.46
4432.08
6833.29
1713.2
8870.26
7994
14862.2
10709.2
6098.79
1423.88
2012.91
6288.3
514.61
935.51
38868.9
3837.73
11732.3
6487.21
1102.72
632.914
13549.7
3798.88
15955.3
14436.6
6004.14
1209.24
7234.52
12484.7
0
210.828
8472.28
2924.45
3198.87
1197.98
1699.81
149.68
918.983
0
3829.17
10629.1
1427.7
0
783.581
4143.09
3874.51
243.783
44373.7
30779.7
22945.9
6757.36
32956.2
4803.74
5527.99
1257.54
33762.1
6121.59
3892.23
498.101
27993.5
14943.3
774.802
3633.26
44285.8
13448
4631.07
9377.64
8190.52
10244.9
15821.6
6258.01
7346.3
1506.83
9138.04
0
9509.04
6461.78
0
8682.45
22156.2
8854.15
20073.5
3815.32
1444.79
14545.9
7482.11
3872.42
7155.7
1192.36
8538.09
137.307
3583.71
0
8523.73
4134.38
15114
4045.58
8944.44
5684.09
2323.81
433.634
2288.84
556.565
7941.89
11168.3
160.369
4236.24
1040.03
2743.34
9954.94
119.577
22454.6
4448.37
4321.12
8434.67
14345.3
1348.89
5029.39
335.128
1101.12
9701.86
11395.1
3861.13
8625.68
891.566
2382.97
0
399.165
8150.29
11158.9
4217.05
6148.21
9666.19
2423.45
1818.56
2841.36
2309.74
6580.22
8699.94
2021.26
214.029
1121.11
0
5417.55
555.326
8823.78
11074
2272.01
2128.1
8442.48
2680.51
16095
722.737
903.236
4585.32
777.017
2143.66
674.705
0
14034.4
2342.99
398.344
1446.27
1150.39
5829.28
0
1267.71
248.512
4957.94
8821.89
0
575.031
0
2843.33
311.806
352919
144368
73891.7
64784.4
119205
47867.9
44220.2
52351.5
107182
5459.78
49954.1
16728.2
41106.1
22035.9
33722.2
6468.34
130236
89739
48957.9
20208.8
90830.2
11548.7
32613.1
4758.05
26915.1
13401.8
11317.1
8598.1
9716.02
3248.78
4442.14
2390.17
118309
58584.3
25791.8
15720
51310.1
28961.8
24735.9
6768.75
57146.4
20034.2
26548
15910.9
32989.9
18104.9
14799.6
4056.47
35324.7
27967.9
19305.7
8379.92
11636.1
27314.2
6329.63
5344.6
24441.4
10368.2
8994.25
1896.83
17518.3
10407.5
11063.3
5709.46
81888.1
48899.5
50714.8
36219.4
79541.9
31284
37798.1
6560.78
31590.7
32526.1
4949.94
5312.86
16155.8
4163.33
2031.77
6216.08
41925.7
40176.9
6637.22
5950.56
13920.7
16119.2
6193.25
10228.1
26361.9
7352.97
14748.7
5715.64
24834
8780.2
6810.31
4358.37
57199.2
21931.2
14373.5
34725.5
14872.3
27606
7804.9
14676.1
24708.7
11416.3
9602.86
2314.95
15371
21836
2760.88
181.924
21420.7
18109.4
7928.39
3965.88
12772.1
2078.3
559.06
7732.8
7849.28
14762.1
8897.5
6847.04
5389.06
481.438
0
0
56781.2
41701.6
61889.1
28120
30743.2
35245.9
10062
4001.84
27476.3
11807.5
16609.6
11254.1
26473.2
3822.12
23028.2
12114.4
21804
25367.6
16645.2
20324.6
21227.5
4646.73
11220.3
3237
27467.6
15747
30056.6
8884.35
12190.3
3503.6
6441.54
256.066
54183.3
27313
8403.79
6754.94
11449.8
18941.6
11688.7
11025.5
18666.4
23723.7
19964.3
5088.92
3408.96
5130.47
2999.57
3036.31
15938.1
24341.5
8294.36
10459.9
1386.88
2925.62
6567.44
7483.89
20014.5
2309.84
3159.28
815.252
10945.8
7451.5
2019.08
653.879
49987.9
17587.7
21716.2
12252
30232.3
538.46
2730.35
473.431
17253.9
10721.3
3254.62
1298.57
4348.69
11788.6
16722.5
2352.35
16372.1
13390.7
1382.13
16139.7
2967.71
1643.82
5160.42
2717.34
6245.48
571.808
176.573
3011.28
14382.2
1973.14
0
332.653
12690.5
16893.7
6454.66
8566.51
12489.6
4860.35
2410.03
2137.43
6860.74
8266.82
647.867
4657.83
2612.74
14803.9
1273.14
385.219
6364.95
5908.62
1304.06
192.601
7713.38
3665.7
223.316
2955.75
6748.93
1161.07
162.509
929.353
1659.99
333.129
3843.28
114.545
114531
68377.3
101775
12354.9
55458.8
18643.5
20629
9880
56670.6
37464
31865.2
14494.8
21084.9
7175.34
14581
1007.32
74056.3
44445.5
23213.7
17107.5
15263.2
12854.3
6057.16
8845.68
42675.1
7911.43
16982.1
2497.16
5724.38
1916.63
7460.9
1922.6
21608.4
21468.8
46165.2
8948.59
31580.4
1479.17
11610
403.808
32385.2
21810.8
1622.67
2648.76
4861.58
9081.18
8824.35
4216.49
87990.5
20600.7
9025.19
4811.55
14123.7
411.304
4751.45
5826.11
10895.7
1522.74
14121.9
5299.82
6894.8
555.259
1564.27
4295.05
68272.6
31807.2
778.992
30390
28733.7
15674.1
9537.25
21827.5
21114
9772.33
25428.1
2032.87
9925.91
12232.9
4623.59
3844.38
16511.1
7907.13
12318.8
18052.5
11196.3
3041.85
9492.54
729.524
18795.1
8062.1
17142.9
1777.72
21862.6
4879.44
3442.3
3570.13
26954.8
33603.2
2050.73
2984.85
21965.6
1557.52
11785.5
1789.84
17202.7
1593.49
1014.52
5672.71
418.505
3059.01
8770.5
592.675
8422.72
2629.4
8883.48
4966.75
1398.46
11397.7
5036.95
1548.78
2374.13
1206.68
0
10167.2
318.802
0
4187.59
901.262
21855.2
12706.5
25893.6
9931.61
23404.6
19195.5
4107.87
5866.12
24963.8
12333.5
27386.1
2160.68
4363.59
2267.47
4353.88
3848.97
14465.7
17688.5
19354
3745.86
18563.6
2957.55
2502.11
274.108
22419.1
584.029
5157.68
4296.78
3214.89
165.326
11188.5
201.749
21779.3
5638.09
12380.1
2368.62
3547.82
1271.5
2710.93
6423.61
17755.2
1765.32
6803.2
786.186
1723.97
5355.92
422.139
102.826
11533.8
5047.26
1516.32
2782.38
4310.31
674.193
1445.5
1290.1
11403.1
5883.28
883.886
0
138.268
846.068
0
0
8058.01
5188.33
13715.3
7925.51
20527.6
272.971
315.499
4339.43
9955.95
1393.24
5911.1
3436.78
7026.07
5146.77
446.254
5195.43
3438.17
5743.46
462.174
0
10907.1
5112.58
12604.2
13145.8
673.152
3868.65
0
0
1621.28
256.031
3189.63
2617.98
2116.62
7076.56
14057.9
1197.78
18148
217.518
5582.51
385.066
41775.6
647.115
2835.97
3242.73
2834.9
178.682
8575.51
0
1183.67
782.055
2318.36
343.92
0
0
131.717
0
0
7377.75
969.509
963.639
243.627
817.757
0
431.719
115340
53188.3
43855.5
28907
64063.2
36631.9
23455.2
37290.8
26404.7
37685.8
21236
3208.5
18501.7
19398.9
7595.29
17726
41593.1
43623
20076.9
9456.02
4690.53
36885.7
10981.3
537.939
8800.11
20546.1
16125.7
5991.02
1669.19
1171.32
1261.28
570.909
35674.8
10420.7
9516.84
6108.28
13742.8
17378.8
18475.1
4138.23
46343.2
5901.31
16404
7284.67
6735.47
8767.83
8816.53
2215.86
15598.5
11225.8
2200.64
2771.18
7033.06
2890.81
15377.1
6671.25
16900.8
1013
1000.33
2164.67
3444.09
4969.39
4466.34
112.839
37412.7
27586.7
30654.7
14317.5
6024.25
13388.6
8957.17
9507.47
18808.9
14003.1
18716.7
9143.57
9079.83
1551.54
2571.62
3389.16
19580.3
6623.17
2007.05
2372.43
47134
3600.21
4768.85
2059.86
40354.6
5445.11
3663.05
4774.82
4499.61
384.072
619.44
0
25945.4
13869.8
14157.9
8462.95
1622.76
2295.83
2133.02
13744.7
9505.68
7737.27
15008.6
3015.85
24777.1
2472.56
1077.23
0
793.625
11829.9
3509.06
7609.84
941.015
388.46
1601.25
146.515
3752.28
462.696
6932.54
10105.5
0
313.307
599.898
0
59692.9
19800.1
42175
10764.5
19301.8
6118.24
11477.4
1191.32
53785.4
13370.2
17784.1
5607.3
8999.29
238.461
9466.45
8176.8
14268
7419.2
13053.2
1478.12
1000.01
9889.33
1569.77
1062.06
9851.36
14888.9
1185.53
8338.62
5026.85
2726.22
394.455
9022.81
28324.8
10400.3
7935.87
13562.8
15957.1
1979.23
4657.47
2570.84
4005.57
911.24
16149.2
3851.07
10600.9
1509.6
3140.82
1953.45
8549.54
14416.9
10724
422.792
756.855
1058.2
8369.23
2004.42
8134.97
180.357
3166.83
9985.15
4083.4
0
399.513
0
21876.4
8203.37
6198.55
2736.67
12447.9
10598.2
12460.4
269.417
2325.9
15416.6
5352.79
4729
2466.24
0
251.845
3589.96
3651.37
3673.48
1466.11
2946.52
137.975
7683.85
1544.09
3734.24
25943.9
0
703.256
127.37
5445.74
262.24
497.422
0
12404.9
2418.09
6357.53
8021.1
226.327
3124.27
17704.7
9618.61
8922.53
3842.99
7065.33
1754.11
831.765
1183.73
0
277.899
37.4288
2206.04
231.488
83.8209
512.886
1383.14
5641.51
0
5922.65
2792.88
1174.51
1330.08
100.292
523.938
606.965
292.266
33108.1
32382.6
20260.1
9284.56
29576.2
14897.3
5046.7
9797.34
21032.1
6014.84
3342.48
4270.55
11644.7
15151.6
642.266
8174.75
34131.2
9130.17
1822.49
5450.09
10091.4
635.438
22152
219.677
11804.9
2943.7
18832.2
2522.73
17641
556.763
8158.46
654.92
7806.39
23665
11321.6
4413.83
13003.7
3639.36
5342.08
8965.92
13492.9
3673.87
3552.2
828.408
10636.1
10058.4
3169.98
2580.02
15093.2
34321.7
2511.94
943.448
8740.99
793.224
16218.4
144.841
1333.43
3087.16
0
2547.2
10495.7
116.171
0
178.748
12632.9
13816.8
5116.74
16079.9
5841.18
5239.73
15022.3
7966.34
13598.7
11550.7
6244.56
155.741
197.901
773.567
1426.08
1014.3
8395.25
454.597
7234.99
361.268
6836.14
3690.4
10390.7
1380.37
2773.45
5154.95
3110.53
0
2920.17
135.936
303.118
8122.16
12785.4
8683.15
11587.1
742.898
2825.43
3861.16
3623.4
1233.78
11192.4
1823.03
17457
7051.85
0
1262.03
2039.18
8420.91
5143.8
2697.12
2466.52
1468.4
631.546
5580.27
0
290.115
1192.96
828.166
7995.33
1536.76
7318.87
0
336.902
179.283
21742.7
15925.8
4502.95
5155.01
10586.4
5105
4243.64
2417.58
1710.65
2149.54
2739.45
2677.79
548.822
6898.21
793.374
500.899
764.557
2698.23
9325.54
268.339
3814.45
2441.92
811.572
205.674
3641.99
127.218
2157.95
434.866
0
388.846
1100.45
1238.29
16586.3
6127.38
6751.25
1171.45
2235.05
2548.79
2027.38
189.879
4526.14
3622.56
4762.04
826.505
2402.65
12186
3701.73
0
1770.16
2173.46
2307.55
0
217.957
0
126.866
2600.1
1869.26
2282.43
549.141
0
787.253
349.094
0
0
558.823
2500.9
4859.85
4340.99
3377.34
5456.86
646.156
2127.06
1547.79
1003.36
1459.32
1912.1
6010.6
1002.6
993.604
953.278
9008.72
5479.05
3295.23
0
0
1561.99
129.023
5665.49
1060.92
106.322
5501.09
0
481.991
0
398.294
0
3160.38
328.512
1071.39
164.407
1312.63
8218.09
0
0
135.893
8971.76
0
0
1041.83
0
139.069
123.57
4742.85
352.56
632.98
6100.88
147.491
8262.35
0
0
3704.98
188.962
0
2645.24
0
0
0
0
144380
129370
109414
68974.1
47362.7
44734.9
79004.4
23245.6
58768.2
41306
59956.3
22472.1
28913
26226.8
20867.1
16289.2
79257.3
11752.1
57278.1
7058.8
48678.9
11516.9
43733.9
22544.6
55408.7
53242.9
31717.4
22429.1
10276.6
20083
4648.77
1251.2
37414.2
27708.6
32656.4
44828.3
43095.2
40563
32411
541.672
39803.2
14942
32669.6
23414.2
28411.9
13602.7
13226.3
4331.57
48309.2
19964.1
30939.6
8997.08
25190.7
11989.8
4361.55
4778.12
7748.84
22699.7
22070.2
2781.06
9852.49
615.145
1481.78
7072.42
163196
35621.8
50443.4
31848
26871.7
40372.4
43636.2
3988.09
56983.9
22259.5
27807.1
1776.67
17430.3
12827.7
8901.93
371.464
49425.2
18002.7
31598.7
6859.56
14098.2
18452.1
1981.05
5634.84
7968.43
4832.25
213.175
3782.49
11744.4
2539.39
24070
204.656
43856.4
42306.7
30270.4
12038.5
13970.9
1112.09
4064.97
1855
22350.8
15065.1
11988.9
2262.46
1234.26
7578.46
8144.72
6504.48
17651.1
24406.1
10282.7
4856.85
12802.1
1632.78
13498.7
688.255
6220.4
867.611
6599.12
173.913
10636.2
3317.79
5854.75
9002.14
98993.7
88799
49703.6
12365.3
74936.7
15189.6
37006
6263.98
20701.8
50872.6
18892.6
8926.11
29867.2
8283.72
7227.46
1119.61
57184.4
17524
16206.5
4532.88
13781.6
2256.97
5160.47
2124.79
1933.34
2224.2
14368.1
6937.61
26021.6
14206.3
24775.9
2963.09
64105.2
10927.5
30591.6
5909.06
26752.6
3934.79
11007.7
824.4
38824.4
4294.32
5229.41
10736.6
9145.54
8070.19
678.364
2773.76
19946.7
12565.3
11228.7
1397.49
9035.43
5057.68
739.922
1466.61
27871.7
1057.83
790.593
140.689
1276.47
228.506
3997.6
4876.52
27089
29990.5
26331.6
5128.29
28768.2
16785.1
1147.08
1174.11
27538.4
13147.6
8514.45
4417.37
22594.4
574.756
2543.85
2455.89
22464.4
3275.1
1448.53
6599.29
17546.7
3310.12
5032.81
8154.55
6887.88
6362.01
22863.8
1917.91
11842.1
7434.8
2082.48
0
17277.6
19344.6
4580.98
8914.88
15157.9
1821.78
621.753
4472.05
4270.49
7934.2
6040.63
10125.5
3019.09
1691.2
1145.04
8314.39
4245.75
4507.35
3097.48
1819.62
3018.11
10751.7
4565.38
0
4760.9
4879.45
217.548
761.18
1000.41
0
679.742
3075.95
98523.5
53992.4
97262.6
14527.3
32964.2
11823
11966.4
4024.52
43551.7
17983.5
34348.2
5530.69
39557
6093.19
1398.93
12893.3
45123.6
3256.71
7751.21
12315.4
18551.8
10890.5
25739.2
1239.63
31650.4
6685.45
23095
7662.37
2985.94
25469.8
10201.5
5400.41
35096.3
26142.7
21129.8
3933.42
4465.77
12314.3
8733.39
2606.16
9473.95
4421.14
15127.4
527.993
6391.1
22554.6
10649.6
3715.47
14629.5
5536.34
16125.4
5607.82
8468.26
391.294
1925.76
1019.77
23334.6
5292.09
5451.93
2335.16
2105.86
206.392
224.935
401.073
31751.2
16533
12682.1
25521.2
33331.5
6009.07
6763.28
5497.38
8145.47
9596.56
16001.9
26176.6
19802.3
906.468
15525.8
613.729
19782.4
2880.81
22213.1
1390.03
13309.1
3119.87
8061.82
1298.61
22686
4094.03
10250.2
391.644
15312.1
131.178
1210.41
669.221
18843.8
5910.69
12650.1
6478.25
21310.6
5060.64
7022.54
575.595
5467.8
6983.2
0
7626.94
13188.6
0
7303.63
1601.3
3842.8
6945.48
6981.47
154.635
853.272
2017.25
4082.08
1368.48
3744.16
1403.87
9362.09
8242.73
1523.14
0
3708.58
866.625
45879.9
47119.1
18942
6982.5
38720.1
17754.4
6410.75
0
9060.88
6463.54
7915.81
34336.1
35610.6
294.271
6660.2
1416.53
18339
23239.6
23952.7
3124.92
11544.7
4926.69
7984.04
293.29
26859.7
7065.18
4092.05
0
6299.82
2058.89
2194.06
7543.61
20514.3
18584.4
9983.83
0
12726.1
4845.61
1984.13
301.055
23190.8
13428.1
6712.85
9172.17
15691.6
1159.24
15531.2
349.434
40540.1
8465.48
14665.8
1609.45
27823.6
868.033
6385.43
4655.75
4983.05
111.928
6184.67
1972.95
9946.09
2571.66
654.877
183.203
22888.6
7662.15
13130.8
1493.18
1280.73
7588.36
540.692
4715.85
9218.47
1865.3
1198.12
142.084
3547.36
0
4767.25
2335.62
20402.4
3875.96
5636.74
841.44
12847
3342.89
550.791
0
10407.2
4059.43
7619.71
67.8869
6907.5
1249.64
0
635.812
9147.17
4301.28
12826.4
587.196
33622.1
1828
630.352
1261.13
2410.21
3034.11
1482.63
1643.91
3921.33
0
651.614
491.552
6648.34
8606.24
711.479
2253.73
4806.95
1662.13
16199.3
0
1769.72
24105.4
166.427
0
5776.23
0
1054.76
104.579
76882.3
51723.9
57941.4
25242.2
57374.9
4194.03
8653.94
8618.96
17514.6
39606.2
10833.6
6695.83
14389.7
3603
23878.8
4438.27
36344.7
36819
19956.4
8417
31686.7
7990.3
8353.9
1994.67
17465.4
20120.5
8461.79
27806.3
8947.88
1430.01
1096.28
279.792
19631.5
31061.7
33145.9
11698.8
18747.9
16738.6
8586.9
2589.31
29332.3
19462.5
7250.84
4860.95
14771.7
1926.88
4083.26
3801.94
7862.63
11629.8
16649.3
9468.29
12194.2
5682.83
2531.12
2514.24
4885.68
8445.92
2467.59
1310.83
173.251
1973.51
2708.03
1324.97
83352.4
8660.11
25571
4388.02
35110.4
4955.06
8243.81
10239.5
26109.2
17198.3
3532.5
4941.51
7613.91
717.975
489.224
101.492
5881.63
10518.2
8275.12
12072.5
8932.47
12699.9
5384.34
3271.24
3669.93
0
1669.92
1393.29
23387.6
5399.04
352.467
2784.21
47282.6
7908.79
11489.3
409.345
24018.1
5938.79
4235.76
9754.48
4613.06
0
4423.97
3989.53
575.841
1255.91
2104
1518.37
5975.17
4414.57
9579.49
4498.17
9578.65
5529.35
2837.55
1804.48
10576.2
12790.8
0
522.046
3452
281.866
6391.54
0
48754.5
15288.2
20674.7
33435.6
19925.9
14594.6
19096.8
653.999
24337.7
30541
21442.9
247.592
32317.6
7411.44
13431.9
4383.9
17154.6
19540
25173.6
5194.86
8554.49
4624.16
1284.22
1282.85
18118
493.375
3367.87
1130.93
11002.9
10729.6
3855.77
0
15120.7
10950.1
17692.2
1752.96
10862.7
1671.07
4432.54
799.014
6382.12
11136.2
0
1438.81
0
878.394
161.325
0
13341.8
2487.69
9753.3
0
6764.12
605.858
516.417
6031.06
0
4192.78
210.095
0
0
2932.45
0
0
12438.8
25052
17116.3
1892.91
13754.9
677.528
7272.06
574.301
22485.7
1750.65
4948.43
6219.84
2323.21
380.944
0
1035.93
5406.58
751.695
2973.42
4881.05
2223
6472.13
6331.63
2694.55
15294.2
740.413
9325.76
0
86.3899
346.574
174.678
493.079
33561.5
7214.92
1095.38
6790.78
3173.18
5849.74
9819.71
843.67
1958.49
1321.5
8506.35
4651.88
5063.27
1109.64
4674.06
945.931
5765.6
20446.3
7166.35
726.521
13719
1294.56
974.481
930.304
2796.49
687.558
1677.51
0
0
0
447.274
0
70013.6
29455.1
24743.8
25616.5
25837
10303.1
9171.33
861.92
43858.3
3070.5
18696.8
0
9968.83
103.123
5816.84
1139.01
36796.9
19797.6
17332.5
12543.6
13878.2
10353.7
665.789
2923.02
11653.1
2502.94
10718.3
6762.49
16129.6
4283.44
3945.64
1318.56
24057.7
7122.61
29286.9
14872.7
23877.5
4956.07
356.885
2338.16
12813.3
3022.06
2299.46
1219.89
704.08
1791.19
1120.75
8306.96
6690.29
3954
4202.9
4510.19
3218.91
249.874
123.563
1577.75
3491.78
1260.28
1367.59
208.754
325.943
1064.66
0
0
15284.7
23592.3
15740.3
537.27
6794.4
6139.27
9277.43
1866.08
21893.7
686.044
4194.87
4060.42
6715.7
0
1451.09
1343.87
8046.9
8353.82
5229.78
1590.47
694.101
0
387.241
241.585
4732.8
160.081
547.489
0
176.34
0
0
342.99
6683.5
3451.42
5912.32
755.904
2509.4
146.848
6442.64
0
2268.42
1234.2
2031.58
0
20829.2
0
0
0
7130.02
12266.9
1651.85
0
2770.69
0
7994
1410.5
592.326
0
177.04
7994
352.918
364.231
0
1836.39
19093.5
27651.5
9953.9
9633.06
21828.7
10223.2
2598.68
6108.93
15592.3
0
9939.35
3380.5
7808.45
6389.99
8293.24
605.632
2982.96
6162.9
1308.75
0
7058.8
3117.83
4063.66
0
14578.1
9792.11
16086.2
402.164
2347.26
0
0
103.777
15923.2
1991.86
3261.57
694.409
7112.77
437.883
972.19
139.338
6238
8549.94
3571.51
2749.33
120.688
798.537
669.381
501.861
5302.35
9235.53
8285.86
300.583
2220
191.039
3540.84
0
653.13
95.4674
284.223
267.257
0
4068.26
738.68
0
5740.29
4219.9
932.597
5514.7
13512.1
2845.44
0
464.359
4097.03
12576.7
81.6885
1869.54
0
1590.78
1994.55
0
9023.77
3354.68
0
849.16
6438.46
177.848
994.467
297.489
727.175
0
0
0
571.159
116.92
280.918
0
5177.28
0
1034.16
4613.96
1674.37
938.944
368.236
3599.75
1770.67
1165.26
0
0
682.315
152.07
1820.49
790.811
2099.17
133.113
4319.81
1086.42
1792.22
0
0
261.141
409.889
0
0
97.6078
0
0
296.178
0
114724
43003
69764.1
23467.5
54096.5
15187.8
41123.2
8611.21
44592.9
48596.4
19829.5
6778
13376
2667.97
3958.16
8806
46430.9
32924.6
19775.3
1012.42
24592.3
1751.06
4238.18
2172.03
19148.7
4937.59
12172.2
1362.89
6053.45
1455.92
4390.03
3695.59
44954.7
39704
3571.74
20650.5
28628.8
19768.7
7751.37
2549.42
19590.9
16579.2
6513.88
9082.48
26426.9
6449.58
21315.6
4729.38
43514.2
5634.09
1692.47
7682.85
25750.7
3713.07
472.547
0
8578.29
9822.46
3414.95
0
1899.01
134.998
469.657
9883.57
12504.3
16600.2
6048.46
12096.5
18005.3
18289.1
7376.57
6929.02
17505.8
25845.1
17172.8
12516.2
9294.88
6832.22
4971.14
3297.92
8445.67
5275.62
13168.3
499.681
6684.93
1243.38
5050.56
0
8556.33
8345.86
2445.75
1150.61
9898.59
933.085
1045.06
196.709
25047.7
2355.32
13590
767.731
5774.77
20516.1
6971.08
124.249
8247.9
3172.4
5254.59
1605.82
15301
1600.89
0
8062.88
13069
403.107
1147.23
379.239
8423.16
389.537
10156.3
156.624
15912.7
1077.51
2022.28
0
3296.46
1555.66
0
3269.11
62934.2
35637.1
7446.32
2915.51
16954.8
104.751
19206.6
7307.6
54663.7
10622.5
13736.1
21872.4
19223.6
6810.93
0
2456.65
30148.4
9213.71
2721.8
12477.7
8383.69
16747.4
6228.99
159.386
16128.3
7393.18
18766.1
217.528
4387.84
484.792
0
1726.65
23517.7
18788.4
10017.3
15074.3
7193.34
3319.92
9753.36
11941.1
6952.34
7316.64
1599.74
2918.9
4910.02
2722.58
6303.83
323.947
12781.9
3497.77
1373.72
5398.75
790.114
5324.19
118.036
1115.88
427.269
1510.88
2366.97
5016.37
3150.59
0
949.116
2148.42
26766.7
3912.33
8221.87
12480.6
3680.7
3082.73
9743.23
1841.25
6008.3
2317.62
406.268
2087.9
1073.09
8372
1559.9
1610.91
29790.4
375.554
3214.94
5892.97
3750.08
8263.2
4385.4
0
10452.8
3523.98
943.286
0
1796.43
274.561
847.018
404.331
2101.33
1840.37
7909.93
2845.18
3203.85
475.793
4353.96
4690.91
6939.17
721.09
2219.36
4092.85
186.058
276.564
2983.67
13223.9
8727.07
1280.63
258.996
219.993
25811.1
0
8961.71
170.484
3822.31
1659.02
8845.02
0
2130.87
3394.04
0
1080.54
71226.7
10567.9
8362.73
11156
18765.9
3891.38
3937.4
221.621
21710.2
7903.56
4796.49
206.111
29985.5
7567.61
1558.37
7534.89
31069.9
21004.5
7524.95
1308.62
3266.57
17466
10455.9
2946.79
24794.6
538.317
17481.6
3825.76
1770.78
869.834
720.741
171.385
42892
9156.05
8626.46
8474.11
6754.17
8861.28
293.848
2275.57
12624.8
2481.06
4647.83
1251.54
6132.3
577.425
3976.03
341.925
7969.65
4445.09
3316.95
1322.83
13549.8
419.671
1701.29
1730.94
1799.47
7485.14
1984.72
154.811
148.348
1249.04
209.632
214.302
25291
7763.71
6106.67
18977.1
7066.07
1453.48
2185.14
2225.26
4534.38
18898.4
18784.2
4286.66
8796.05
988.626
2692.34
443.426
23967.4
2253.47
3562.53
2986.25
1694.49
1124.45
2939.86
739.504
148.395
0
1183.97
1060.45
896.728
10673.5
537.668
152.673
20529.6
350.989
13971.7
4100.38
337.327
4136.58
4145.59
6979.79
4502.5
8291.09
0
343.809
3801.96
742.308
702.853
64.4548
17712.9
6951.27
7182.07
11448
5376.87
738.361
1244.52
945.81
7029.66
0
6118.41
0
0
0
1048.2
1311.29
5545.67
3297.07
10740.4
898.384
38365.7
10108
17768.4
9275.62
36355.1
1592.28
4039.6
6483.24
980.061
1391.11
1146.57
8361.16
19328.5
2570.02
5509.96
3070.79
9495.65
1696.37
1692.28
0
2538.3
1597.07
8049.95
2228.39
4925.38
9497.48
433.581
0
20387.1
183.019
3722.98
805.239
9667.49
1678.26
9767.39
0
5354.38
1432.03
1876.6
5568.97
4011.63
0
0
1232.9
2695.21
2024.97
3111.87
4057.71
0
0
2975.31
0
470.482
551.027
888.78
466.149
0
904.496
12493.6
167.417
9481.62
4433.34
2806.9
2204.35
2668.73
3563.37
180.012
107.474
1617.44
6786.4
182.365
221.165
126.602
0
732.267
0
11167.5
809.365
1736.67
2057.85
501.471
1276.23
344.587
757.766
3591.38
2205.99
2892.71
501.939
0
1994.18
1835.55
848.986
9733.59
4141.39
2483.8
0
0
7282.6
534.399
0
9879.62
1982.82
465.08
0
560.411
0
0
3318.15
5579.22
0
4476.81
348.304
1952.07
865.309
211.686
0
7994
0
700.85
147.108
0
95.5676
8784.13
0
87240.4
12853.9
14801.9
6302.1
7628.69
7410.82
8442.6
798.403
6814.81
1334.37
6059.58
6700.33
7002.38
1394.91
1180.64
6510.68
23721.1
14371.3
13833.1
10124.6
5800.02
559.473
7092.72
507.845
2001.68
10152.3
4138
2847.19
3222.81
495.664
2744.49
5324.67
12377.5
13281.3
17215.9
926.204
6319.09
12762.7
106.328
555.564
5466.47
2028.1
6110.33
7948.85
9122.48
1396.41
1650.82
0
6541.72
14797
3340.54
2437.89
15984
2908.11
1798.91
11988.8
389.952
144.504
3348.4
199.507
3804.44
104.548
738.391
2404.07
17366.9
13481.7
18404.7
30782.8
2109.63
6853.94
9640.25
1507.84
25838.5
6259.86
3002.53
3208.02
4860.56
0
8494.71
123.673
3615.07
2792.85
6259.35
3271.96
1577.64
8022.69
1130.61
1410.55
7748.83
348.839
0
0
0
2202.75
174.207
410.144
14067.4
12096.2
14320.3
4087.37
12543.9
1062.78
0
0
13914
1667.11
6158.84
1431.59
0
328.588
55.2763
0
170.432
816.963
8205.05
494.693
1997.33
0
173.673
8351.98
0
784.571
815.494
0
0
0
9133.52
0
29806.9
14063.9
12974.9
11835.5
2705.66
8531.2
12931.5
393.163
21814.9
109.865
18029
15111.7
9504.41
0
682.487
7994
5961.73
6218.9
9538.12
1499.79
2072.85
1031.11
4784.41
2096.72
10218.1
118.623
174.432
0
3750.23
0
0
663.023
7097.11
11248.2
3874.71
1506.89
14599
1316.48
1013.89
0
3246.04
2677.55
0
0
6567.07
13050.2
138.613
0
1147.44
2200.98
7994
0
0
380.896
1218.38
0
1031.65
4189.47
0
0
5565.78
5192.39
0
0
3950.13
16103.4
13649.3
0
13149.4
7344.24
165.443
1070.07
13693.8
2100.83
520.419
3092.39
3144
0
0
0
13138.8
3176.62
1079.83
7994
539.59
1014.96
314.258
0
1330.18
0
0
2685.88
249.087
268.05
1604.34
0
208.572
133.165
5401.06
1303.01
1131.11
0
0
404.694
1666.6
907.933
354.263
431.75
911.887
2350.51
1372.05
0
578.898
1081.02
285.627
0
1952.15
155.287
0
116.552
11744.1
0
190.594
0
536.655
0
0
0
33196.6
25373.4
6013.85
875.599
4834.71
10348.4
4388.77
0
18471.5
3998.25
2811.92
3594.91
10262.2
14557.3
4883.32
6038.82
2646.87
4939.34
22690.7
8195.25
1780.28
976.461
2110.34
112.597
2088.26
2664.04
2722.56
200.199
6128.36
3511.24
3144.77
0
11033.5
23681.5
8628.01
2041.7
6297
6579.76
3386.05
367.745
4611.42
13156.6
3580.22
358.62
2985.29
4854.06
150.765
414.896
6262.38
5272.5
729.032
403.02
1561.32
4340.18
1271.81
1102.72
2550.02
10768.8
847.554
143.605
725.102
135.926
0
0
5365.8
1264.33
4772.78
3262.5
6876.04
3513.64
6464.36
784.857
3593.84
2558.04
1503.46
2279.5
0
0
3499.54
1163.36
5901.31
0
924.438
2152.79
1082.69
0
497.167
7994
13401.8
768.368
1701.45
535.05
1305.63
0
0
0
15378.8
2269.87
488.669
1824.37
2427.74
0
476.596
0
6042.06
0
214.093
222.278
168.848
0
0
587.104
1566.46
8909.85
0
0
530.449
0
0
0
157.205
2087.95
744.753
470.551
1741.03
188.425
1071.31
0
13558.6
4447.27
800.509
455.222
10025.4
2540.1
2664.37
5320.33
1098.12
5017.28
2579.28
0
1094.23
970.008
10260.5
0
6857.26
116.516
243.711
227.448
5256.25
2728.23
8899.43
0
2977.69
142.672
1006.44
0
0
0
0
0
12221.8
0
3203.18
0
250.624
89.3572
1605.85
1662.25
98.1127
0
2937.62
0
0
327.874
0
0
7406.26
0
258.272
0
0
790.782
0
710.766
1631.6
617.728
0
0
124.478
0
167.683
0
8744.95
1522.9
2777.82
198.354
2217.76
0
234.967
0
5652.89
1345.34
0
0
3233.25
0
244.21
0
2838.14
0
16259.4
0
0
1025.66
1375.28
7994
20807
0
1696.76
267.034
266.928
0
0
7060.55
1886.44
2966.33
687.512
178.641
10829.8
0
0
3840.48
2138.19
165.906
0
262.238
3281.12
0
494.882
0
378.46
4422.45
2675.4
0
765.912
87.2072
1143.81
0
0
504.263
164.419
0
0
932.837
0
0
no error
Mem Used: 100974596
Time(usec): 1379843
Total Time(usec): 1389788
