9282.6
6538.14
9756.55
3859.81
4200.29
5853.94
4791.64
2249.03
9910.79
5162
2521.57
1862.26
6212.05
2914.6
2611.18
134.189
6218.94
2278.65
6784.4
1621.26
3499.88
3541.74
1956.09
1909.88
1409.6
2523.92
1159.46
2611.22
2034.62
498.363
1188.01
1420.18
4332.97
4485.35
5246.39
588.377
2078.53
3628.87
1506.7
1845.74
3583.91
4717.69
2371.83
730.706
2483.03
1541.6
1171.67
512.091
3510.72
518.989
1869.24
769.58
1809.45
1759.98
235.98
2366.23
1058.93
1491.85
524.902
542.051
1059.77
441.688
374.472
536.473
5750.12
3464.09
3271.11
619.456
3881.7
3219.38
1156.59
478.89
5069.82
1574.44
1483.13
1287.84
1415.2
692.883
963.862
147.063
4011.93
2249.74
3642.54
2113.24
858.049
171.362
1853.94
1273.03
513.431
593.377
334.229
293.941
106.442
60.114
294.992
1387.46
1586.25
1204.45
1627.89
1302.95
3636.13
1443.24
2267.72
386.313
2597.19
912.944
2079.88
924.9
551.327
485.818
577.689
308.133
2298.47
54.7383
812.975
435.573
1255.38
98.2115
1024.96
379.352
642.351
161.431
391.881
70.0262
693.091
62.5865
81.1238
639.695
5983.33
2299.65
3693.78
972.251
3389.22
1274.07
477.563
938.363
6331.47
406.941
1467.89
1306.67
929.776
2302.49
1383.68
1010.55
1087.28
977.225
770.394
933.232
2557.58
1107.01
2733.17
1153.11
1922.01
23.2843
1997.04
1604.11
237.405
673.723
103.807
0
2959.69
3273.87
1683.12
191.58
1903.4
626.239
1119.46
512.475
98.92
902.955
284.23
81.0526
432.219
15.5192
257.63
78.8535
2039.82
282.957
510.845
559.923
969.4
648.875
195.365
310.532
785.633
584.992
461.997
503.775
788.569
730.522
285.25
0
2584.44
2173.63
1680.86
1458.73
1218.9
551.198
2447.14
385.225
1377.08
1203.45
1291.11
430.401
982.862
1921.68
97.8985
144.813
5507.35
538.777
1167.27
100.919
777.785
545.544
623.575
343.786
1087.75
137.512
152.488
6.50109
163.025
847.759
74.3014
819.792
2184.16
1845.76
1490.3
260.254
1513.55
708.758
419.17
71.3581
1513.86
0
321.645
187.19
593.835
553.546
1068.12
312.72
1135.39
16.145
118.978
35.0973
38.7593
64.0033
211.662
0
357.818
157.891
20.1541
0
107.95
0
0
0
5674.17
2984.04
4739.58
2758.53
3867.71
3742.38
626.775
221.19
2378.3
506.129
1651.7
0
1405.59
653
1222.66
1689.03
2525.33
994.934
3937.68
1572.08
1083.24
481.534
1579.06
132.597
3548.66
602.384
384.678
22.5141
553.765
720.47
343.874
316.672
3637.83
4293.1
1312.5
663.811
1468.44
1967.72
980.802
91.7429
2131.71
166.643
1782
802.943
623.65
188.021
129.385
116.013
1454.59
2973.66
223.928
197.682
551.287
161.588
764.766
0
1683.31
346.837
284.05
0
577.82
0
263.526
1101.15
1761.5
1287.93
944.34
457.741
847.984
48.5295
2238.24
139.464
735.438
244.408
1024.12
37.6742
2452.21
135.963
146.968
22.0155
2019.42
2567.75
657.269
354.92
546.99
213.607
302.826
0
313.48
1172.84
1048.24
136.136
858.287
109.906
206.501
13.2463
1962.51
421.716
271.75
389.462
1661.28
777.782
889.902
1156
1131.03
241.942
11.4054
0
829.511
1154.59
231.231
1892.26
193.696
402.59
2006.2
56.0703
271.126
264.731
324.315
249.84
10.2462
123.996
288.022
0
0
0
0
0
3313.67
2897.13
2308.4
95.9918
1901.99
695.611
353.334
375.549
2126.4
433.889
657.585
429.409
529.624
18.4672
1691.44
836.345
1650.11
1396.65
106.782
490.917
532.627
736.982
1285.29
0
1458.16
334.278
904.226
225.104
246.125
549.274
228.561
222.576
2321.28
1656.3
188.325
377.257
414.594
36.2818
1055.02
92.9907
515.251
330.385
597.874
143.716
1503.65
96.8413
429.379
292.548
831.343
77.491
591.954
80.5836
10.8783
102.043
0
127.807
78.8783
442.239
675.602
52.3098
96.2672
185.725
545.317
0
1074.81
281.721
157.653
406.256
942.309
1101.92
1674.12
0
2557.27
359.856
1332.17
0
516.057
109.746
58.4974
0
1238.64
686.525
223.485
23.8163
227.382
1036.93
2024.88
118.148
253.141
115.301
0
15.1034
562.689
213.341
0
38.6776
874.211
1281.81
242.866
62.067
1258.22
268.075
128.033
0
728.911
1679.4
91.4426
243.873
24.7041
14.9872
164.507
0
545.04
40.0231
58.9518
49.609
606.407
143.073
36.9594
0
71.2655
180.203
283.793
33.7819
174.778
0
208.94
79.0638
no error
Mem Used: 12621828
Time(usec): 17614
Total Time(usec): 19623
