407.823
170.965
207.744
197.023
255.121
73.6181
192.988
45.0782
116.887
42.5834
72.3437
85.6675
27.4746
120.787
241.271
43.6415
240.851
273.044
35.3959
10.7416
320.602
109.119
17.9408
2.84188
136.677
25.5714
149.927
27.9642
7.28821
15.5272
51.6565
71.8272
106.018
119.768
25.9965
27.3675
70.6778
56.644
49.821
12.0514
118.407
33.2277
3.17535
13.9479
42.3286
73.9779
16.5667
25.1608
156.82
47.6436
10.044
23.9571
95.4638
4.27411
20.8977
13.1848
11.4149
50.9858
0
0
165.956
62.6232
3.52291
8.08364
no error
Mem Used: 398084
Time(usec): 751
Total Time(usec): 1947
