1.10274e+06
399334
588490
261471
533001
248790
216790
198868
504193
343330
201205
90132.9
422370
143832
118810
37338.8
691995
158629
220255
126273
320408
115630
175273
51571.1
227160
106198
129661
28426.8
91487.9
115945
71870.6
42660.3
437918
257413
234909
118715
200356
164108
127735
73393.7
248648
120168
95371
105159
103486
37513.3
25862.7
44313.1
274435
152934
274172
23956.1
99680.1
80311.2
113233
14999.5
155913
20325.2
79159.1
31627
19436.8
28679.5
45973.2
5613.89
677724
307329
275940
219838
248577
113123
146540
80211.1
289721
159423
127817
88519.7
104045
64928.3
18197.6
40571.4
293991
95657.9
88565.9
60885.5
287453
86186.8
78127.2
21940.6
146828
116544
53705
47562.2
114510
60406.3
39188.3
23581.8
239604
131526
174246
84503.7
97017.6
60014.8
57510.4
19787.2
74959.2
110771
37309.9
8556.15
120383
53530.5
83632.1
13149.5
106394
62715.9
75781.7
22088.5
99412.6
9730.01
59950.4
5448.04
44720.8
39426.1
24242.4
17019.4
89009.7
33663.4
2751.26
11585.1
697832
174475
230358
170962
335556
124443
255909
90087.5
295027
109077
128900
34222.9
104335
46389.2
56262.9
61920.6
355486
156421
262100
101301
107057
95591.6
33245.6
6678.37
122631
74754.3
89019.3
44802.1
53634.8
30772.8
7676.14
8802.22
354748
124935
195481
92448.2
159112
23357.8
36033.9
41744.6
204059
47436
78821
39009.3
38090.6
16115
26024.3
2475.29
121533
26885.7
31559.5
13980
103754
58203.7
115329
1182.78
39582.6
54349.3
29035.6
14182.6
11535.1
15738.4
14172.1
6306.77
287456
49424.8
148121
15488
156744
35047.5
69294.6
12774.2
156316
93494.9
94999
51276.4
113050
66165
21237.7
33852.8
122224
85536.9
59856.5
15465.6
55838.2
46738.4
17020.1
3170.14
72406.5
36734
14483.3
26743.8
10746.7
13702.8
11168.1
8668.21
148180
27377.4
30212.5
27502.9
94588.2
44606.5
18077.6
4469.2
32181.6
23900
25779.4
20207.6
15408.8
23227.6
22812.6
12553
81195.8
39271
47325
31980.1
12927.7
38089.4
21694.8
6315.71
41305.6
4048.24
14244.5
25296.9
4514.53
14234.7
22174.3
567.92
614453
252142
444068
108988
362131
86992.2
108675
59016.7
224967
90508.8
104888
92506.4
143301
47709.5
30016.6
63261.5
462221
126815
165163
88463.4
107059
58500.3
47569
32088.2
216307
52097.7
36455.6
52304.1
43099.7
36638
17144.8
41158.9
290184
212002
121031
120904
87452.6
131414
48674.8
31598.4
144544
94667.4
48348.4
3319.2
40443.8
13333.5
27802
34070.1
195921
77605.3
65351.3
18199
25679.6
5248.26
17499.1
5713.95
52660.1
18570.7
51865.1
9487.17
50250.1
26623.8
2045.98
7288.72
319946
227994
122053
51496.7
106822
120333
142149
92766.1
76833.8
92779.2
65587.7
18780.3
66617.2
13033.4
25131.2
40318.7
148552
45534.9
55900.2
41998.4
84710.7
25476.1
22174.6
24081.7
73881.7
15787.7
56168.8
14731.8
46209.1
15164.1
9842.17
19357.5
217950
56736.8
122972
48948.7
94061.7
30097.5
14929.7
10712.1
63173.4
25440
24532.8
4733.64
40422.2
6841.32
9572.05
5626.02
94103.5
17272.3
48807.4
38440.3
33361.1
10490.2
13639.6
401.442
26636.7
4561.33
3517.03
10520
12478.3
7014.22
4105.79
1640.54
177575
193591
231808
40164.4
98333.9
39124.7
105034
47418.7
234222
87396.9
78498.5
29754.9
15302
28293.7
111197
25923.2
56943.8
78146
97852
27881.6
17757.8
8756.36
8186.15
43258.4
59570
23213.3
25186.2
25300.3
36427.6
3020.91
23815.1
3358.29
160445
92739.6
113199
48561.4
79565.6
2874.85
38040.7
21626.8
66493.4
28779.5
63344.4
23722.5
48430.5
32771.7
20542.5
4307.95
66300.8
17644.7
19425.5
6087.73
34523.2
32853.6
6720.19
422.577
55991.5
15573.4
20588.5
9888.34
16641.9
17086
2005.32
7062.51
114470
30976
80751
24099.1
54633.7
44770.5
25434.9
32255.7
61802.3
33131.2
18119.8
12996.9
23998.3
6921.75
1715.04
635.237
9344.24
19732.4
27310.2
30798.3
36804.3
1204.06
12238.5
2533.54
30052.6
41060.6
25038.3
15559.5
1916.5
229.584
2667.21
15548.3
21642.5
30914.9
44887.8
17304.6
46926.1
12955.5
1624.08
4897.25
27105.5
49628.6
14139.3
5832.54
12492.8
1389.73
2396.05
2261.34
64195.6
5837.78
7817.22
1614.67
34265.4
1399.23
4684.95
3452.29
12226.7
24870.4
10262.9
6174.34
5092.16
5405.1
354.495
2224.25
690048
357607
244216
108896
202241
94183.4
71675.5
98479.2
208058
74264.1
181346
71825.1
87181.2
44009.8
48588.8
9401.4
295866
113891
221882
26237.3
180535
55543.8
44967.2
50189.4
139014
77628.2
37203.3
21884.6
60221.6
14989.2
46045.6
43424.2
377784
180060
31345.3
94488.6
107250
78610.4
87186.1
23390
255281
31535.1
35320.3
30797.3
158432
69952.6
38591.1
4003.7
239627
96062.9
73428.5
21394.9
24045
56729.1
23318.2
20852.6
108580
35323.4
26058.6
4276.41
24626.3
18040.9
19519.2
209.153
415740
235012
143579
157493
122986
14258.6
51385.5
29389.3
116410
32734
60094.9
36284.8
90375.6
29784
38403.3
2437.74
158322
77906.4
23518.9
22831.5
46861.5
50937.9
42813.4
5324.1
50361
51979.8
8437.29
23965.5
32641.7
12570.4
944.332
33441.5
127404
54876.8
55826.4
15410.9
124221
60771.7
33024.5
6781.99
67750
21951.9
24167.1
9071.36
19819.9
5182.99
16899.8
3809.28
44719.8
9921.78
32792.7
29057.6
20367.8
14800.6
6670.13
3532.33
59263.3
15142.3
6987.47
6486.65
3366.48
2150.39
35556.7
1053.66
267554
190351
161710
100232
102396
29261.7
94200.6
31956.9
194310
69399.8
50086.5
4568.8
59868.4
13103.5
12950.1
8978.57
164455
42444.1
36494.5
23419.2
30447.6
26681.7
18758.5
47303.9
127212
26805.1
10425.7
6297.36
7188.9
1839.8
6389.54
3087.94
183191
59122.8
104663
29336.4
79348.5
41885.2
26437.4
24040.4
49654.7
33072.4
29144.6
17165.6
32952.7
1945.13
3821.54
1088.61
124583
32877.4
22062.8
5346.14
29584.6
11403
3274.52
489.45
38070
21160.5
5941.78
26916.1
5770.82
6862.39
16032.3
8965.33
138830
42997.1
40582
84574.1
164402
32147.1
38089.5
19738.4
108010
39002
39357.3
18521.3
23496.5
12438.4
23510.6
19836
118419
20186.9
24663.8
18862.4
13782.6
8788.33
31175.8
4708.28
60267.1
20552.1
19222.6
3980.39
15447.1
19136.9
8037.28
6039.21
86682.9
28319.8
38256.3
4530.79
15669
447.341
8455.66
2951.15
24405.7
4474.38
2618.76
5811.9
1603.8
15759.8
13684.5
10573.3
21994.9
21875
35436.2
2068.59
10969.4
511.504
8650.25
5603.03
54423.9
27010.7
3398.39
15926
11351.3
4667.26
0
15926
444907
147009
313898
68653.8
136001
25371.6
79591.5
41668.6
148311
85909.2
84651.3
39594.8
121916
20252.3
48520.7
13898.2
101814
65721.8
31901.2
53041.9
55486.7
9526.1
18239
16141.1
33067.7
27174
23754.7
20516.7
71339
15919.9
5105.55
14932.5
91146.6
73959.8
16125.3
34891.3
45369.2
24132
19348.9
1586.41
35438.2
38322.1
49306.2
11483.4
8944.02
11469.6
8403.32
10933.8
75061.5
22808.7
29994
15710.8
23977.7
11966.1
20930.8
15006.3
25707.1
17129.5
14184.8
4194.26
1127.09
6515.11
0
158.523
99732.5
87248.4
67535.1
19978
82434.8
47009.2
61657.5
6619.15
31093.1
17623.3
13991.2
24376.9
36860
11503.5
7982.86
5696.14
101534
36463.7
18291.5
19197.4
59213.9
15304.3
18298.4
7199.69
10260.2
40384.1
23156.2
22140.8
14565.8
5138.47
3490.53
6650.86
92930.3
16407.2
68128.5
4427.74
31292.5
19111.2
1638.48
5292.22
31218.4
57189
7275.24
5799.95
5193.96
1408.72
20987.9
7022.1
35312.3
45548
7027.43
3649.17
6991.34
27476
6221.15
318.196
3421.94
5861.58
6337.21
1446.84
2408.53
10349.9
12631.1
6795.78
119317
38954.6
81220
39531.9
65616.9
33263.5
36635.6
28739.5
112746
13835.9
43193.7
39791
26448.1
21174.6
14590.6
22518.8
144507
51863.5
7546.69
20068.6
22020.2
25437.2
7114.45
8683.95
42440.1
6871.8
17361.1
4459.09
8817.76
2985.25
26385.7
11671.4
43698.9
48824.2
23460.4
7859.46
51168.6
29590.9
0
9648.13
19979.3
13007.8
7227.15
3843.42
5528.79
3189.67
15410.7
12969.1
60587.2
3676.27
3568.05
5990.23
10121.8
6838.01
6030.09
1318.9
4734.43
510.466
1347.79
5324.04
8434.81
2529.2
25314.1
359.604
23929.2
24469.3
13756
28499.5
50375
6742.97
1890.64
3509.47
35100.8
22749.2
36748.3
9544.08
52800.2
2432.34
10266.1
9494.03
42241.6
18450.2
5487.15
2668.18
23690.8
8199
16900.9
409.434
9148.32
4249.3
11437.8
179.004
29509.3
1292.59
395.687
425.552
8770.12
3837.8
45747.8
4269.29
4604.62
3242.1
3230.44
624.06
8592.54
4627.37
14961.2
8577.7
16352.8
7769.15
0
31989.3
7009.5
3196.82
1995.91
7993.78
16726.7
590.96
2967.05
219.777
18121.3
133.64
3998.25
4558.79
7530.09
1632.58
3630.9
1203.67
298137
356166
394548
58134.4
283745
62196.4
179972
55915.1
272072
152355
182807
81985.6
79125.4
43974
42040.8
32680.6
187994
118543
62820.9
21250.2
143071
98497.4
47672.5
25816.9
92823.7
179286
55231.1
7241.73
104410
59492.6
21434.1
3698.65
318047
58060.3
150693
53328.1
120681
97561.8
54952.4
31657.2
108200
43652.3
55279.9
18274.4
86830.8
30814.3
26554.5
11017.8
127337
52192.4
71581.8
49645.1
101362
62263
70565
5617.48
46156.1
44270.8
31233.9
11531.7
40547.3
32927
21726.5
5145.35
154172
207047
133297
37461.7
98104
102047
32762.7
68238.9
142281
42616.6
14148.7
14260.5
55881.8
26365.3
85690.1
14498
113332
41177.6
62951.1
49291.3
90446.7
22343.7
26742.2
15844.2
123859
36652
29524.7
8329.5
88693.7
21858.2
8750.67
8875.58
126342
95060.1
49567.6
11710.9
35097
32005.4
35024
7666.88
38802.5
18137.1
18835.7
9738.06
27874.3
11838.5
12680.2
28289.3
40463.5
12806.2
44010.3
28398.9
53878.4
19652.1
6057.59
19496.6
21810.8
31052.4
19394.3
3946.22
14653
342.558
4259.04
798.66
334434
71698.6
66887.6
14366
101227
118401
34661
55888.2
215154
60212.2
101379
26788.9
66194.2
12234.2
34211
233.576
152087
9054.49
79097.5
89940.6
65020.7
12262.3
10738.6
19535.3
39425.1
32506.1
51482.1
25482.2
13452.1
4589.65
48847.1
3408.39
181056
37945.6
105657
22216.2
108936
20968.4
46561.1
8473.83
78116
11570.5
32798.7
9457.87
33925.6
5289.67
18462.5
3036.85
47860.7
318.259
27069.5
8311.17
42035
15543.1
18331.5
5381
22167.8
3595.49
575.268
1663.29
21876.9
3832.38
32189.2
3175.09
173976
79185.8
105312
37458.8
15108
16328.9
44720.9
34210.5
173113
30618.9
23025.4
14352.3
33614.1
11903.8
24973.7
6887.14
88470.3
27402.8
28625.3
2178.41
12177.8
29349.3
11053.1
3225.2
25116.2
27667.6
33286.1
15088.1
5151.29
5231.85
11684.8
5827.93
70847.5
45250
15144.6
2860.13
47281.5
3624.2
17172.1
14989
27710.8
4808.41
6518.21
4494.24
4847.97
978.134
4120.46
3095.18
1905.95
11504.3
42323.7
3688.51
19650.8
4543.19
0
1435.88
10226.5
2145.44
2047.72
7022.06
4023.36
1553.34
3604.91
14094.9
199870
96232.8
77830.3
146841
120987
115909
79964.4
62698.7
80059.5
53686.5
74525.2
41876.4
56148.3
36073.8
26287.6
10631.4
116763
69069.9
61905.4
46917.3
76810.5
63489.9
37033
28147.8
87078.7
23784.9
53760.9
25432.5
7752.72
38328.5
4878.25
6734.71
285953
60099.3
101601
26970.8
122382
13955.8
15949.9
11078
53058.1
53947.4
16622.7
23271.7
42525.3
4786.81
14679.6
11566.9
60177.7
52146.5
24037.1
3456.69
10529.1
28372.4
6090.23
2190.7
5726.21
31893.3
31602.8
4995.76
12865.2
2459.87
1487.62
0
129267
43183.5
63598.1
31134
82907.4
8389.95
42274.6
13030
40464.7
53963.7
54839.9
12493
51523
17036.5
15553.6
14643.7
35749.3
15727.9
46422.2
23599.8
27566.3
23813.7
27071.1
358.054
23384
1998.76
9640.49
13331.4
59851.2
15287.9
0
16308.5
207338
18251
46694.2
36522.5
50732.2
23753.5
74332.7
6351.99
20316.1
34510.8
3762.46
19880.6
42829.9
25425.3
279.041
815.797
14884.7
9070.53
4775.34
13761.2
46585.5
2904.35
9924.51
5161.57
15367.1
10424.8
4431.97
3734.02
11594.1
35069.1
1135.22
172.89
236198
104583
63582.2
56161.5
102296
4787.29
14958.1
22260.9
44983.4
52109.9
33214.5
9420.5
3876.2
16326
13549
17274.8
76214.8
10341.4
35967.6
19309.3
15284.6
28167.2
2970.09
5972.5
36521.5
16965.2
35466.2
3862.96
18459.1
4318.31
2044.1
9147.71
73717.7
32558.9
21831.3
8461.43
39623.9
6483.22
2757.95
0
33473.7
16004.9
13627.8
13486.9
1722.79
363.404
14746.5
4317.13
24102.3
7982.52
17132.8
7023.13
23827.2
21215.8
10912.1
0
20541.3
12041.7
32216.6
550.794
13720.6
2694.84
13400.6
0
73065.7
23041.7
20054.2
8813.18
31452
10589.2
12700.9
7587.25
13161
4020.13
15208.8
19381.7
2623.04
20376.5
677.294
6840.65
10126.5
1906.9
5635.17
0
6873.05
12783.4
562.411
16133.9
28148.1
6750.79
15436.6
1462.43
4594.63
0
4684.19
16972.8
2414.8
6089.95
9368.89
633.459
4671.61
15789.3
439.804
9879.1
27311.7
459.164
16922.4
7466.75
2064.53
1021.49
31848
3283.19
24570.2
1760.9
361.195
523.689
3993.34
1532.55
0
4212.84
1958.67
404.746
32026.4
4498.36
788.491
642.803
1314.57
8367.23
182651
75370.2
227413
58233.3
164039
39764
33702.9
67950.9
218844
140572
42636.2
22551
145198
14991.3
46204
27276.1
48176.4
67039.9
92151.6
38361.5
19154.4
25234.7
21231.7
3092.94
63431.9
20486.4
20920.6
23956
11065.9
6562.06
24087.2
4706.04
83315
58702.9
36317.3
36150.4
69562
36804.4
40995.3
16938.4
37182
31569.9
22602.1
17185.1
18321.9
31264.2
15360.6
6011.35
65787
40704.3
32589.3
7187.67
34764.6
3026.68
14265.7
5674.3
10456
4805.68
7930.44
5398.81
38998.6
17187.7
3546.14
0
128182
50151.1
41963.3
47454.2
40122.1
36243.9
59825.4
12540.6
53093.4
28231.5
36651.6
18000.6
43909.5
8836.66
7918.37
17289.1
50763
27854.2
79143
7871.52
28687.1
1729.79
20024.2
37535
62023.8
5198.99
2413.91
0
22491.5
10806.9
34864.6
19577.8
56981.1
4976.98
32815.7
21684.5
27909.8
19925.2
33992.7
8369.59
17424.9
14083.5
28412.1
4919.05
15238.9
9709.94
617.289
446.828
57088.6
19822
29768.3
22743.7
27458.3
1702.91
1971.34
0
7308.77
9759.88
905.541
20481.3
6611.49
10410.7
1011.23
0
159366
107448
30697.7
34791.1
21137
5321.92
17348.9
20084.8
67679.2
14182.9
35615.4
20498.1
37530.7
24498.4
36677.8
5359.5
74500.9
59825
104841
2547.11
23352.4
9196.95
1803.46
14558
35519.1
4395.3
20135.1
4856.3
16775.7
0
370.118
7053.69
112276
13593.1
68183.1
12923.1
23474.4
37820.8
1470.65
10055.9
46985
5341.71
9019.51
1795.85
4425.88
33351.8
715.934
3419.46
25244.7
41312.3
5137.72
20258.7
9393.5
3243.75
32972.4
5818.66
22450.1
22723.4
15060
3599.99
588.249
3780.18
1739.26
10228.7
70632.9
37766.9
22532.1
63763.3
7606.18
16793.4
15264.3
7651.35
35058.7
6542.83
5544.28
6295.26
23281.3
21574
20788.2
3048.12
62741.9
21124.3
18352.9
2071.8
6401.77
22689.2
3531
10614.6
2376.25
1530.07
17286.8
1933.1
3918.72
6609.42
191.27
2898.27
9645.99
11859.7
24795.9
16580
24238.3
8246.14
16434.5
5441.08
12296.4
12524.9
2124.91
0
19328
12375.9
11334.8
1453.87
21240
26739.5
2269.21
17624.1
10004.9
0
16140.8
439.053
8773.45
1825.14
13127.6
4902.93
467.977
0
1402.98
0
182077
73516.6
119051
60337.1
33573.6
25854.7
27339.8
24110
88801.6
58075.4
69654
6981.11
2107.35
16407.1
10462.1
16148
54284.6
60567.2
95751.8
28030.4
27090.7
3676.97
6343.53
16464.4
27509.3
11681.8
2660.64
10505.1
35251.6
14627.4
4888.27
611.973
48378.7
45449.4
48714.7
1986.46
26305.5
4452.44
24811.5
0
23228.9
15548.8
25300.2
1893.42
16618.5
7471.11
0
1074.26
35410.5
31251.9
3884.25
23638
3832.27
12930.4
3616.62
1164.61
12490.4
1297.11
7080.8
34747.5
22255.5
196.508
6140.06
16307.6
43028
37984.4
42954.3
6381.51
26122.1
6272.98
22851.1
7535.98
85155.8
9841.14
27779.6
1631.17
20211.6
2125.42
2191.01
844.816
34748.1
30450
2611.99
237.937
29386.9
15415.4
15442.9
0
24761.2
6102.04
7923.84
0
7713.18
0
10068.2
3875.42
7114.81
6896.17
7308.12
11283.5
9287.87
3590.38
0
2009.53
13983.3
700.641
4322.24
3187.63
5254.49
179.139
16815.3
274.812
34546
706.706
9962.24
0
11276.6
15926
3270.16
3125.18
437.971
0
6801.32
2790.67
1548.43
770.61
9734.19
0
78190.4
14461.7
17793.8
16031.5
31374.6
13217.1
28129.9
283.154
2925.69
25419.2
13189.7
5630.78
18578.1
3292.91
5449.72
11074.6
25087.4
21418.4
7490.01
4489.59
18584
33769.1
6049.89
2278.36
15336.2
18188.7
5371.2
1991.83
8015.13
1633.58
8289.82
3390.24
40159.9
16242.7
2226.09
55566.8
2963.97
8365.12
10372.4
993.453
14542.9
4970.32
980.945
0
16413.7
9789.58
1303.9
0
30390.3
6436.25
21287.8
13220.4
7361.51
0
0
0
2692.36
394.652
2921.66
16666.6
4433.26
230.788
0
0
33147.7
2637.72
7108.51
5045.2
25356.5
4339.44
16569.4
615.699
5879.75
26342.4
3659.95
5904.81
232.667
812.292
916.266
1160.42
3730.35
27906
20256.8
0
5240.58
5940.13
1605.64
5541.46
1712.41
2177.1
4065.3
4382.23
3437.61
6658.69
0
0
35570.5
4448.84
7641.01
6382.69
18745.6
756.639
9868.73
0
2902.23
4061.41
0
982.791
0
0
16446.4
0
12917.4
1189.25
10863
0
5252.25
16871.7
943.487
4652.56
3084.81
0
507.3
237.335
1421.86
848.408
0
0
560740
305968
355807
134066
213765
60538.8
132217
42487.3
281220
118904
142235
126834
120363
103491
25693.6
10630.8
293705
106906
164261
166139
39853.1
59205.9
145181
34168.1
121312
25683.3
50795.6
25546.7
26859.8
5150.18
17787.8
30706.4
212989
139721
186903
76628.6
110647
70742.2
9876.36
19005.1
91306.6
105964
22787.3
41542.3
50301.7
29720.7
38917
10275.5
125484
7797.73
28302.8
72909.5
64952.1
24847.3
32879.7
18938.3
39005.3
54426.1
10121.4
8982.94
55581.4
7805.8
30581.2
7874.61
254287
144996
131678
44048.1
88633.5
43199.6
123164
42311.4
153880
77945
65104.1
13447.1
47615.7
14447.7
8108.48
18399.7
129589
114477
33200.6
12205.7
88510
18462.1
40291.4
12282.6
58269.8
6956.53
63796.1
42853.6
7410.79
49975.3
5681.3
30151.6
215735
127854
45027.2
35027.4
44219.2
29661.1
23577.8
18015.7
34998.4
62651.4
31587.4
26456.8
15306.5
6924.18
23214.4
0
64639
31065
93838.6
20209.2
40111.7
6968.04
26614.3
14407.7
39024.8
7451.16
15461.6
62648.4
4575.4
8814.38
11344.8
535.491
244290
95824.8
178226
55526.9
73144
49694.5
53831
31863.2
166584
114899
73384.8
46382.8
62909.9
11732.6
55336.7
9305.84
167433
87891.4
43578.8
20394.5
38741.2
22600.7
9673.21
23902.5
40794.1
14776.5
28412
24273.8
31285.5
17833.5
30078.7
1312.68
183748
98218.2
13541.2
21712
48901.6
28666.7
29719.9
23632.7
94806.8
27524.6
91848.8
27773
67937.9
4362.42
41471.8
2862.27
97713.6
20197.5
9676.38
37827.1
18208.1
5562.49
37262.1
33422.6
7905.26
11538.5
3277.29
412.38
4938.39
2915.44
3617.01
5815.89
127487
62515.5
88590.7
25401.9
52273.8
14195.8
16777.4
447.564
44824.1
21867.5
44223.6
3352.67
14759.9
9244.39
8168.96
19495.4
58530.9
2447.55
23091.9
27708.9
33333
12914.6
18446.7
6570.06
47503.8
23542.1
20305.5
2932.4
16913
647.143
6470.36
3753.32
53895.5
61335.3
33861.3
17221.8
18668
3613.84
41984.1
13720.3
27116.3
11600.8
9264.96
5279.2
45956.2
6374.19
7935.8
1829.74
20062.1
7387.56
10568.8
15796.3
16062.9
2533.12
2767.78
716.824
62637
34362.3
691.412
2629.42
2573.29
0
0
6577.31
246721
87985.2
123136
98251.5
103899
46359
74282.9
17632.4
278545
20310.5
90696
20713.2
39700.8
22977.1
15180.6
11836.4
139653
115877
77804
24808.1
62657.6
6317.3
46248.6
17385.9
66151.5
24517.8
23126
12679.2
27759.4
37239.1
7589.73
1120.75
77858.1
67507.6
84410.9
10346.9
109271
61888.5
87208.8
19431.9
112205
43103.3
25466.1
6134.63
55084.2
25826.3
12040.2
38429
53905
7458.36
55286.9
22482.6
41246.8
4041.34
7201.37
7920.23
39605.4
10254
30990.4
5710.1
3359.19
4580.7
665.045
10146.8
161764
58080.7
52340.3
22495.6
71533.5
40288.1
25070.8
5046.05
55731.2
32888
8804.77
26018.8
18367.3
10689.5
10830.3
4561.6
77995.7
31089.1
23946.4
6724.07
24513.2
32104.9
26777.5
6750.16
85946.7
8736.75
11181.8
9145.79
22700.4
13120.2
6018.64
1883.06
59231.5
14041
10002.6
31618.2
25370.8
7825.42
8583.73
2077.18
37881.2
26387
27720.3
4090.35
5833.75
698.187
3244.54
9597.39
65653.1
24405.3
51278
12850.3
5177.53
7103.37
14068.7
1392.38
13554
5673.36
1763.99
4936.25
19709.8
706.984
2711.83
2151.12
162734
121756
76673.4
11316.4
67374.5
43620.9
10631.5
26728.9
37545.4
19417.3
36907.1
4034.5
25968.8
10697.2
12714.8
14006.5
36071.9
27924.7
30099.2
15593.4
7638.13
11282.3
4480.83
53963
31923.8
39974.7
4426.94
9345.76
528.916
305.894
8370.99
10347.8
131485
17155.5
24097.6
25793.1
26659.5
6081.89
21696.5
4999.65
13330.9
8919.08
15429.6
4128.86
11925.9
7734.58
16245.7
0
25239.9
5803.98
11069.1
3285.96
16471
4001.61
23221.2
16269.9
9898.64
2014.89
13242.9
14989.6
351.668
24577.2
1419.73
1788.4
93736
12373.9
7623.79
15622.8
13555.4
37719.5
11181.3
14798.7
44169.2
7517.78
51596.9
26426.8
10177.8
7264.04
2220.55
15378.8
2135.27
19599.1
27033.5
10836.6
9246.21
2009.76
752.165
2486.37
37177.9
4127.87
4587.75
1934.97
12638.1
1337.33
863.405
0
34240.9
11172.9
41343.6
26068.9
28129
55287.8
3624.5
4585.76
8778.12
233.003
478.052
23410.9
13346
0
3368.91
0
14222.8
5688.91
21119.4
0
7122.28
3693.15
235.202
1041.64
2268.31
24305.5
421.173
1657.94
2281.92
330.373
0
1576.17
549548
157690
144004
64096.9
201551
111262
55344
35585.9
115586
81436.6
86364.3
51065.1
31049.4
39011.1
50936.8
24946.7
157519
37965.9
72140.9
69458.4
48462.7
4329.98
55693.1
2624.46
49289.6
36418.4
17998.4
2716.84
32880.9
7417.28
3558.63
5638.65
62709.1
127574
107501
30848.8
43575.3
52980.6
2380.41
18894.4
88666.9
55717.2
23205.5
3036.77
26456.3
17079.7
39912.1
17736.7
51932.1
65122
44219.1
22986.7
35691.7
18414.2
9053.94
8091.98
33554.5
12824.3
19923
5109.89
31962.7
14124
5167.54
1220.15
141345
88276.8
44883.9
58090.3
61339.8
40035.3
40656.7
3485.29
64329.8
18598.2
22352.7
17391.7
35588.3
13220
10880.7
18805.2
74861.3
51168.4
27566.5
39090.7
55298
5616.6
10631.2
397.824
42005.1
2489.45
12397.2
22553.4
5485.67
3630.53
11647.9
9244.65
69476.2
18948
15202.1
951.098
35357.9
6668.57
35791.6
4660.55
55641.3
21114.3
10132.4
4893.89
6835.8
6445.19
4023.7
3188.8
30419.5
17764.9
47171.1
13725.9
11574.7
508.005
9164.05
3827.56
26880.7
35612.9
9402.09
3794.3
17136.4
12718.3
0
742.577
96217.5
104050
96521.8
15301
54867.2
12600
37122.6
6620.09
53861.2
11851.8
31431
0
25171.8
11071.7
26467.6
11063.3
56692.5
56132.9
50492.1
13166.7
33348.8
16837.7
10020.5
9244.02
29922.7
6351.01
8824.99
4644.12
12352.1
4474.02
5286.7
302.165
52827.8
48889.2
11604.9
12332
10030.1
9875.65
11926.5
10421
30378.1
4820.75
7520.49
22940.8
20649.1
4274.76
379.935
3237.12
30848.2
43080.9
3781.68
287.029
21385
9715.6
2600.69
19436.5
9781.08
13825.4
15960.1
394.829
36466.7
800.704
10200.7
2993.2
88911.3
36069.6
11736.6
23566.3
90659.2
21789.6
22347.5
421.238
10496
16986.7
31250.5
2648.47
10354.5
2070.01
4972.05
2030.53
20752.1
4905.22
26742.6
806.885
29804.4
1896.95
10896.6
3525.3
18028.7
4506.69
22736.4
3205.81
4912.51
0
6119.62
3362.61
4014.9
37103.6
20842.8
7788.48
23663.7
21269.4
6199.75
22964.6
34240
9683.03
3252.56
1401.16
6558.85
2863.38
2707.48
6787.74
9207.05
33689.3
1604.35
1402.67
16870.5
217.743
3042.87
2912.67
11826.4
498.461
19703.4
1930.29
7053.88
874.477
0
5582.24
404485
44439.1
58792.4
40833
69254.6
71594.3
43673.1
31478
27300.5
43984.5
23597.8
31588.6
23668.8
7778.98
12932.2
4108.26
48224.4
32082.7
44211.9
23143.6
53265.3
6593.9
21243.6
1649.55
31234.2
5377.52
3453.68
1154.36
9471.89
8131.63
24208.4
5530.31
121694
28536.2
93522.2
7038.67
46560.6
18747.2
31069.4
0
37631.2
12811.7
29453.5
10909.4
24704
13454.5
4042.71
15209.3
19743
7211.88
5911.91
0
14239.1
1556.38
1318.64
3852.82
19747.4
10971.3
6110.7
7123.91
21750.5
3728.57
16528.4
758.177
19562
21617.5
31586.9
18780.9
71261.9
10029.8
16611.7
40103.3
40972.6
16266.6
21015.5
6625.09
53343.6
1013.12
0
7734.4
63243.3
32362.2
5870.7
2808.88
16815.3
8861.52
1844.15
533.351
26036.8
6293.67
28328.8
9478.09
4504.69
399.322
2932.36
366.344
27716.1
27342.3
13059.8
2865.42
6785.6
5264.11
6539.4
1848.56
2791.47
3442.28
10754.4
12351.5
7349.69
1203.63
7789.05
3295.16
7782.11
921.632
5969.78
7101.14
448.953
828.446
9305.5
4352.28
7758.84
378.843
792.594
0
4337.23
6109.94
369.481
0
64923.7
16731.7
40270.6
1988.6
35621.7
3091.7
19012.2
5040.35
18417.8
36883.7
13587.2
4977.24
15294.4
1729.73
422.406
0
75925.7
17436.9
5261.06
27470.2
14067.8
4348.87
17787.9
1453.44
3846.95
1176.64
6270.33
0
19388.8
2559.57
2632.33
414.497
36927.8
10092.4
13356
9801.59
23169.5
5386.95
2813.68
1374.56
8322.77
6699.55
781.771
16785
12274.2
1558.42
10620.9
2928.07
4012.84
959.919
18031.3
1989.25
301.285
327.225
13508.4
0
1629.36
2755.67
0
0
1217.72
214.741
1147.86
0
24552.8
5582.38
7251.27
4856.71
14214.2
12442.5
5299.02
3519.15
13757.1
4927.8
2083.21
277.676
13601
4088.48
9042.27
0
36298.6
8115.55
11130.3
808.513
2977.74
215.121
28021.2
18869.3
1016.76
35806.7
1402.94
2159.6
6336.48
0
464.181
2160.65
30394.2
33672.2
21252
6801.54
270.37
0
940.3
13101.1
5262.55
5208.2
3282.82
421.757
1479.72
0
1077.22
1312.77
0
2495.3
309.214
0
3934.3
2278.56
0
7367.41
0
7059.91
0
0
289.216
1829.3
368.583
1051.33
150128
123525
133788
23432.5
184641
38772.7
37656.8
24340
229379
57540.8
102874
54710.8
47423.4
23207.8
99741.5
13723.1
141745
101078
66001.9
49293.8
75248.3
16395.7
2888.79
15086
26720.4
41660.5
75325.1
1056.14
29026.6
17087.6
3177.42
17267.4
214637
45154.9
55158.6
29840.8
39465.3
14406.8
9876.74
13169.6
81640.9
6367.5
19698.7
39523.3
6110.15
11926.7
2988.91
10026.1
90106.3
30116.5
19699.5
13836.8
32511.6
4813.69
21382.1
36531.2
13494.1
23290.5
7072.23
2183.48
12461.1
2307.45
2808.06
1825.38
252864
86575.4
50163.8
40561.3
101691
66481.8
53779.1
13150.5
57058.5
5143.46
28286.1
49585
48379.9
9828.31
31544.4
602.115
43037.4
77464.1
35518.4
11225.5
51336.7
16177.3
25091.3
4914.83
23192.6
8377.26
6718.53
2539.38
7564.42
1688.29
34866.9
0
58297.1
60409.8
25295.7
12665.1
8399.83
1298.37
5283.94
798.027
62512.1
17625.6
36885.8
4310.05
5907.18
31282.7
18214.2
583.084
19813.3
19333.8
3387.13
0
42264.1
23160.2
19399.9
8628.35
1765.79
5036.44
820.529
1917.59
10216.2
1087.02
842.217
2578.51
106912
93343
15777.4
40362.1
71960.4
24846.8
19121.3
22115.6
79612.6
10339.2
37966.3
19388.8
22969.8
23045.9
21458.2
9974.98
125290
62886.6
37606.5
17131.1
29738.2
3859.07
20546
8022.3
5977.44
12459.3
82859.3
186.434
31424.8
1760.71
6521.8
6849.9
70234.1
43705.1
22736.3
16500.9
23047.2
339.353
17718.3
5799.99
52415.2
11283.5
20461.4
8220.77
13014.5
2446.58
14594
6015.48
58700.7
24130.7
6091.13
7847.9
18648.3
4014.13
2187.21
324.525
27429.3
32849.7
6484.22
0
9303.23
7039.77
8226.66
3898.01
54604.2
25044.8
49893.4
10231.1
41009.4
20818.2
24825.9
12445.4
36305.9
19286.6
3168.47
7035.52
16684
6573.01
6029.8
3382.79
33057.2
2012.77
4649.5
16340.5
21484.4
314.716
17174.2
2301.38
14239.3
2401.37
6048.95
763.573
5790.85
9089.41
0
3949.26
18323.5
7009.14
32003.8
13696.2
15926
2157.33
6620.08
1333.4
944.925
1314.48
17019.8
6992.35
1409
4362.67
461.567
1397.65
10902.2
12228
3364.88
1477.95
2226.21
22143.8
806.807
836.223
6861.78
16536.9
25846.9
0
2208.62
1209.48
1255.86
0
120963
72843.2
65975.2
7317.08
95838.1
27516.8
21061.4
7505.66
19543.1
32204.6
29531.2
8790.54
13991.8
14591
3897.01
4950.67
14500.7
65752.2
13612.3
1841.22
11394.9
42340.8
24517.1
22026.7
28686.3
13644.7
2000.57
15915
2444.04
12284.8
32589.3
16836.8
58352
32492.9
32897.7
14534.8
34019.3
9161.03
5345.72
12124.6
20512.6
16854.9
8895.61
8526.81
10158.7
5797.73
7864.88
1625.43
32202.3
40388.2
9823.35
7838.19
19873.3
4319.25
1686.93
0
5739.39
2908
3705.38
5165.27
2767.65
13083
4753.01
23367.8
108501
42973.9
18574.2
21479.9
25498.3
3081.93
14088.3
14170.7
27025.3
29744.5
30956.1
3312.45
25601.1
5196.06
111.516
5550.02
25577.6
15813.9
14231.4
943.798
19093.9
4863.68
11646.5
2403.25
9068.16
12672
16122.8
1607.96
8443.07
0
4840.72
414.675
39185.8
9204.03
10131.7
4130.46
10632
11002.9
0
7216.68
548.037
0
9430.79
920.377
19946.6
0
323.235
15926
10512
4642.42
2468.39
8792.88
3326.88
12405.5
265.946
0
22460.4
888.538
23393.2
299.041
6420.53
0
0
883.753
89177
8118.85
14821.5
11725.8
20051.8
33927.2
29519.8
10138.3
73042.8
16873
9199.53
5025.07
25973.8
2955.03
9208.45
2890.64
32701.6
365.11
9866.57
7630.23
9439.82
15934.1
2311.95
7618.95
2835.76
1125.19
3314.89
248.206
7583.68
3989.15
1563.85
0
13705.5
12989.3
6277.53
4365.49
27721.9
27185.6
2840.79
347.45
2832.65
16791.9
5329.61
23498
7536.79
2000.65
0
1309.06
3628.07
7030.15
0
2628.44
225.082
286.143
699.576
0
8493.77
18981.1
369.383
16102
0
0
1215.66
0
36530
4896.23
25049.1
8662.48
15490.9
11690
3400.12
17085
9965.52
5968.4
2911.73
381.453
599.332
979.972
2232.57
0
7837.45
191.619
9985.37
454.234
20005.5
397.051
0
1874.11
2480.02
0
3878.76
0
835.291
0
1575.67
286.277
1954.61
586.365
24867.3
1148.68
17878.8
3461.56
161.917
829.721
1409.47
12215.5
3060.76
1197.48
7599.06
0
603.851
0
10253.5
0
5566.69
19236.7
597.488
722.338
0
0
4643.76
9195
7439.81
0
2450.81
2303.44
19347.8
0
121391
33254.7
51587.8
56148.5
31878.7
13026.9
12714.9
4735.88
93857.7
28537.7
8423.05
6808.17
38019.6
52069.6
5127.53
2071.3
31314.8
8299.38
35796.3
23381.6
23150.5
14733.3
5085.75
0
19353.3
2021.71
5544.76
3799.19
28278.6
3119.69
24411.5
3258.83
68808.1
15900.5
26500.5
22951.5
38323.6
12195.2
7285.69
24195.1
63030.6
2316.18
21473.3
13493
1808.36
28412.5
7384.08
12389.8
41879.8
25992.5
965.281
6867.75
10574.7
2216.52
3478.45
5720.41
6250.1
17316
5404.11
0
6903
1252.13
4568.73
0
46570.3
17829.2
20217.1
10056.7
34868.1
1452.9
5511.23
2069.46
8352.1
41742.4
2613.96
21189.2
3306.91
14652.4
546.357
2635.94
68169.3
13891
88601.5
2595.05
12291.9
12343
9917.46
707.059
11117
915.273
0
7390.5
4708.2
0
2328.99
1241.34
31826.9
8713.53
13918
2532.97
20012.2
1641.21
485.96
925.943
1038.99
7126.05
0
6623.23
791.666
0
368.125
0
13651.2
965.813
9314.09
4643.42
21698.5
221.711
3636.7
7166.52
3552.38
835.702
9347.33
2309.25
1865.22
0
187.273
0
24832
19154.1
6713.57
963.339
27979.8
4356.49
7105.06
13556.4
7774.27
17701.7
12446.2
16999
18124.1
10636.4
1223.6
8954.87
32591.9
13763.7
24936.3
2401.72
3923.67
1362.66
1510.02
2756.76
20154.4
6266.5
2187.27
9783.83
10090.3
5453.44
272.028
290.924
31194.9
9849.21
23285.1
2675.08
25017.5
7411.6
3253.25
1232.06
4007.8
560.534
0
445.006
8686.74
25647.5
633.202
614.086
2280.58
8330.3
2887.66
3532.25
15797.5
1623.83
0
427.078
11221.1
707.813
15975.8
1306.9
649.654
1275.64
0
0
17025.2
27755.7
892.284
2579.44
34675.9
7957.06
259.395
1521.56
7087.85
1874.32
18437.3
30299.8
9732.38
7132.13
1523.71
1248.2
24021.4
16415.7
11402.1
9970.98
0
3525.07
0
299.94
33857
0
2213.06
2196.5
825.55
0
1050
1842.88
11735.1
5557.04
12013
0
12185
2373.12
3837.15
3884.31
6379.64
0
0
3945.45
3845.34
543.824
7928.91
0
0
3357.93
139.568
2786.02
0
0
1218.4
145.619
292.667
0
1455.16
300.69
532.296
0
4316.6
477.012
31705.3
41877.6
14354.5
10276.3
68932.9
1169.63
6238.35
2460.55
17128.6
32351.2
3510.57
899.453
28491.8
12738.8
488.5
21046.1
40441.3
5064.23
10771.9
4780.75
44054.2
8037.67
5110.62
26262.7
8844.76
2690.63
20895.7
1865.91
8960.05
4498.07
20742
915.933
98442.2
24292.8
20022.9
7441.55
7786.63
21878.9
24411.9
1632.45
7580.25
4823.78
3183.26
931.264
1116.4
0
0
1124.24
10256
3709.92
31414.2
8233.65
3624.65
1255.69
723.071
15514.4
15991.7
0
385.482
910.329
10528.2
2230.53
222.681
312.023
72187.3
9002.58
5548.9
18120
31816.9
10944
17569.3
3112.17
14150.4
2792.21
10093.2
4169.16
333.78
822.7
0
0
56287.4
7856.29
3710.31
11477.9
4057.98
0
17280.6
15926
9714.39
21902.4
3352.33
3271.52
251.58
3908.46
31848
1229.72
2363.49
3958.33
3906.45
15666.9
22717.4
644.495
0
748.712
10276.1
2295.39
17364.1
5358.88
15926
312.466
1621.25
1251.74
7376.72
0
288.635
3364.02
0
0
563.107
0
17608.7
688.484
0
0
17128.3
0
735.898
0
36063.3
5304.17
4336.92
3906.68
25971.9
3499.52
6446.07
1298.62
37418.5
16636.8
12759
5556.65
4969.08
1716.38
1908.48
18225.3
19704.1
10725.5
25380.3
2730.15
8137.44
2418.37
33807.2
4312.84
1850.98
2386.77
2747.32
17034.1
1905.37
16625.3
1259.89
0
13183.8
9377.37
19643.7
4137.99
6442.28
432.299
19542.4
0
15709.2
3580.77
0
272.051
7978.45
14878.2
3652.28
2399.52
15842.7
4864.07
327.379
15926
3379.79
629.873
5870.91
3193.84
2750.41
3859.93
395.616
0
0
286.529
0
0
66225.5
8238.47
18539.8
658.132
3058.23
1151.81
815.416
8191.43
7376.93
530.49
0
2012.57
346.102
0
0
1604.97
1274.45
9878.74
0
0
11744.6
1380.32
185.68
15926
1226.97
0
0
0
410.614
0
0
0
5598.17
2170.16
1228.99
6200.31
6792.02
1296.87
962.121
263.619
0
1097.65
3219.98
0
6350.68
2914.88
159.653
0
4185.95
70.9396
396.959
0
577.807
0
1610.21
0
0
0
0
0
450.144
0
0
0
583137
110982
279304
100990
287515
155650
131709
85889.3
239268
165822
105317
37416.4
138697
59143.9
67180.5
32635
403203
67517.4
140717
124688
119421
62884.9
49766.6
1338.44
140119
71387.1
48224.4
15927.5
85240.9
63865.5
31654.4
26222.3
307256
42240.9
66549.3
53443.9
224725
91721
33133.8
18256.2
208741
101238
44347.6
28524.5
36941.6
19165.1
16091.5
18501.4
152201
61877.1
44015.9
12523.7
72213.5
53626
7862.53
4113.6
44864.6
9173.2
23262
23880.4
11758.3
7251.95
15381.2
19441.1
407577
80443.3
178597
33141.4
310294
139114
64072.4
20000.6
228865
47751.6
44961.1
89164.4
74364.5
37320.4
23996.6
6778.79
183079
54130.3
30084.7
27371.1
59052.9
65054.9
37812.7
17130.2
42699.6
18546.7
13917
5796.11
28349.4
6242.85
41041.4
5363.42
192512
58770.3
59608
33239.3
63496.6
18201.9
28581.8
24820.4
29869.2
39162.1
51638.1
34404
30041.1
19483
14750.6
2909.99
95124.6
23529.1
35440.8
14085.1
29583.7
39967
3705.24
10183.3
32755
55707.3
11151.9
11432.5
37593.7
5768.17
3089.33
19496.2
231241
100617
172988
45068.8
116859
87953.9
103898
48189.8
66836
78103.9
95000.7
71935.4
124160
11631.2
21376.8
4944.14
147587
23596.4
88249
8739.46
52041.2
12027.9
66005.7
2115.45
93615.2
13698.9
47279.4
20383.5
87532.7
918.084
45016
20625.8
101029
61834.9
20389.6
4245.05
34233.1
51760.8
58666.6
13219.2
133885
33532.5
28597.9
7060.68
16800.8
20414.7
20591.3
611.696
92491.9
18586.7
8476.83
9813.82
84587.1
5700.87
7509.97
8622.31
34900.2
42283.1
44148.2
3515.86
15750.1
13251.5
2985.38
8246.22
124162
28573.8
42477.2
53761.6
81443.5
52517.4
42428.8
23481
80621.1
12928.7
42065.3
42553.8
15867
1469.66
6426.23
15860.1
57521.8
15831.3
28507.5
14768.2
59500.9
11504.2
3814.91
2810.75
19434
22632
22237.1
12700.4
13998.6
19827.2
18166.7
1341.44
61814.2
40741.4
31699.4
2304.61
97134.8
11892.2
24781.5
3765.05
34642.3
9359.6
3307.14
12963.7
15313.3
1911.29
2315.5
287.377
24877.8
22642.6
20338.3
9645.27
35771.2
1269.18
7331.26
18140.5
36672
8266.34
6950.76
226.426
646.02
2682.55
20633.9
385.06
263650
131028
30308.6
31869.7
125054
59712.4
81592.6
51000.3
59814.2
78022.2
94310.8
45387.2
89542.1
14743.1
16211.8
1441
97465.9
68256.6
76011.3
19653.6
73593.9
50968.7
19361.6
7431.67
60564.9
27801.4
3343.29
11925.7
3094.2
14002
14285.6
28972.7
105008
78565.5
28350.3
8029.17
40781.3
30274.5
15309.9
6506.99
74671.8
17975.7
32046.6
3206.22
13924.3
23744.1
5675.6
6179.97
63973.2
32397.1
41493.5
1764.35
18043.2
9011.14
10806.1
1871.56
21926.7
8772.35
21801.4
0
12110.6
3253.37
0
566.638
139870
52311.9
23356.6
1967.5
67251.4
47976.4
54665.8
9237.82
94411.3
45555.8
28166.9
21255.9
2789.06
3798.13
526.637
26853.1
62978.7
54920.3
47297.4
2373.15
3183.66
7224.12
2824.15
2018.19
15795.8
28150.2
18133.9
3051.68
30907.7
3299.05
16565.7
15926
64541.6
41682.9
33214.4
12705
5575.48
20581
4592.6
9724.17
19563.7
90091.6
20848.5
36935.9
10479.8
16991.6
1044.95
1291.38
25959.4
12687.5
10606.3
19999.4
38997.9
2648.05
22416.9
1438.13
21921.7
11917
4995.1
25465.8
18823.8
5576.9
1779.58
4279.14
154668
84927.7
3060.65
29206.2
29435
18467.9
48242.8
16654.4
62080.6
20711.2
15530.6
15932.7
0
3349.89
9867.08
4127.32
34932.1
97179.4
24550.9
5828.76
71693.4
9711.48
18405.6
238.579
52067.3
15661.7
17366.9
10193.4
34848.5
735.631
4449.08
458.489
149087
34549.6
3556.92
36198.8
40968.8
22840
1945.01
2787.54
19251.4
5010.08
1731.07
10226.4
21959.5
4212.29
2017.13
0
27414.2
41164.9
11028.3
11294.8
20229.3
6832.19
13724.9
9322.61
21557.3
8841.9
2215.78
2061.12
1848.23
4875.09
16119.4
327.359
96090.2
40614.5
53924
4463.64
25565.8
3607.7
17101.1
1189.18
20431.1
13225.3
8170.68
4836.62
16079.3
15221.6
17950.2
145.03
23145.5
10914.5
45370.8
0
15502.6
10583
8113.16
0
17603.8
9558.05
877.589
239.434
6968.75
2070.79
0
251.64
37728.7
17877.1
5935.59
13792.1
19990.3
0
902.033
6827.17
29904.7
13002.8
8711.7
310.549
2226.57
8621.83
1948.49
2551.55
7423.96
4755.83
21902.9
4905.13
2265.81
3666.27
2109.66
1625.18
1501.33
0
271.024
2157.41
2074.75
0
8586.54
3886.17
429831
96476.8
167580
66334
219446
44637.8
122439
36167.7
155108
18685.5
48078
24839.8
58897.6
36232.1
26298.8
1746.23
139247
113328
68744.9
26540.2
57191.4
19593
63569.5
5720.57
47330.8
92541.3
42385.9
15599.4
21148.4
77573
11422.2
2066.81
191275
106380
78559.3
9840.07
36457.6
30720.6
16761.5
4501.01
27803
56774.5
751.794
7133.99
38070.6
12338.7
12678.4
20928.7
40771.9
57897.5
28310.6
3775.38
54385
12118
16722.6
7290.8
69877.3
42357.8
15729.1
20018
12926.9
5400.11
18043.4
0
59291.4
105927
68550.8
18471
28080
66758.8
16256.8
12722
106056
22639
48716.4
15884.5
29080.7
19360.7
22388.3
1913
64191.3
10248.2
44712.9
30136.3
52535.1
32143.5
38075
24060.6
9802.83
20897.9
1403.84
23316.3
3462.75
0
6621.59
0
61458.8
14909.8
33918.8
12985.5
10175.4
15412.1
11860.4
13061.9
47950.2
43054.8
17860.8
17379.3
40144.6
9259.51
12104.9
204.96
36195
774.187
51645.7
0
4341.78
8685.07
2949.15
7187.87
26827.1
13885.9
10288
2157.89
4330.41
2973.88
6981.32
2689.86
232396
64874.2
46389.8
13020.5
112414
15045.7
29046.6
7893.26
60645.8
12625.4
28654.4
3828.63
45663.2
29480.9
11601.7
11028.6
114822
71204.6
16557.2
17039.6
38060.3
5882.86
11808.1
20244.2
33862.4
4916.27
11771.8
7484.6
22236.5
22778
3250.56
2473.92
66298.6
50868.1
60710.2
24307.3
34057.7
33743.6
19930.7
4373.29
22872.4
26149.7
16615.8
3806.85
8185.12
17910.2
6034.96
0
27921.1
16156.1
15062.8
729.46
3233.99
0
1536.91
345.146
19266.9
24777.6
1992.16
1715.28
5313.96
1141.49
1035.22
0
72553.3
16969.7
52690.2
8484.86
17104.7
3051.33
41298.9
16831.6
15659.9
18850.1
3309.23
1176.68
29055.4
896.512
4102.42
4021.11
49654.4
10020.8
5240.47
15397
18747.3
1484.83
3747.46
6242.04
5623.33
6658.22
36210.5
3965.77
19880.7
0
1052.39
0
27960
25066.6
9518.62
35688.7
26661.6
7119.64
17328.8
2836.15
7165.02
2651.24
33982.7
0
13764.4
381.26
25628.3
15667.1
10607.1
6155.87
2659.5
1027.11
1074.34
9585.65
13951
1394.09
14698.6
4815.63
1877.5
1931.75
5330.94
0
5428.84
0
81552.4
32057.2
30788.9
42079.2
12572.2
10351.1
34077.9
20845.2
31967.3
26118.5
13571.4
43592.3
36924.1
14638.8
23251.3
16598.1
58613.5
55446.9
48899.6
15744.8
54523.1
13356.2
14675.9
12201.9
42896.4
1255.96
39911.3
2421.05
11705.4
8193.15
1257.01
0
127751
45379.3
45505.6
34594.8
26211.5
2567.93
2333.88
2177.34
33568.9
5287.8
0
449.016
24835.8
353.047
2390.03
4924.63
48489
2858.97
32668.5
12057.6
11541.3
6082.33
470.046
8257.51
32457.3
892.798
20568.2
17995.7
5172.96
0
8562.12
226.759
54759.4
34651.4
33488.1
8263.81
54556
17498.8
12630.5
9631.9
11290.9
51977.1
3873.02
1611.47
29218.6
14674.7
12029.2
2607.08
51165.3
3529.34
1718.66
1465.04
24854.5
20052.6
28806.3
1143.32
55786.7
2521.84
16080
6948.53
9884.73
6219.33
18107.8
994.395
62185.9
29661.3
34053.2
1103.69
2090.44
2262.97
4056.87
2847.34
19613
5342.02
3894.57
12191.9
14984.6
17463
36838.8
360.982
59886
7942.58
10597.4
1362.41
12897.5
0
0
0
8120.57
1676.27
2244.94
16233.7
16753.4
8256.38
1239.28
0
44560.8
29872.3
45228.3
6036.69
39144
10476.4
7425.53
18226.2
12063.5
24823.7
18103.1
7088.47
18451.5
2262.05
7589.05
27832.5
19033.1
1004.98
10584.9
3936.63
18469.4
14735.6
4676.66
174.508
11900.7
678.465
2110.39
0
4263.65
274.798
11052.9
1013.71
26134.1
2876.25
21021.5
16534.2
5892.65
373.577
4339.49
1803.24
38643.1
14501.2
26947.4
4938.2
5178.38
0
5794.91
2115.31
29668.8
9684.73
22867.5
420.324
464.38
1087.9
0
0
4303.9
16473.2
182.562
241.76
23888.7
5882.87
1868.23
0
26544.9
19417.2
23092.1
0
13233.9
3986.16
3808.45
8941.17
3704.65
12754.7
677.266
0
5079.04
13378.4
1361.13
0
2043.18
1393.91
19809.1
612.246
18292.6
758.414
385.972
0
5772.79
0
7397.07
5800.46
2538.55
0
0
1941.37
1730.42
12477.2
16520.4
0
2990.63
0
6039.3
19231.5
7152.83
4759.18
0
5169.33
6714.1
1853.91
0
0
27127.4
1375.97
27674
0
14897.8
3189.44
0
970.544
448.156
965.885
550.436
0
748.298
954.523
0
233.775
398305
126953
118354
96099.6
119345
67518.5
100052
54532.5
164471
23873.5
66492.7
17280.5
12552.7
49341.7
11868.5
21618.1
153515
146063
116988
23345.2
145252
14431.7
49768
35823.1
24648
7498.71
17668.7
2234.22
21679.8
16350.7
22305.7
6714.62
100683
45949.8
57630.7
15638.4
56751.5
38032.3
20765
31030.9
32990.3
22354.7
14371.3
28892.5
3789.1
23121.4
15219.9
741.309
189188
1641.38
13837.6
23986.1
26042.9
15615.9
8065.36
6196.85
31689.7
14758.7
37806.4
13314.6
1796.72
17721.1
1390.77
4495.91
122960
45730.5
57417.2
37281.3
67922.9
2778.69
96497.9
85895.9
48223.7
53862
50849.2
11389
65434.4
18560.9
15075.7
10834.5
107356
23201.5
10374.3
7369.66
42529.2
41522.4
9841.98
5624.5
27476.1
20742.2
9882.59
3346.04
38163.6
919.559
0
17938.6
69828.9
16567.8
26236.7
8638.89
56435.4
5769.3
17622.5
6917.57
45037.4
26442.3
8702.12
18485.1
7630.75
0
10471.1
1716.23
48204.2
10444.1
9516.99
11370.3
5261.59
20032.1
16193.5
1944.06
7440.34
95.4904
8664.2
7996.85
7663.92
7717.74
606.657
1940.28
143689
76952.9
110848
34202.7
70542.7
15043.2
24814.7
5739.04
86437.1
21357.5
20979.7
21266.4
21056.3
20049.7
30948.4
5086.84
65949.1
31381
38256.8
19742.5
13271.9
21421.2
9118.93
1242.61
17905.6
25163.3
11793.2
2080.38
3290.48
7203
5409.92
3162.72
125640
5768.2
33033.5
28821.3
33184.2
3773.61
1052.32
20941.4
7784.64
15093.7
17964
7345.29
8372.61
11835.4
15880.1
943.84
18306.6
15530.3
1107.54
7212.63
6001.91
4173.41
16532
0
21622
2869.69
3492.96
5023.35
9738.17
3228.39
477.75
5493.31
68747.1
47594.4
35128.2
19458.2
23761.3
35632.6
30989.8
8919.47
28168.5
3006.84
12089.6
1092.3
18337.9
47702.9
5291.95
477.783
21940.5
7286.82
29051.4
1227.19
12719.8
2993.62
8300.02
553.532
16004.5
4660.04
1012.02
4108.95
2588.31
1807.47
26352.2
13086.8
46205.2
14029.2
4316.49
8602.83
12001.1
4432.47
15939.8
1841.43
17195.3
26562.7
4912.85
7490.12
8690.39
4735.03
9377.75
969.762
0
4934.92
2194.58
657.116
44353.4
6454.93
3570.34
2695.49
25877.7
4965.08
9191.12
6365.42
3500.64
2598.15
4698.17
4010.43
239382
20693.4
105578
40434.8
65716.9
80854.7
21193.6
14199.2
54801.7
30751.9
44035.6
30982.8
32611.7
1442.1
9519.14
7467.13
47160.5
57801.1
33878.8
23400.4
6724.9
2810.97
21508
14018
23347.8
2979.96
22084.9
7285.5
4097.96
21882.3
6991.83
3459.32
85817.3
11112.4
31896
5901.17
41148
1936.64
11876.3
9659.37
14267.4
6818.05
10249
13137
33292.5
4518.82
5631.3
170.904
29314.8
21040.5
4413.32
0
38188.7
5830.43
1934.89
3938.69
33444.3
8278.33
20959.8
3180.38
7878.36
7259.87
28315.8
340.5
7177.05
37386.7
55820.7
20599.8
20682.5
21326.3
3466.36
0
58862.5
1573.5
8097.03
19276.7
0
32879.7
13774.4
3577.93
31025.6
14732.6
22522.8
7901.92
16614.6
4380.2
4675.27
271.616
13046.3
7324.41
1028.25
3276.28
2493.65
0
3035.02
0
1936.37
17196.2
5633.79
17257.7
7900.74
12121.6
0
0
12528.3
20045.6
5466.16
4539.56
6639.33
0
2542.91
5558.05
3271.45
14094.5
10854.4
0
3335.78
7023.41
3349.62
0
2686.88
167.665
2761.2
0
1919.63
447.774
0
3778.13
58643.7
70014.6
39080.3
13537.7
36282
11900.3
14721.1
4575.8
42548.6
21762.5
24986.5
24939.6
26590.1
10013.5
337.644
12317.8
41069.1
4508.96
19564.6
9437.67
5426.77
7642.46
16042.8
41873.6
16993.6
7797.48
7189.51
14095.9
434.527
2498.77
16172.4
2772.78
47223.4
34368.7
11163.8
4473.46
18385.6
2227.78
14418.6
2417.06
9731.43
1396.79
5536.42
3251.01
37334.5
1116.24
1197.01
0
813.514
1155.78
1632.35
818.814
4932.88
12168.4
17343.6
1195.68
1110.51
4687.58
6586.1
0
7291.58
598.865
1516.11
0
78609.3
576.969
19254.4
19247.4
20812.8
2591.22
7695.98
8983.7
30496.5
7433.83
5862.25
5024.61
11398.1
1337.07
7127.97
235.478
21754.6
803.519
18444.3
1652.08
3765.95
18342.1
7474.32
1192.86
17312.4
1177.93
3183.51
382.644
6585.69
498.358
490.2
398.04
19381
2672.98
0
294.846
8423.81
599.811
1806.57
0
332.203
2849.12
337.669
0
13412.3
4569.85
3258.83
0
13229.7
0
1726.15
0
16422.4
211.401
902.349
0
6893.39
4345.04
10059.2
0
0
0
0
2099.58
91714.2
45779.7
10667.3
52465
37072.7
28205.7
23393.5
21621.3
57967
19330.3
67023.1
3079.9
13788.1
4906.09
198.631
7705.27
91003.7
23736.9
86276
27722.2
25313.1
13375
11084.4
805.589
67544.8
31848
2274.06
251.183
7203.24
848.992
1551.68
29177.8
58347.8
8388.39
9921.94
3124.9
15820.5
15705.1
2707.55
2168.13
14899.2
5318.06
33039.8
22021.4
9959.79
11430.1
14158
238.81
11120
18193.6
35543.3
4980.99
4797.01
49116.4
230.994
7045.4
19281.4
203.651
2822.71
0
12030.4
14103.4
267.766
5373.04
82356.5
35575.1
31816.3
6940.34
23453.5
6476.06
19649.5
20406.5
11419.6
38019
13896.2
1892.67
18730.7
3198.77
13492.3
478.204
50077.2
13067.9
41805.5
6536.2
4275.78
6865.12
19118.1
2789.71
25602.1
19510.5
313.776
204.146
4275.72
786.378
0
1819.99
54295.5
1589.86
7055.4
360.064
17121
495.647
707.519
11881.8
2136.37
9709.99
7728.59
1221.46
3787
0
0
724.464
14168.3
12668.8
19112.8
1109.76
20985.2
2303.81
3176.91
3072.14
4423.48
287.623
6877.62
1770.2
0
0
2265.18
0
46111
13286.2
18521.7
4020.91
54925.3
21974.7
3294.14
3106.19
42693.1
7678.51
12245.5
14030.9
7080.64
5353.65
15324.9
0
52620.8
625.199
14143.4
7859.91
29915
7552.65
5568.08
5886.16
16321.3
3786.42
21907.7
2984.44
5560.5
0
5085.97
1370.4
75227.6
1074.9
13346.1
17351.7
11510.8
21972.1
3123.05
237.083
13648
1545.04
6420.5
1043.77
18342.2
8874.08
12330.9
5339.78
5648.47
1048.5
3621.56
15926
2481.59
202.494
0
2051.77
596.189
421.434
3558.77
0
3387.33
1207.51
0
522.813
39300.3
6668.63
9520.36
854.723
7051.94
3761.72
15381.3
537.434
33187.1
5043.02
20824.5
0
5881.85
9917.36
1249.14
680.287
29472.6
47098.6
12703.7
733.54
2411.45
0
15926
0
20272.2
18287.5
0
385.662
431.63
1025.01
536.885
2923.92
18334.5
851.706
6399.96
3060.74
6456.37
729.684
0
0
9749.94
0
238.386
2441.9
483.28
1251.49
1213.21
315.356
2089.89
3917.77
252.132
357.822
7408.34
5009.19
464.778
18853.4
10009.5
589.155
0
0
204.016
671.339
0
0
66900.4
22810
42294.2
21882.3
25420.4
8248.66
9248.4
584.682
68196.6
55886.4
22777.4
14021.6
16760.6
1739.55
1913.19
5469.81
29277.2
24353.6
21401.3
4526.12
10679.7
5840.2
8457.91
15926
11849.3
9712.76
1538.83
7968.5
170.91
2237.62
1275.72
746.131
9157.28
29567.8
2969.8
11212
9082.09
1204.69
2473.58
3248.88
23011.3
9511.58
6712.3
2106.23
10678
333.894
248.766
0
27759.3
16446.4
2769.89
231.079
536.51
18254
16726.8
2215.81
11092.6
1230.1
16204.2
8547.41
540.544
1820.19
515.735
0
31300.4
14430.4
10478.7
6153.67
41229.6
14033.4
12988.4
0
10858.8
5041.17
8234.31
1449.41
8598.44
868.706
0
0
2312.62
47949.7
4649.79
3410.6
3782.9
0
18941.6
746.604
3153.53
1068.03
15408.9
4351.75
0
1086.9
166.817
0
16030.2
0
483.266
3344.06
8717.05
17920.9
0
7332.98
1761.56
0
1599
1074.17
2592.43
0
0
0
1218.64
614.629
11730
0
5906.59
3492.46
0
0
4139.76
780.958
1090.69
1143.43
16259.3
0
1077.3
0
36978.1
14594.2
23764.8
17368.7
4337.16
3689.48
1517.77
0
7203.49
3023.37
3023.72
3652.62
2041.98
1740.21
2046.71
372.327
28440.5
32167.2
147.505
0
10807.5
5667.2
33110
1236.57
13065.5
3691.16
0
416.901
8751.28
1723.32
248.218
0
12599.3
4286
45690.2
3838.36
1906.4
5372.96
7001
0
17222.4
3160.16
2266.69
2732.45
16962.5
481.018
12584.9
2120.4
8462.82
0
1431.66
2472.94
1574.76
0
918.676
2184.33
9299.1
312.727
4200.35
0
7832.09
0
148.392
385.5
15367.6
3177.19
2417.59
2607.08
12537.5
4507.51
996.918
0
625.248
5166.96
1225.75
193.979
15926
610.932
0
0
15116.7
825.697
21519.8
0
0
5118.83
0
387.545
0
1048.13
3710
0
0
0
0
15926
19202.2
4805.35
609.752
0
455.444
297.542
2781
2136.69
0
0
389.627
0
0
1241.66
298.156
0
6706.35
12101.1
0
577.04
6237.46
0
0
719.598
1225.47
282.443
0
0
672.271
0
0
413.234
800995
121375
191956
55030.7
125306
97045.9
68376.2
25944.6
125023
72577
82085.3
49674.9
59545.7
5046.25
33406.7
4655.83
113292
42658.4
100688
16587.7
67226
24723
25380.3
22516.4
76089.5
25983.5
13160.1
38553.8
36796.3
10416.4
38185.3
3892.76
190634
40460.4
30931.9
63941.2
88887.1
14410.9
51294.4
596.14
39277.8
30825.2
29466
17763.8
33191.2
19671
34982.5
24988.5
120381
31066
32270
6034.83
43104.1
14109.8
33109.1
20048.7
1770.18
15456.8
13062.4
6878.72
19964
5630.59
16412.3
10874.2
248282
65973.3
80153.8
41038.1
27510.6
31542.2
7697.73
15742.4
85048.4
37451.8
19810.2
3685.33
20431.6
1452.86
16712.6
8635.87
33138.3
45964.2
25401.8
21138.3
27723.1
10084
1834.74
7271.89
8800.61
36873.3
21006.4
665.423
7540.52
16697.6
2608.83
2860.63
66259.3
37483.3
21929.7
4362.26
57375.9
6742.18
18583.1
11684
24436
9510.78
7405.58
0
18718.3
6093.49
14253.1
2920.58
16587.6
36521.1
48282.1
1084.07
13929.8
7633.22
1864.73
2869.99
7646.71
7014.86
25631.4
0
515.139
2559.09
0
1775.04
87808
141678
23618.1
37696.4
24313.4
59638.4
44886.5
3200.17
62618.7
4103.16
45387.7
6781.73
38563.8
29548.4
25039.7
2590.74
40967.1
10526.3
40693.5
11439.1
33458.4
9513.8
27389.5
1396.82
29765.1
7512.68
23263.4
2589.37
14470.5
17546.7
5152.48
2134.47
67792.9
37460.8
66120.6
2463.98
32552.3
3306.49
10087.6
6838.13
28642.8
30382.3
41956.2
17265.1
18727.2
11145.5
42309.4
310.543
38578
18676.9
2057.96
3953.34
15051.4
271.557
18056.7
550.458
18497.3
5539.45
12102.8
0
6313.61
35533.6
326.34
297.415
37009.9
37464.9
11609.3
4723.61
26796.1
11227.2
6189.75
2984.81
22280.8
21990.4
16117.5
35369.9
16800.2
41515
0
7596.93
7179
17024.6
12245.4
4018.6
3753.44
2241.72
735.201
1496.42
6094.52
11068.2
16734.3
1496.67
21709.3
15926
21011.1
810.856
41508.2
44620.9
8266.21
238.273
5074.32
306.556
16785.3
2838.58
9807.46
5554.28
891.151
2375.11
7369.13
6604.76
0
10027
20722.3
322.596
6538.83
1050.76
7310.34
26145
799.116
935.057
1824.2
617.138
242.068
6119.46
0
0
5479.57
524.553
201104
84520
48014.8
6800.4
31858.2
13178.5
50854.3
9529.58
96107.6
31991.5
27389.9
9487.88
25755.5
51824.8
31972
16461.2
40540.1
55186.1
30464.9
19295.2
25925.4
3754.99
10124.1
132.75
24854.8
19534.5
11296.6
3403.34
5822.38
18508.8
17183.9
2292.53
43999.9
1138.59
28108.5
12297.6
27417.9
2817.89
38428.9
18138.5
53106.1
5041.69
31350.5
1476.08
44564.3
371.282
7792.39
21720
44818.5
14270.5
13633.8
50089.3
2909.17
15098.4
22758.2
4540.37
35602.5
368.29
22177
1057.56
22079.5
6603.42
4372.19
0
24427.1
29246.5
16291.6
5345.12
11777
11472.8
13506.3
32193.4
43195.1
30789.7
3351.12
2155.93
15739.3
15699.5
7850.75
1159.35
39895.4
11228.6
2687.13
1410.02
13483
9264.96
4781.15
15181.7
31510.5
4848.96
1585.8
7893.27
10539
402.381
0
478.453
32805.1
6831.56
0
3446.54
6354.5
2755.63
2489.39
0
35386.4
19223.3
609.091
0
10454.8
10837.7
15317.7
30103.3
18265.7
1741.12
7531.91
954.184
9591.43
273.32
0
16291.7
28537
2380.39
572.472
4947.2
2609.92
5407.15
15926
9366.34
108988
46919.1
44442.6
21885.8
40498
2967.56
14286.1
5381.74
11850.8
8223.45
49886.3
8757.06
21683.3
4213.7
1455
2082.12
50578.7
5266.66
6768.19
8482.51
5947.58
21231.7
2102.83
623.565
32872.9
8848.95
2633.72
2805.49
6956.19
8378.83
3429.95
0
18747.7
13914.4
10688.9
24712.5
23914.1
22090.9
0
4075.06
52902.3
820.062
0
17449.2
18169.1
0
11922.7
0
3995.66
15290.2
31323.5
1613.8
1194.04
2580.76
3876.1
2299.15
1340.71
2866.64
259.092
4512.08
545.972
0
616.889
4808.21
24177.7
2561.42
999.703
2164.74
4921.4
398.221
2225.11
14978.9
11503.8
20843.8
2018.82
8624.49
6946.65
16766.5
0
1001.19
3696.35
14950.6
14668.2
2229.83
4361.21
0
21528.8
4933.36
9130.96
0
2028.04
446.53
17270.4
5840.24
488.214
0
10379.7
17404.8
11214.5
11361.9
0
422.164
6336.35
4908.25
16037
3461.73
11290.4
17060.5
3164.06
7948.13
2055.91
0
11291
5386.72
769.79
0
4187.03
0
217.408
1134.94
2555.27
1014.33
259.78
0
3911.35
0
0
3440.68
135451
33038.2
34685
37697.8
40054.2
45280.9
24062.8
5481.11
42747.1
12359.5
15988.2
34632.2
59980
14271.1
51186.8
21630
94010.6
23420.9
13185.3
4594.48
32599.9
11763.3
22416.3
5792.96
63588.9
15243.9
8070.41
3174.02
20942.4
2572.67
3516.29
0
107512
89366
48494.1
3446.09
19637.2
42269.5
14240.6
24399.4
24130.5
3060.54
16607.5
2360.2
15295.6
13745.2
38951
275.207
28498.4
26229.6
40611.8
0
4147.36
25517.2
6349.52
1760.01
4068.2
2649.01
7665.19
1638.89
1853.5
2861.48
3035.37
782.844
166489
32553.5
34151.2
6687.67
33420.4
31317.2
7118.38
2478.88
74796.1
315.013
9553.92
32300
5472.61
447.027
4633.46
8445.62
4028.68
754.248
1951.52
2192.83
8146.14
4143.29
847.646
0
26253
11100.4
2397.83
0
4530.41
20710.4
2503.72
1465.51
31021
18530.5
6985.36
1876.27
17220.3
12540.7
6288.76
3858.58
10520.9
8608.41
8855
470.634
6066.11
1249.23
7084.98
0
7064.08
26149.9
10141.2
3780.72
11743
9357.71
6565.9
13666.7
7310.99
6781.11
27671.1
996.466
1441.33
4616.39
5211.02
1608.26
69751.7
28922.5
54343.5
6229.2
33898.3
4770.58
36084.6
4058.08
41186.8
1807.87
2642.97
6970.45
16628.5
25187.9
8690.85
4379.62
25283.1
47226.9
15504.1
51804.5
2023.87
0
6385.01
4314.71
12856.9
63898.1
5426.51
1818.07
8865.29
16286.8
4850.51
2192.3
54873.9
13003.4
8931.1
10594.4
8862.36
9369.17
409.227
3619.48
17444.7
7107.24
35271.4
1029.1
8747.51
1571.26
9794.18
2544.24
6791.25
18591.2
446.548
1433.76
2802.92
2678.42
546.419
0
1628.73
10229.3
843.695
0
5950.59
4288.24
1628.63
0
54538.5
17589.4
16384.6
13416.5
8799.45
4564.58
27769.4
7853.18
20726.3
25041.8
6218.36
4151.6
4804.88
419.732
709.336
0
4228.87
2374.51
9656.53
0
3577.51
689.476
1739.6
5648.51
2177.85
1994.26
0
0
1066.76
16207
2113.09
1043.18
42469.6
13014.9
17531.3
0
7550.77
4236.62
4032.23
5897.06
12345.4
225.029
1117.97
2029.71
22091.2
0
0
811.885
0
3397.42
0
405.071
7228.72
544.584
0
0
341.624
5754.33
0
240.464
17257.7
0
0
0
60280.4
61433.5
72501
8757.93
11863.9
13249.7
1949.45
10976.5
46970.2
14618.7
17823.7
5540.67
23749.2
7718.47
7757.12
1870.2
34858.3
5512.34
4475.5
1713.89
17638.4
5306.57
20347.3
4231.84
3535.27
6526.05
24541.1
1266.35
23636.3
2573.42
1575.24
2070.09
42142.9
15967.1
282.421
1369.96
11371.6
3614.08
11820.2
10294.5
13477.3
9352.77
4597.36
7980.61
30549.4
0
12787.3
714.381
21522.2
6482.14
6423.49
1967.23
1587.98
3163.5
222.826
0
1942.98
17281.9
4105.92
0
3775.75
0
1134.68
0
25888.7
12330.4
6248.25
2421.93
40774.3
0
4537.18
775.968
18132.8
18390.3
1676
6673.8
1552.77
1180.3
478.737
0
4907.27
0
5119.38
242.552
411.067
3810.83
3456.82
16482.9
7774.45
0
8610.4
5525.25
1489.99
1031.95
10768.1
0
5714.94
471.15
0
3090.04
4347.18
932.157
7943.64
0
8915.84
773.515
4488.7
0
26599.1
513.512
1007.53
3526.31
0
718.237
35389.2
21201.7
1037.01
0
1863.99
0
0
2846.06
2197.67
0
3190.59
7550.58
2042.71
0
24546.6
39760.5
6282.19
3456.52
30046.2
1124.63
13583.7
3623.37
19840
769.605
11803.2
727.696
1372.94
3080.95
0
1156.06
7443.67
9292.67
11848.8
804.596
7727.95
0
173.307
0
3994.83
3723.73
3079.53
237.173
12811.9
0
1003.23
136.282
2139.15
17609.6
11211.1
0
2279.14
11304.8
725.728
3503.28
2367.1
24291.6
2014.66
836.887
0
931.243
1440.6
2563.68
1922.6
15994.4
960.085
0
897.461
260.864
0
0
10449.8
0
0
412.023
0
288.817
768.025
283.86
6315.28
26203.2
42207.6
0
991.311
2247.89
1019.42
19580.8
7297.68
0
14794.6
444.75
6736.65
298.657
15265.7
0
9363.45
325.833
1029.38
2188.31
4411.65
12850
0
0
351.336
10681.5
0
5313.94
6547.64
0
0
1154.74
14374.2
3470.82
3935.52
16962.8
5997.12
0
0
0
0
213.136
16689.6
0
11797.1
0
389.553
0
17703.5
543.337
241.354
811.775
2491.43
0
0
0
8351.27
0
0
0
0
0
0
0
134331
43695.2
109239
53545.7
107144
4189.84
14152.7
17730.4
57386.3
36617.2
22899.3
7769.81
23796
7171.79
4165.64
2369.87
92837.7
27394.6
50946.9
14590.3
4897.91
8870.31
7118.82
9416.1
22489.8
11100.3
1190.62
3783.45
10783.5
5181.01
8723.9
20497.4
85606
6554.04
48234.5
13604.5
19491.8
9289.34
27501.1
9871.73
23163.2
31845.8
8303.1
10744
19403.1
1571.25
5424.87
16155
14797
33143.8
59848
2446.98
3416.3
3502.42
5734.52
0
10909.3
7334.68
18348.9
2954.37
30219.3
431.115
7949.44
5600.48
137913
18772
5726.49
43213.7
6421.75
46765.8
33673.9
7093.88
43870.4
2422.81
6412.35
9192.28
13189.6
4074.94
467.639
606.996
56126.2
13825.2
35256.4
2603.05
1528.02
4623.2
3360.92
8375.6
2925.28
1001.8
6494.89
372.628
1227.1
2374.02
3847.99
4720.98
23561.1
49054.3
67616.4
21482.1
4855.31
24243.8
25277.9
229.605
14544.6
4305.1
2131.96
19214.1
34095.7
2404.74
3729.72
0
12937.7
11640.9
14658.8
496.005
5023.44
556.031
7475.93
2068.15
5094.94
0
3409.99
0
18205.8
5624.54
957.66
0
76457
28451.4
44294.2
3824.67
88008.4
24663.5
6960.06
1603.92
58318
5905.01
21549.2
9168.9
5315.79
9511.59
4828.66
24644.5
43431
2651.56
19431.3
25810
14420
1144.18
5271.07
0
34991.6
4636.04
22313.1
421.89
3923.67
11384.6
2780.84
876.437
17901.5
30507.7
6991.24
13830.8
9903.88
15872.7
20174.5
0
13482.9
6843.69
10703.4
423.985
3013.37
330.537
2862.21
0
45011.4
18179.5
1877.94
3933.88
5317.59
2753.62
10096.2
0
6557.31
8228.46
259.217
0
313.808
2456.2
0
0
23895.6
1359.36
17745.8
20139.7
34525.3
11672.3
10463.1
1663.46
14253
19333.5
1386.57
16622.8
4040.38
2197.95
0
510.45
60867.3
8062.61
3184.05
2110.13
8389.92
32568.7
3123.04
770.531
3596.5
277.442
3115.72
6547.9
364.214
0
5765.11
0
20325.1
124.259
7904.07
2808.03
6004.37
0
4100.32
897.328
0
0
396.433
1776.22
0
0
4156.28
0
3122.39
0
1141.39
31848
0
918.49
1011.55
368.236
0
0
2543.64
0
2220.04
0
0
0
132263
9881.01
42702.8
12814.1
33263.2
2304.69
2452.9
16535.1
2840.59
4355.93
21118.7
15926
17383.4
4516.07
9180.56
7406.96
57314
0
23344.9
12742
8112.66
4229.51
1863.46
2446.6
5636.12
457.04
4948.85
4081.59
6039.99
20704.2
1788.63
3589.65
16348.4
2042.94
29397.8
13771.7
21410.3
2893.4
593.335
26298.4
17035.3
7292.12
3203.55
23230
17430.8
615.301
0
15926
24893.4
1429.94
22001.9
12763.9
27858.9
0
14193.6
1244.54
20898.3
708.15
4967.24
0
19996.9
868.715
3482.35
0
29015.3
3022.31
6717.33
23876.9
13676
9406.28
4482.92
7957.74
10259.9
9409.31
4537.36
4295.01
16579.2
261.715
5831.81
0
15548.7
5393.02
3305.58
7730.92
4895.72
3888.81
3356.91
0
19169.9
14036.9
2787.7
0
5551.42
2476.5
3922.75
705.466
1484.17
1567.74
7140.33
0
13505
27298.2
41111.4
16290.4
16750.1
8322.62
149.698
1076.58
14478.8
0
935.548
0
17690.9
3082.96
590.144
1754.92
1300.82
1106.78
0
2288.7
2841.48
824.516
0
206.773
16831.8
0
208.477
0
7963
32906.4
13930.2
3787.24
7810.87
2805.24
925.849
0
19836.3
10873.2
3940.79
6234.29
1160.38
0
17680.1
6403.78
1839.28
2397.03
18954
369.11
1380.33
0
330.936
15766.3
1238.52
5594.12
0
0
1217.87
2197.32
641.102
0
3053.5
22299.5
2000.56
19389.5
6768.31
2887.62
6393.43
685.912
6474.17
0
2290.65
573.36
860.267
879.035
654.182
0
4116.39
0
15926
0
10993.8
3790.41
200.443
445.249
7555.19
167.445
538.356
266.474
2083.68
0
163.478
0
8824.98
0
960.568
2981.12
1831.65
29673.9
1938.06
919.349
491.905
7344.44
2577.33
793.266
983.412
4539.98
4595.41
0
0
818.879
7465.43
1394.58
248.659
0
298.523
0
4140.6
0
857.076
0
14048.5
2880.01
0
15926
5214.16
1786.49
3388.76
17772
4027.03
0
269.58
348.906
17238.7
18802.8
3385.65
0
1399.09
0
0
0
8307.14
360.983
0
402.712
2028.28
0
0
0
1577.66
0
188.929
0
0
2007.46
0
15926
116381
32230.1
14379.1
13608.8
13314.6
43263.2
11882.8
1350.37
49839.1
32082.7
52218.7
211.719
4132.61
981.082
15709.8
6712.5
42919.4
31586.5
4750.35
1578.24
11923.1
6963.12
4257.02
5674.82
19397.1
17458.6
265.166
10262.6
25723.9
0
7874.45
0
38034
26691.3
16107
816.645
13490.7
373.853
19575.8
1369.29
11771.7
3154.21
8302.77
2870.39
21501.2
5417.32
13879.2
0
25121
10051
1740.29
2466.38
22572.4
798.124
1129.28
860.415
3356.9
0
29591
6247.95
3846.79
1397
17449.8
0
21459.1
1346.29
47641.2
695.925
25225.7
2373.1
1560.93
956.694
9029.53
15071.1
1395.97
6171.21
4252.02
10700.2
1495.26
0
14094.2
15862.2
12381.6
1211.22
2195.91
8825.38
19281.1
2422.12
378.86
1072.14
2889.06
16469.9
6209.1
0
3393.72
0
9673.43
6270.22
328.771
4159.54
6312.06
1606.01
1599.27
296.853
517.171
11155.9
2758.67
16679.3
566.75
481.067
2645.14
307.411
22806.3
0
407.23
894.203
17448.4
4019.94
0
16329.6
18608.7
3697.36
258.786
0
0
1722.66
0
0
56998.6
2567.05
4884.96
18276.2
21985.5
12500.1
36978.1
1596.56
9152
4478.38
5384.2
13097
5725.65
2828.86
17129
0
215.522
266.317
11955.4
15926
1780.44
1659.73
897.681
813.813
2864.01
6688.69
496.745
4436.33
1262.98
2926.17
0
0
15756.3
7860.25
46506.1
31848
35985.9
6269.82
645.59
2117.01
4769.83
2467.29
0
988.049
0
415.081
2411.65
0
5010.27
15926
9721.32
158.89
1505.42
1026.1
6167.06
0
0
0
529.92
247.885
2555.43
0
0
0
11699
18201.5
7965.55
1532.22
19131.7
518.51
368.676
3083.09
17473.3
2841.05
13387.2
0
2338.38
0
0
0
3911.21
2506.2
17182.7
263.485
4843.5
0
370.722
475.644
740.127
0
0
0
0
15926
0
0
403.062
0
12416.3
301.838
172.699
0
0
0
3382.26
10172.1
0
0
0
0
0
0
365.653
0
5738.94
177.75
0
1144.3
0
0
1331.71
0
0
0
0
0
0
0
66609.8
2530.1
9915.25
0
10182.4
6204.53
5504.13
0
3172.3
4362.51
11095.9
9735.22
2346.64
0
2988.24
206.794
11759.3
6696.98
5440.11
4434.16
10331.3
370.918
1135.63
0
15948
5341.7
1963.37
3906.74
0
254.313
11782.4
3760.22
25737.5
32076.6
455.539
1246.05
5578.32
30408.7
751.755
311.597
22482.2
2676.92
5172.35
0
276.128
940.724
0
0
7383.22
5448.49
1896.65
0
0
1125.02
0
3591.94
8984.68
4822.73
6049.09
0
0
925.362
0
0
7209.42
4289.57
3116.9
5849.29
8409.81
4822.39
1239.78
0
22869.7
2970.27
298.619
1217.37
0
966.308
787.723
16436.5
0
1295.84
5645.72
4065.67
1574.73
12518
0
0
1003.5
824.259
1237.18
588.797
0
0
1055.76
2467.5
22332.9
496.152
16963.6
0
243.378
1052.45
0
0
9590.29
10228.1
0
465.87
0
0
1002.79
885.478
4922.73
0
3601.74
0
18036.6
362.123
0
321.613
341.546
950.03
2060.22
0
16691.6
0
0
1647.85
14382.3
11147.2
12788.9
23467.2
11225.7
7195.4
15926
20101.3
1703.38
0
16924.4
15926
16097.5
231.43
327.814
0
33228.2
11357.6
4577.83
19344.4
192.04
802.428
2388.22
0
18104.8
3153.1
0
2304.17
234.677
7824.34
0
0
3230.55
0
0
366.992
18593.6
307.476
0
0
4066.75
0
1390.99
236.44
0
0
252.13
1144.39
7915.87
1598.42
320.751
0
5535.43
0
178.433
0
0
1693.23
0
814.025
0
0
2001.2
0
4891.58
0
0
6260.03
9109.23
1938.54
0
422.946
24958.3
0
0
556.749
321.274
0
0
0
1453.95
8255.61
0
769.378
0
1424.16
0
2425.44
396.225
0
5043.34
0
0
0
0
0
1076.78
314.1
365.928
0
2105.95
0
0
0
669.101
1941.24
0
0
0
0
0
0
0
0
230.755
0
5295.25
329.21
0
0
0
0
0
483.181
0
0
0
0
no error
Mem Used: 201949188
Time(usec): 5743033
Total Time(usec): 5762155
